# JRE version: OpenJDK Runtime Environment (11.0.8+10) (build 11.0.8+10-b944.6842174)
# Java VM: OpenJDK 64-Bit Server VM (11.0.8+10-b944.6842174, mixed mode, tiered, compressed oops, g1 gc, windows-amd64)
Heap:
 garbage-first heap   total 189440K, used 108898K [0x0000000080000000, 0x0000000100000000)
  region size 1024K, 5 young (5120K), 4 survivors (4096K)
 Metaspace       used 106245K, capacity 109258K, committed 109476K, reserved 1144832K
  class space    used 13647K, capacity 14771K, committed 14848K, reserved 1048576K
GC Heap History (20 events):
Event: 10.391 GC heap before
{Heap before GC invocations=19 (full 0):
 garbage-first heap   total 189440K, used 140218K [0x0000000080000000, 0x0000000100000000)
  region size 1024K, 74 young (75776K), 5 survivors (5120K)
 Metaspace       used 85402K, capacity 87295K, committed 87552K, reserved 1124352K
  class space    used 11055K, capacity 11731K, committed 11776K, reserved 1048576K
}
Event: 10.399 GC heap after
{Heap after GC invocations=20 (full 0):
 garbage-first heap   total 189440K, used 74839K [0x0000000080000000, 0x0000000100000000)
  region size 1024K, 9 young (9216K), 9 survivors (9216K)
 Metaspace       used 85402K, capacity 87295K, committed 87552K, reserved 1124352K
  class space    used 11055K, capacity 11731K, committed 11776K, reserved 1048576K
}
Event: 69.692 GC heap before
{Heap before GC invocations=20 (full 0):
 garbage-first heap   total 189440K, used 147543K [0x0000000080000000, 0x0000000100000000)
  region size 1024K, 80 young (81920K), 9 survivors (9216K)
 Metaspace       used 90736K, capacity 92852K, committed 92928K, reserved 1130496K
  class space    used 11564K, capacity 12287K, committed 12288K, reserved 1048576K
}
Event: 69.702 GC heap after
{Heap after GC invocations=21 (full 0):
 garbage-first heap   total 189440K, used 79628K [0x0000000080000000, 0x0000000100000000)
  region size 1024K, 10 young (10240K), 10 survivors (10240K)
 Metaspace       used 90736K, capacity 92852K, committed 92928K, reserved 1130496K
  class space    used 11564K, capacity 12287K, committed 12288K, reserved 1048576K
}
Event: 71.456 GC heap before
{Heap before GC invocations=21 (full 0):
 garbage-first heap   total 189440K, used 148236K [0x0000000080000000, 0x0000000100000000)
  region size 1024K, 78 young (79872K), 10 survivors (10240K)
 Metaspace       used 92356K, capacity 94590K, committed 94720K, reserved 1132544K
  class space    used 11743K, capacity 12530K, committed 12544K, reserved 1048576K
}
Event: 71.464 GC heap after
{Heap after GC invocations=22 (full 0):
 garbage-first heap   total 189440K, used 82090K [0x0000000080000000, 0x0000000100000000)
  region size 1024K, 8 young (8192K), 8 survivors (8192K)
 Metaspace       used 92356K, capacity 94590K, committed 94720K, reserved 1132544K
  class space    used 11743K, capacity 12530K, committed 12544K, reserved 1048576K
}
Event: 193.321 GC heap before
{Heap before GC invocations=22 (full 0):
 garbage-first heap   total 189440K, used 150698K [0x0000000080000000, 0x0000000100000000)
  region size 1024K, 76 young (77824K), 8 survivors (8192K)
 Metaspace       used 93295K, capacity 95583K, committed 95872K, reserved 1132544K
  class space    used 11793K, capacity 12592K, committed 12672K, reserved 1048576K
}
Event: 193.328 GC heap after
{Heap after GC invocations=23 (full 0):
 garbage-first heap   total 189440K, used 82203K [0x0000000080000000, 0x0000000100000000)
  region size 1024K, 7 young (7168K), 7 survivors (7168K)
 Metaspace       used 93295K, capacity 95583K, committed 95872K, reserved 1132544K
  class space    used 11793K, capacity 12592K, committed 12672K, reserved 1048576K
}
Event: 197.798 GC heap before
{Heap before GC invocations=23 (full 0):
 garbage-first heap   total 189440K, used 149787K [0x0000000080000000, 0x0000000100000000)
  region size 1024K, 74 young (75776K), 7 survivors (7168K)
 Metaspace       used 94495K, capacity 97033K, committed 97280K, reserved 1134592K
  class space    used 11950K, capacity 12800K, committed 12800K, reserved 1048576K
}
Event: 197.803 GC heap after
{Heap after GC invocations=24 (full 0):
 garbage-first heap   total 189440K, used 84496K [0x0000000080000000, 0x0000000100000000)
  region size 1024K, 3 young (3072K), 3 survivors (3072K)
 Metaspace       used 94495K, capacity 97033K, committed 97280K, reserved 1134592K
  class space    used 11950K, capacity 12800K, committed 12800K, reserved 1048576K
}
Event: 198.342 GC heap before
{Heap before GC invocations=24 (full 0):
 garbage-first heap   total 189440K, used 153104K [0x0000000080000000, 0x0000000100000000)
  region size 1024K, 71 young (72704K), 3 survivors (3072K)
 Metaspace       used 95646K, capacity 98204K, committed 98304K, reserved 1134592K
  class space    used 12094K, capacity 12993K, committed 13056K, reserved 1048576K
}
Event: 198.349 GC heap after
{Heap after GC invocations=25 (full 0):
 garbage-first heap   total 189440K, used 89307K [0x0000000080000000, 0x0000000100000000)
  region size 1024K, 8 young (8192K), 8 survivors (8192K)
 Metaspace       used 95646K, capacity 98204K, committed 98304K, reserved 1134592K
  class space    used 12094K, capacity 12993K, committed 13056K, reserved 1048576K
}
Event: 198.794 GC heap before
{Heap before GC invocations=25 (full 0):
 garbage-first heap   total 189440K, used 157915K [0x0000000080000000, 0x0000000100000000)
  region size 1024K, 72 young (73728K), 8 survivors (8192K)
 Metaspace       used 100677K, capacity 103444K, committed 103680K, reserved 1138688K
  class space    used 12812K, capacity 13799K, committed 13824K, reserved 1048576K
}
Event: 198.808 GC heap after
{Heap after GC invocations=26 (full 0):
 garbage-first heap   total 189440K, used 101984K [0x0000000080000000, 0x0000000100000000)
  region size 1024K, 9 young (9216K), 9 survivors (9216K)
 Metaspace       used 100677K, capacity 103444K, committed 103680K, reserved 1138688K
  class space    used 12812K, capacity 13799K, committed 13824K, reserved 1048576K
}
Event: 198.981 GC heap before
{Heap before GC invocations=26 (full 0):
 garbage-first heap   total 189440K, used 124512K [0x0000000080000000, 0x0000000100000000)
  region size 1024K, 32 young (32768K), 9 survivors (9216K)
 Metaspace       used 104488K, capacity 107569K, committed 107648K, reserved 1142784K
  class space    used 13484K, capacity 14648K, committed 14720K, reserved 1048576K
}
Event: 198.994 GC heap after
{Heap after GC invocations=27 (full 0):
 garbage-first heap   total 189440K, used 105715K [0x0000000080000000, 0x0000000100000000)
  region size 1024K, 3 young (3072K), 3 survivors (3072K)
 Metaspace       used 104488K, capacity 107569K, committed 107648K, reserved 1142784K
  class space    used 13484K, capacity 14648K, committed 14720K, reserved 1048576K
}
Event: 199.319 GC heap before
{Heap before GC invocations=28 (full 0):
 garbage-first heap   total 189440K, used 142579K [0x0000000080000000, 0x0000000100000000)
  region size 1024K, 39 young (39936K), 3 survivors (3072K)
 Metaspace       used 105869K, capacity 108900K, committed 109220K, reserved 1144832K
  class space    used 13597K, capacity 14723K, committed 14848K, reserved 1048576K
}
Event: 199.325 GC heap after
{Heap after GC invocations=29 (full 0):
 garbage-first heap   total 189440K, used 107160K [0x0000000080000000, 0x0000000100000000)
  region size 1024K, 5 young (5120K), 5 survivors (5120K)
 Metaspace       used 105869K, capacity 108900K, committed 109220K, reserved 1144832K
  class space    used 13597K, capacity 14723K, committed 14848K, reserved 1048576K
}
Event: 199.333 GC heap before
{Heap before GC invocations=29 (full 0):
 garbage-first heap   total 189440K, used 111256K [0x0000000080000000, 0x0000000100000000)
  region size 1024K, 9 young (9216K), 5 survivors (5120K)
 Metaspace       used 105944K, capacity 108964K, committed 109476K, reserved 1144832K
  class space    used 13615K, capacity 14723K, committed 14848K, reserved 1048576K
}
Event: 199.339 GC heap after
{Heap after GC invocations=30 (full 0):
 garbage-first heap   total 189440K, used 106174K [0x0000000080000000, 0x0000000100000000)
  region size 1024K, 2 young (2048K), 2 survivors (2048K)
 Metaspace       used 105944K, capacity 108964K, committed 109476K, reserved 1144832K
  class space    used 13615K, capacity 14723K, committed 14848K, reserved 1048576K
}

