# JRE version: OpenJDK Runtime Environment (11.0.8+10) (build 11.0.8+10-b944.6842174)
# Java VM: OpenJDK 64-Bit Server VM (11.0.8+10-b944.6842174, mixed mode, tiered, compressed oops, g1 gc, windows-amd64)
Heap:
 garbage-first heap   total 322560K, used 154308K [0x0000000080000000, 0x0000000100000000)
  region size 1024K, 3 young (3072K), 3 survivors (3072K)
 Metaspace       used 91117K, capacity 93239K, committed 93440K, reserved 1130496K
  class space    used 11887K, capacity 12674K, committed 12800K, reserved 1048576K
GC Heap History (20 events):
Event: 5.557 GC heap after
{Heap after GC invocations=13 (full 0):
 garbage-first heap   total 189440K, used 55605K [0x0000000080000000, 0x0000000100000000)
  region size 1024K, 10 young (10240K), 10 survivors (10240K)
 Metaspace       used 65014K, capacity 66360K, committed 66560K, reserved 1107968K
  class space    used 8328K, capacity 8850K, committed 8960K, reserved 1048576K
}
Event: 6.281 GC heap before
{Heap before GC invocations=13 (full 0):
 garbage-first heap   total 189440K, used 136501K [0x0000000080000000, 0x0000000100000000)
  region size 1024K, 89 young (91136K), 10 survivors (10240K)
 Metaspace       used 74332K, capacity 75909K, committed 76160K, reserved 1116160K
  class space    used 9698K, capacity 10277K, committed 10368K, reserved 1048576K
}
Event: 6.289 GC heap after
{Heap after GC invocations=14 (full 0):
 garbage-first heap   total 189440K, used 60009K [0x0000000080000000, 0x0000000100000000)
  region size 1024K, 10 young (10240K), 10 survivors (10240K)
 Metaspace       used 74332K, capacity 75909K, committed 76160K, reserved 1116160K
  class space    used 9698K, capacity 10277K, committed 10368K, reserved 1048576K
}
Event: 6.984 GC heap before
{Heap before GC invocations=14 (full 0):
 garbage-first heap   total 189440K, used 141929K [0x0000000080000000, 0x0000000100000000)
  region size 1024K, 91 young (93184K), 10 survivors (10240K)
 Metaspace       used 79262K, capacity 81183K, committed 81408K, reserved 1120256K
  class space    used 10327K, capacity 11005K, committed 11008K, reserved 1048576K
}
Event: 6.995 GC heap after
{Heap after GC invocations=15 (full 0):
 garbage-first heap   total 189440K, used 66707K [0x0000000080000000, 0x0000000100000000)
  region size 1024K, 11 young (11264K), 11 survivors (11264K)
 Metaspace       used 79262K, capacity 81183K, committed 81408K, reserved 1120256K
  class space    used 10327K, capacity 11005K, committed 11008K, reserved 1048576K
}
Event: 7.540 GC heap before
{Heap before GC invocations=15 (full 0):
 garbage-first heap   total 189440K, used 144531K [0x0000000080000000, 0x0000000100000000)
  region size 1024K, 88 young (90112K), 11 survivors (11264K)
 Metaspace       used 81251K, capacity 83182K, committed 83456K, reserved 1122304K
  class space    used 10537K, capacity 11226K, committed 11264K, reserved 1048576K
}
Event: 7.552 GC heap after
{Heap after GC invocations=16 (full 0):
 garbage-first heap   total 189440K, used 71750K [0x0000000080000000, 0x0000000100000000)
  region size 1024K, 6 young (6144K), 6 survivors (6144K)
 Metaspace       used 81251K, capacity 83182K, committed 83456K, reserved 1122304K
  class space    used 10537K, capacity 11226K, committed 11264K, reserved 1048576K
}
Event: 7.931 GC heap before
{Heap before GC invocations=16 (full 0):
 garbage-first heap   total 189440K, used 155718K [0x0000000080000000, 0x0000000100000000)
  region size 1024K, 81 young (82944K), 6 survivors (6144K)
 Metaspace       used 85049K, capacity 87119K, committed 87296K, reserved 1124352K
  class space    used 11023K, capacity 11757K, committed 11776K, reserved 1048576K
}
Event: 7.938 GC heap after
{Heap after GC invocations=17 (full 0):
 garbage-first heap   total 189440K, used 85579K [0x0000000080000000, 0x0000000100000000)
  region size 1024K, 11 young (11264K), 11 survivors (11264K)
 Metaspace       used 85049K, capacity 87119K, committed 87296K, reserved 1124352K
  class space    used 11023K, capacity 11757K, committed 11776K, reserved 1048576K
}
Event: 8.011 GC heap before
{Heap before GC invocations=17 (full 0):
 garbage-first heap   total 189440K, used 105035K [0x0000000080000000, 0x0000000100000000)
  region size 1024K, 22 young (22528K), 11 survivors (11264K)
 Metaspace       used 86360K, capacity 88436K, committed 88576K, reserved 1126400K
  class space    used 11192K, capacity 11943K, committed 12032K, reserved 1048576K
}
Event: 8.018 GC heap after
{Heap after GC invocations=18 (full 0):
 garbage-first heap   total 189440K, used 92815K [0x0000000080000000, 0x0000000100000000)
  region size 1024K, 4 young (4096K), 4 survivors (4096K)
 Metaspace       used 86360K, capacity 88436K, committed 88576K, reserved 1126400K
  class space    used 11192K, capacity 11943K, committed 12032K, reserved 1048576K
}
Event: 8.259 GC heap before
{Heap before GC invocations=19 (full 0):
 garbage-first heap   total 189440K, used 136847K [0x0000000080000000, 0x0000000100000000)
  region size 1024K, 43 young (44032K), 4 survivors (4096K)
 Metaspace       used 86870K, capacity 88862K, committed 89472K, reserved 1126400K
  class space    used 11240K, capacity 11962K, committed 12160K, reserved 1048576K
}
Event: 8.273 GC heap after
{Heap after GC invocations=20 (full 0):
 garbage-first heap   total 227328K, used 109855K [0x0000000080000000, 0x0000000100000000)
  region size 1024K, 6 young (6144K), 6 survivors (6144K)
 Metaspace       used 86870K, capacity 88862K, committed 89472K, reserved 1126400K
  class space    used 11240K, capacity 11962K, committed 12160K, reserved 1048576K
}
Event: 8.539 GC heap before
{Heap before GC invocations=21 (full 0):
 garbage-first heap   total 227328K, used 162079K [0x0000000080000000, 0x0000000100000000)
  region size 1024K, 57 young (58368K), 6 survivors (6144K)
 Metaspace       used 88842K, capacity 90810K, committed 91008K, reserved 1128448K
  class space    used 11599K, capacity 12330K, committed 12416K, reserved 1048576K
}
Event: 8.565 GC heap after
{Heap after GC invocations=22 (full 0):
 garbage-first heap   total 227328K, used 136398K [0x0000000080000000, 0x0000000100000000)
  region size 1024K, 8 young (8192K), 8 survivors (8192K)
 Metaspace       used 88842K, capacity 90810K, committed 91008K, reserved 1128448K
  class space    used 11599K, capacity 12330K, committed 12416K, reserved 1048576K
}
Event: 8.732 GC heap before
{Heap before GC invocations=22 (full 0):
 garbage-first heap   total 227328K, used 169166K [0x0000000080000000, 0x0000000100000000)
  region size 1024K, 40 young (40960K), 8 survivors (8192K)
 Metaspace       used 90069K, capacity 92123K, committed 92416K, reserved 1128448K
  class space    used 11764K, capacity 12510K, committed 12544K, reserved 1048576K
}
Event: 8.767 GC heap after
{Heap after GC invocations=23 (full 0):
 garbage-first heap   total 227328K, used 153600K [0x0000000080000000, 0x0000000100000000)
  region size 1024K, 5 young (5120K), 5 survivors (5120K)
 Metaspace       used 90069K, capacity 92123K, committed 92416K, reserved 1128448K
  class space    used 11764K, capacity 12510K, committed 12544K, reserved 1048576K
}
Event: 9.005 GC heap before
{Heap before GC invocations=23 (full 0):
 garbage-first heap   total 227328K, used 167936K [0x0000000080000000, 0x0000000100000000)
  region size 1024K, 28 young (28672K), 5 survivors (5120K)
 Metaspace       used 90877K, capacity 92919K, committed 93056K, reserved 1130496K
  class space    used 11869K, capacity 12636K, committed 12672K, reserved 1048576K
}
Event: 9.018 GC heap after
{Heap after GC invocations=24 (full 0):
 garbage-first heap   total 227328K, used 151464K [0x0000000080000000, 0x0000000100000000)
  region size 1024K, 4 young (4096K), 4 survivors (4096K)
 Metaspace       used 90877K, capacity 92919K, committed 93056K, reserved 1130496K
  class space    used 11869K, capacity 12636K, committed 12672K, reserved 1048576K
}
Event: 9.176 GC heap before
{Heap before GC invocations=25 (full 0):
 garbage-first heap   total 227328K, used 168872K [0x0000000080000000, 0x0000000100000000)
  region size 1024K, 22 young (22528K), 4 survivors (4096K)
 Metaspace       used 91117K, capacity 93239K, committed 93440K, reserved 1130496K
  class space    used 11887K, capacity 12674K, committed 12800K, reserved 1048576K
}

