# JRE version: OpenJDK Runtime Environment (11.0.8+10) (build 11.0.8+10-b944.6842174)
# Java VM: OpenJDK 64-Bit Server VM (11.0.8+10-b944.6842174, mixed mode, tiered, compressed oops, g1 gc, windows-amd64)
Heap:
 garbage-first heap   total 237568K, used 168969K [0x0000000080000000, 0x0000000100000000)
  region size 1024K, 15 young (15360K), 3 survivors (3072K)
 Metaspace       used 91254K, capacity 93375K, committed 93568K, reserved 1130496K
  class space    used 11895K, capacity 12672K, committed 12672K, reserved 1048576K
GC Heap History (20 events):
Event: 9.859 GC heap before
{Heap before GC invocations=14 (full 0):
 garbage-first heap   total 157696K, used 119600K [0x0000000080000000, 0x0000000100000000)
  region size 1024K, 68 young (69632K), 5 survivors (5120K)
 Metaspace       used 71471K, capacity 72989K, committed 73088K, reserved 1112064K
  class space    used 9264K, capacity 9833K, committed 9856K, reserved 1048576K
}
Event: 9.868 GC heap after
{Heap after GC invocations=15 (full 0):
 garbage-first heap   total 157696K, used 58887K [0x0000000080000000, 0x0000000100000000)
  region size 1024K, 4 young (4096K), 4 survivors (4096K)
 Metaspace       used 71471K, capacity 72989K, committed 73088K, reserved 1112064K
  class space    used 9264K, capacity 9833K, committed 9856K, reserved 1048576K
}
Event: 10.790 GC heap before
{Heap before GC invocations=15 (full 0):
 garbage-first heap   total 157696K, used 122375K [0x0000000080000000, 0x0000000100000000)
  region size 1024K, 66 young (67584K), 4 survivors (4096K)
 Metaspace       used 77301K, capacity 78996K, committed 79232K, reserved 1118208K
  class space    used 10025K, capacity 10613K, committed 10624K, reserved 1048576K
}
Event: 10.799 GC heap after
{Heap after GC invocations=16 (full 0):
 garbage-first heap   total 189440K, used 62728K [0x0000000080000000, 0x0000000100000000)
  region size 1024K, 8 young (8192K), 8 survivors (8192K)
 Metaspace       used 77301K, capacity 78996K, committed 79232K, reserved 1118208K
  class space    used 10025K, capacity 10613K, committed 10624K, reserved 1048576K
}
Event: 11.646 GC heap before
{Heap before GC invocations=16 (full 0):
 garbage-first heap   total 189440K, used 136456K [0x0000000080000000, 0x0000000100000000)
  region size 1024K, 81 young (82944K), 8 survivors (8192K)
 Metaspace       used 79592K, capacity 81430K, committed 81792K, reserved 1120256K
  class space    used 10338K, capacity 11014K, committed 11136K, reserved 1048576K
}
Event: 11.658 GC heap after
{Heap after GC invocations=17 (full 0):
 garbage-first heap   total 189440K, used 67956K [0x0000000080000000, 0x0000000100000000)
  region size 1024K, 10 young (10240K), 10 survivors (10240K)
 Metaspace       used 79592K, capacity 81430K, committed 81792K, reserved 1120256K
  class space    used 10338K, capacity 11014K, committed 11136K, reserved 1048576K
}
Event: 12.292 GC heap before
{Heap before GC invocations=17 (full 0):
 garbage-first heap   total 189440K, used 140660K [0x0000000080000000, 0x0000000100000000)
  region size 1024K, 82 young (83968K), 10 survivors (10240K)
 Metaspace       used 81825K, capacity 83701K, committed 83840K, reserved 1122304K
  class space    used 10610K, capacity 11291K, committed 11392K, reserved 1048576K
}
Event: 12.306 GC heap after
{Heap after GC invocations=18 (full 0):
 garbage-first heap   total 189440K, used 72227K [0x0000000080000000, 0x0000000100000000)
  region size 1024K, 10 young (10240K), 10 survivors (10240K)
 Metaspace       used 81825K, capacity 83701K, committed 83840K, reserved 1122304K
  class space    used 10610K, capacity 11291K, committed 11392K, reserved 1048576K
}
Event: 12.823 GC heap before
{Heap before GC invocations=18 (full 0):
 garbage-first heap   total 189440K, used 161315K [0x0000000080000000, 0x0000000100000000)
  region size 1024K, 78 young (79872K), 10 survivors (10240K)
 Metaspace       used 86613K, capacity 88678K, committed 88832K, reserved 1126400K
  class space    used 11219K, capacity 11978K, committed 12032K, reserved 1048576K
}
Event: 12.838 GC heap after
{Heap after GC invocations=19 (full 0):
 garbage-first heap   total 189440K, used 94704K [0x0000000080000000, 0x0000000100000000)
  region size 1024K, 11 young (11264K), 11 survivors (11264K)
 Metaspace       used 86613K, capacity 88678K, committed 88832K, reserved 1126400K
  class space    used 11219K, capacity 11978K, committed 12032K, reserved 1048576K
}
Event: 13.217 GC heap before
{Heap before GC invocations=20 (full 0):
 garbage-first heap   total 189440K, used 134640K [0x0000000080000000, 0x0000000100000000)
  region size 1024K, 49 young (50176K), 11 survivors (11264K)
 Metaspace       used 87163K, capacity 89267K, committed 89472K, reserved 1126400K
  class space    used 11297K, capacity 12049K, committed 12160K, reserved 1048576K
}
Event: 13.273 GC heap after
{Heap after GC invocations=21 (full 0):
 garbage-first heap   total 189440K, used 110015K [0x0000000080000000, 0x0000000100000000)
  region size 1024K, 9 young (9216K), 9 survivors (9216K)
 Metaspace       used 87163K, capacity 89267K, committed 89472K, reserved 1126400K
  class space    used 11297K, capacity 12049K, committed 12160K, reserved 1048576K
}
Event: 13.638 GC heap before
{Heap before GC invocations=22 (full 0):
 garbage-first heap   total 189440K, used 148927K [0x0000000080000000, 0x0000000100000000)
  region size 1024K, 47 young (48128K), 9 survivors (9216K)
 Metaspace       used 88976K, capacity 90950K, committed 91264K, reserved 1128448K
  class space    used 11609K, capacity 12331K, committed 12416K, reserved 1048576K
}
Event: 13.670 GC heap after
{Heap after GC invocations=23 (full 0):
 garbage-first heap   total 237568K, used 128990K [0x0000000080000000, 0x0000000100000000)
  region size 1024K, 6 young (6144K), 6 survivors (6144K)
 Metaspace       used 88976K, capacity 90950K, committed 91264K, reserved 1128448K
  class space    used 11609K, capacity 12331K, committed 12416K, reserved 1048576K
}
Event: 13.980 GC heap before
{Heap before GC invocations=23 (full 0):
 garbage-first heap   total 237568K, used 175070K [0x0000000080000000, 0x0000000100000000)
  region size 1024K, 52 young (53248K), 6 survivors (6144K)
 Metaspace       used 90420K, capacity 92470K, committed 92800K, reserved 1130496K
  class space    used 11791K, capacity 12518K, committed 12672K, reserved 1048576K
}
Event: 14.013 GC heap after
{Heap after GC invocations=24 (full 0):
 garbage-first heap   total 237568K, used 154432K [0x0000000080000000, 0x0000000100000000)
  region size 1024K, 7 young (7168K), 7 survivors (7168K)
 Metaspace       used 90420K, capacity 92470K, committed 92800K, reserved 1130496K
  class space    used 11791K, capacity 12518K, committed 12672K, reserved 1048576K
}
Event: 14.437 GC heap before
{Heap before GC invocations=25 (full 0):
 garbage-first heap   total 237568K, used 174912K [0x0000000080000000, 0x0000000100000000)
  region size 1024K, 36 young (36864K), 7 survivors (7168K)
 Metaspace       used 91221K, capacity 93308K, committed 93312K, reserved 1130496K
  class space    used 11895K, capacity 12672K, committed 12672K, reserved 1048576K
}
Event: 14.456 GC heap after
{Heap after GC invocations=26 (full 0):
 garbage-first heap   total 237568K, used 153088K [0x0000000080000000, 0x0000000100000000)
  region size 1024K, 5 young (5120K), 5 survivors (5120K)
 Metaspace       used 91221K, capacity 93308K, committed 93312K, reserved 1130496K
  class space    used 11895K, capacity 12672K, committed 12672K, reserved 1048576K
}
Event: 14.581 GC heap before
{Heap before GC invocations=26 (full 0):
 garbage-first heap   total 237568K, used 162304K [0x0000000080000000, 0x0000000100000000)
  region size 1024K, 16 young (16384K), 5 survivors (5120K)
 Metaspace       used 91246K, capacity 93373K, committed 93568K, reserved 1130496K
  class space    used 11895K, capacity 12672K, committed 12672K, reserved 1048576K
}
Event: 14.595 GC heap after
{Heap after GC invocations=27 (full 0):
 garbage-first heap   total 237568K, used 155657K [0x0000000080000000, 0x0000000100000000)
  region size 1024K, 3 young (3072K), 3 survivors (3072K)
 Metaspace       used 91246K, capacity 93373K, committed 93568K, reserved 1130496K
  class space    used 11895K, capacity 12672K, committed 12672K, reserved 1048576K
}

