# JRE version: OpenJDK Runtime Environment (11.0.8+10) (build 11.0.8+10-b944.6842174)
# Java VM: OpenJDK 64-Bit Server VM (11.0.8+10-b944.6842174, mixed mode, tiered, compressed oops, g1 gc, windows-amd64)
Heap:
 garbage-first heap   total 157696K, used 32530K [0x0000000081c00000, 0x0000000100000000)
  region size 1024K, 13 young (13312K), 5 survivors (5120K)
 Metaspace       used 47087K, capacity 47708K, committed 47772K, reserved 1091584K
  class space    used 5607K, capacity 5847K, committed 5888K, reserved 1048576K
GC Heap History (10 events):
Event: 0.562 GC heap before
{Heap before GC invocations=0 (full 0):
 garbage-first heap   total 131072K, used 27648K [0x0000000081c00000, 0x0000000100000000)
  region size 1024K, 24 young (24576K), 0 survivors (0K)
 Metaspace       used 12342K, capacity 12501K, committed 12800K, reserved 1060864K
  class space    used 1163K, capacity 1206K, committed 1280K, reserved 1048576K
}
Event: 0.566 GC heap after
{Heap after GC invocations=1 (full 0):
 garbage-first heap   total 131072K, used 5805K [0x0000000081c00000, 0x0000000100000000)
  region size 1024K, 3 young (3072K), 3 survivors (3072K)
 Metaspace       used 12342K, capacity 12501K, committed 12800K, reserved 1060864K
  class space    used 1163K, capacity 1206K, committed 1280K, reserved 1048576K
}
Event: 1.152 GC heap before
{Heap before GC invocations=1 (full 0):
 garbage-first heap   total 131072K, used 40621K [0x0000000081c00000, 0x0000000100000000)
  region size 1024K, 38 young (38912K), 3 survivors (3072K)
 Metaspace       used 20946K, capacity 21222K, committed 21248K, reserved 1069056K
  class space    used 2223K, capacity 2293K, committed 2304K, reserved 1048576K
}
Event: 1.162 GC heap after
{Heap after GC invocations=2 (full 0):
 garbage-first heap   total 131072K, used 9337K [0x0000000081c00000, 0x0000000100000000)
  region size 1024K, 7 young (7168K), 7 survivors (7168K)
 Metaspace       used 20946K, capacity 21222K, committed 21248K, reserved 1069056K
  class space    used 2223K, capacity 2293K, committed 2304K, reserved 1048576K
}
Event: 1.991 GC heap before
{Heap before GC invocations=3 (full 0):
 garbage-first heap   total 131072K, used 62585K [0x0000000081c00000, 0x0000000100000000)
  region size 1024K, 55 young (56320K), 7 survivors (7168K)
 Metaspace       used 32975K, capacity 33477K, committed 33532K, reserved 1079296K
  class space    used 4134K, capacity 4328K, committed 4352K, reserved 1048576K
}
Event: 2.004 GC heap after
{Heap after GC invocations=4 (full 0):
 garbage-first heap   total 131072K, used 20213K [0x0000000081c00000, 0x0000000100000000)
  region size 1024K, 7 young (7168K), 7 survivors (7168K)
 Metaspace       used 32975K, capacity 33477K, committed 33532K, reserved 1079296K
  class space    used 4134K, capacity 4328K, committed 4352K, reserved 1048576K
}
Event: 2.125 GC heap before
{Heap before GC invocations=4 (full 0):
 garbage-first heap   total 131072K, used 31477K [0x0000000081c00000, 0x0000000100000000)
  region size 1024K, 19 young (19456K), 7 survivors (7168K)
 Metaspace       used 35400K, capacity 35920K, committed 36048K, reserved 1081344K
  class space    used 4403K, capacity 4588K, committed 4608K, reserved 1048576K
}
Event: 2.137 GC heap after
{Heap after GC invocations=5 (full 0):
 garbage-first heap   total 131072K, used 22349K [0x0000000081c00000, 0x0000000100000000)
  region size 1024K, 2 young (2048K), 2 survivors (2048K)
 Metaspace       used 35400K, capacity 35920K, committed 36048K, reserved 1081344K
  class space    used 4403K, capacity 4588K, committed 4608K, reserved 1048576K
}
Event: 2.727 GC heap before
{Heap before GC invocations=6 (full 0):
 garbage-first heap   total 131072K, used 68429K [0x0000000081c00000, 0x0000000100000000)
  region size 1024K, 47 young (48128K), 2 survivors (2048K)
 Metaspace       used 45317K, capacity 45922K, committed 45980K, reserved 1089536K
  class space    used 5389K, capacity 5616K, committed 5632K, reserved 1048576K
}
Event: 2.736 GC heap after
{Heap after GC invocations=7 (full 0):
 garbage-first heap   total 157696K, used 25362K [0x0000000081c00000, 0x0000000100000000)
  region size 1024K, 5 young (5120K), 5 survivors (5120K)
 Metaspace       used 45317K, capacity 45922K, committed 45980K, reserved 1089536K
  class space    used 5389K, capacity 5616K, committed 5632K, reserved 1048576K
}

