# JRE version: OpenJDK Runtime Environment (11.0.8+10) (build 11.0.8+10-b944.6842174)
# Java VM: OpenJDK 64-Bit Server VM (11.0.8+10-b944.6842174, mixed mode, tiered, compressed oops, g1 gc, windows-amd64)
Heap:
 garbage-first heap   total 384000K, used 152519K [0x0000000080000000, 0x0000000100000000)
  region size 1024K, 3 young (3072K), 3 survivors (3072K)
 Metaspace       used 91094K, capacity 93193K, committed 93440K, reserved 1130496K
  class space    used 11888K, capacity 12680K, committed 12800K, reserved 1048576K
GC Heap History (20 events):
Event: 4.126 GC heap before
{Heap before GC invocations=10 (full 0):
 garbage-first heap   total 157696K, used 106008K [0x0000000080000000, 0x0000000100000000)
  region size 1024K, 77 young (78848K), 8 survivors (8192K)
 Metaspace       used 50685K, capacity 51797K, committed 51968K, reserved 1093632K
  class space    used 6454K, capacity 6854K, committed 6912K, reserved 1048576K
}
Event: 4.133 GC heap after
{Heap after GC invocations=11 (full 0):
 garbage-first heap   total 157696K, used 44456K [0x0000000080000000, 0x0000000100000000)
  region size 1024K, 10 young (10240K), 10 survivors (10240K)
 Metaspace       used 50685K, capacity 51797K, committed 51968K, reserved 1093632K
  class space    used 6454K, capacity 6854K, committed 6912K, reserved 1048576K
}
Event: 4.765 GC heap before
{Heap before GC invocations=11 (full 0):
 garbage-first heap   total 157696K, used 109992K [0x0000000080000000, 0x0000000100000000)
  region size 1024K, 74 young (75776K), 10 survivors (10240K)
 Metaspace       used 58711K, capacity 60066K, committed 60160K, reserved 1101824K
  class space    used 7451K, capacity 7970K, committed 8064K, reserved 1048576K
}
Event: 4.784 GC heap after
{Heap after GC invocations=12 (full 0):
 garbage-first heap   total 157696K, used 51541K [0x0000000080000000, 0x0000000100000000)
  region size 1024K, 6 young (6144K), 6 survivors (6144K)
 Metaspace       used 58711K, capacity 60066K, committed 60160K, reserved 1101824K
  class space    used 7451K, capacity 7970K, committed 8064K, reserved 1048576K
}
Event: 5.282 GC heap before
{Heap before GC invocations=13 (full 0):
 garbage-first heap   total 157696K, used 116053K [0x0000000080000000, 0x0000000100000000)
  region size 1024K, 69 young (70656K), 6 survivors (6144K)
 Metaspace       used 63293K, capacity 64741K, committed 65024K, reserved 1105920K
  class space    used 8028K, capacity 8586K, committed 8704K, reserved 1048576K
}
Event: 5.293 GC heap after
{Heap after GC invocations=14 (full 0):
 garbage-first heap   total 189440K, used 55696K [0x0000000080000000, 0x0000000100000000)
  region size 1024K, 6 young (6144K), 6 survivors (6144K)
 Metaspace       used 63293K, capacity 64741K, committed 65024K, reserved 1105920K
  class space    used 8028K, capacity 8586K, committed 8704K, reserved 1048576K
}
Event: 6.044 GC heap before
{Heap before GC invocations=15 (full 0):
 garbage-first heap   total 189440K, used 131472K [0x0000000080000000, 0x0000000100000000)
  region size 1024K, 80 young (81920K), 6 survivors (6144K)
 Metaspace       used 72480K, capacity 74010K, committed 74112K, reserved 1114112K
  class space    used 9451K, capacity 10038K, committed 10112K, reserved 1048576K
}
Event: 6.051 GC heap after
{Heap after GC invocations=16 (full 0):
 garbage-first heap   total 189440K, used 59498K [0x0000000080000000, 0x0000000100000000)
  region size 1024K, 9 young (9216K), 9 survivors (9216K)
 Metaspace       used 72480K, capacity 74010K, committed 74112K, reserved 1114112K
  class space    used 9451K, capacity 10038K, committed 10112K, reserved 1048576K
}
Event: 6.817 GC heap before
{Heap before GC invocations=16 (full 0):
 garbage-first heap   total 189440K, used 141418K [0x0000000080000000, 0x0000000100000000)
  region size 1024K, 89 young (91136K), 9 survivors (9216K)
 Metaspace       used 79080K, capacity 80930K, committed 81152K, reserved 1120256K
  class space    used 10329K, capacity 11006K, committed 11008K, reserved 1048576K
}
Event: 6.827 GC heap after
{Heap after GC invocations=17 (full 0):
 garbage-first heap   total 189440K, used 65783K [0x0000000080000000, 0x0000000100000000)
  region size 1024K, 11 young (11264K), 11 survivors (11264K)
 Metaspace       used 79080K, capacity 80930K, committed 81152K, reserved 1120256K
  class space    used 10329K, capacity 11006K, committed 11008K, reserved 1048576K
}
Event: 7.378 GC heap before
{Heap before GC invocations=17 (full 0):
 garbage-first heap   total 189440K, used 143607K [0x0000000080000000, 0x0000000100000000)
  region size 1024K, 88 young (90112K), 11 survivors (11264K)
 Metaspace       used 80509K, capacity 82411K, committed 82560K, reserved 1120256K
  class space    used 10446K, capacity 11124K, committed 11136K, reserved 1048576K
}
Event: 7.392 GC heap after
{Heap after GC invocations=18 (full 0):
 garbage-first heap   total 189440K, used 70669K [0x0000000080000000, 0x0000000100000000)
  region size 1024K, 6 young (6144K), 6 survivors (6144K)
 Metaspace       used 80509K, capacity 82411K, committed 82560K, reserved 1120256K
  class space    used 10446K, capacity 11124K, committed 11136K, reserved 1048576K
}
Event: 7.756 GC heap before
{Heap before GC invocations=18 (full 0):
 garbage-first heap   total 189440K, used 146445K [0x0000000080000000, 0x0000000100000000)
  region size 1024K, 81 young (82944K), 6 survivors (6144K)
 Metaspace       used 83069K, capacity 85073K, committed 85248K, reserved 1122304K
  class space    used 10765K, capacity 11461K, committed 11520K, reserved 1048576K
}
Event: 7.766 GC heap after
{Heap after GC invocations=19 (full 0):
 garbage-first heap   total 227328K, used 73426K [0x0000000080000000, 0x0000000100000000)
  region size 1024K, 9 young (9216K), 9 survivors (9216K)
 Metaspace       used 83069K, capacity 85073K, committed 85248K, reserved 1122304K
  class space    used 10765K, capacity 11461K, committed 11520K, reserved 1048576K
}
Event: 8.318 GC heap before
{Heap before GC invocations=19 (full 0):
 garbage-first heap   total 227328K, used 192210K [0x0000000080000000, 0x0000000100000000)
  region size 1024K, 101 young (103424K), 9 survivors (9216K)
 Metaspace       used 88978K, capacity 91109K, committed 91392K, reserved 1128448K
  class space    used 11654K, capacity 12433K, committed 12544K, reserved 1048576K
}
Event: 8.346 GC heap after
{Heap after GC invocations=20 (full 0):
 garbage-first heap   total 231424K, used 119388K [0x0000000080000000, 0x0000000100000000)
  region size 1024K, 13 young (13312K), 13 survivors (13312K)
 Metaspace       used 88978K, capacity 91109K, committed 91392K, reserved 1128448K
  class space    used 11654K, capacity 12433K, committed 12544K, reserved 1048576K
}
Event: 8.567 GC heap before
{Heap before GC invocations=20 (full 0):
 garbage-first heap   total 231424K, used 176732K [0x0000000080000000, 0x0000000100000000)
  region size 1024K, 70 young (71680K), 13 survivors (13312K)
 Metaspace       used 89438K, capacity 91604K, committed 91648K, reserved 1128448K
  class space    used 11711K, capacity 12508K, committed 12544K, reserved 1048576K
}
Event: 8.663 GC heap after
{Heap after GC invocations=21 (full 0):
 garbage-first heap   total 231424K, used 150929K [0x0000000080000000, 0x0000000100000000)
  region size 1024K, 9 young (9216K), 9 survivors (9216K)
 Metaspace       used 89438K, capacity 91604K, committed 91648K, reserved 1128448K
  class space    used 11711K, capacity 12508K, committed 12544K, reserved 1048576K
}
Event: 9.006 GC heap before
{Heap before GC invocations=22 (full 0):
 garbage-first heap   total 231424K, used 172433K [0x0000000080000000, 0x0000000100000000)
  region size 1024K, 39 young (39936K), 9 survivors (9216K)
 Metaspace       used 91033K, capacity 93120K, committed 93440K, reserved 1130496K
  class space    used 11888K, capacity 12680K, committed 12800K, reserved 1048576K
}
Event: 9.022 GC heap after
{Heap after GC invocations=23 (full 0):
 garbage-first heap   total 231424K, used 149504K [0x0000000080000000, 0x0000000100000000)
  region size 1024K, 5 young (5120K), 5 survivors (5120K)
 Metaspace       used 91033K, capacity 93120K, committed 93440K, reserved 1130496K
  class space    used 11888K, capacity 12680K, committed 12800K, reserved 1048576K
}

