# JRE version: OpenJDK Runtime Environment (11.0.8+10) (build 11.0.8+10-b944.6842174)
# Java VM: OpenJDK 64-Bit Server VM (11.0.8+10-b944.6842174, mixed mode, tiered, compressed oops, g1 gc, windows-amd64)
Heap:
 garbage-first heap   total 163840K, used 21569K [0x0000000081c00000, 0x0000000100000000)
  region size 1024K, 2 young (2048K), 2 survivors (2048K)
 Metaspace       used 35386K, capacity 35856K, committed 36048K, reserved 1081344K
  class space    used 4401K, capacity 4588K, committed 4608K, reserved 1048576K
GC Heap History (10 events):
Event: 0.918 GC heap before
{Heap before GC invocations=0 (full 0):
 garbage-first heap   total 131072K, used 27648K [0x0000000081c00000, 0x0000000100000000)
  region size 1024K, 24 young (24576K), 0 survivors (0K)
 Metaspace       used 12340K, capacity 12501K, committed 12800K, reserved 1060864K
  class space    used 1163K, capacity 1206K, committed 1280K, reserved 1048576K
}
Event: 0.925 GC heap after
{Heap after GC invocations=1 (full 0):
 garbage-first heap   total 131072K, used 5776K [0x0000000081c00000, 0x0000000100000000)
  region size 1024K, 3 young (3072K), 3 survivors (3072K)
 Metaspace       used 12340K, capacity 12501K, committed 12800K, reserved 1060864K
  class space    used 1163K, capacity 1206K, committed 1280K, reserved 1048576K
}
Event: 1.815 GC heap before
{Heap before GC invocations=1 (full 0):
 garbage-first heap   total 131072K, used 41616K [0x0000000081c00000, 0x0000000100000000)
  region size 1024K, 39 young (39936K), 3 survivors (3072K)
 Metaspace       used 20946K, capacity 21222K, committed 21248K, reserved 1069056K
  class space    used 2223K, capacity 2293K, committed 2304K, reserved 1048576K
}
Event: 1.831 GC heap after
{Heap after GC invocations=2 (full 0):
 garbage-first heap   total 131072K, used 9216K [0x0000000081c00000, 0x0000000100000000)
  region size 1024K, 6 young (6144K), 6 survivors (6144K)
 Metaspace       used 20946K, capacity 21222K, committed 21248K, reserved 1069056K
  class space    used 2223K, capacity 2293K, committed 2304K, reserved 1048576K
}
Event: 3.069 GC heap before
{Heap before GC invocations=3 (full 0):
 garbage-first heap   total 131072K, used 62464K [0x0000000081c00000, 0x0000000100000000)
  region size 1024K, 53 young (54272K), 6 survivors (6144K)
 Metaspace       used 32707K, capacity 33189K, committed 33276K, reserved 1079296K
  class space    used 4106K, capacity 4296K, committed 4352K, reserved 1048576K
}
Event: 3.102 GC heap after
{Heap after GC invocations=4 (full 0):
 garbage-first heap   total 131072K, used 20015K [0x0000000081c00000, 0x0000000100000000)
  region size 1024K, 7 young (7168K), 7 survivors (7168K)
 Metaspace       used 32707K, capacity 33189K, committed 33276K, reserved 1079296K
  class space    used 4106K, capacity 4296K, committed 4352K, reserved 1048576K
}
Event: 3.318 GC heap before
{Heap before GC invocations=4 (full 0):
 garbage-first heap   total 131072K, used 28207K [0x0000000081c00000, 0x0000000100000000)
  region size 1024K, 15 young (15360K), 7 survivors (7168K)
 Metaspace       used 34550K, capacity 35077K, committed 35324K, reserved 1079296K
  class space    used 4306K, capacity 4520K, committed 4608K, reserved 1048576K
}
Event: 3.340 GC heap after
{Heap after GC invocations=5 (full 0):
 garbage-first heap   total 131072K, used 21288K [0x0000000081c00000, 0x0000000100000000)
  region size 1024K, 1 young (1024K), 1 survivors (1024K)
 Metaspace       used 34550K, capacity 35077K, committed 35324K, reserved 1079296K
  class space    used 4306K, capacity 4520K, committed 4608K, reserved 1048576K
}
Event: 3.455 GC heap before
{Heap before GC invocations=5 (full 0):
 garbage-first heap   total 131072K, used 25384K [0x0000000081c00000, 0x0000000100000000)
  region size 1024K, 6 young (6144K), 1 survivors (1024K)
 Metaspace       used 35386K, capacity 35856K, committed 36048K, reserved 1081344K
  class space    used 4401K, capacity 4588K, committed 4608K, reserved 1048576K
}
Event: 3.462 GC heap after
{Heap after GC invocations=6 (full 0):
 garbage-first heap   total 163840K, used 21569K [0x0000000081c00000, 0x0000000100000000)
  region size 1024K, 2 young (2048K), 2 survivors (2048K)
 Metaspace       used 35386K, capacity 35856K, committed 36048K, reserved 1081344K
  class space    used 4401K, capacity 4588K, committed 4608K, reserved 1048576K
}

