# JRE version: OpenJDK Runtime Environment (11.0.8+10) (build 11.0.8+10-b944.6842174)
# Java VM: OpenJDK 64-Bit Server VM (11.0.8+10-b944.6842174, mixed mode, tiered, compressed oops, g1 gc, windows-amd64)
Heap:
 garbage-first heap   total 229376K, used 175509K [0x0000000080000000, 0x0000000100000000)
  region size 1024K, 12 young (12288K), 3 survivors (3072K)
 Metaspace       used 91237K, capacity 93338K, committed 93568K, reserved 1130496K
  class space    used 11894K, capacity 12661K, committed 12672K, reserved 1048576K
GC Heap History (20 events):
Event: 9.347 GC heap before
{Heap before GC invocations=14 (full 0):
 garbage-first heap   total 157696K, used 117281K [0x0000000080000000, 0x0000000100000000)
  region size 1024K, 66 young (67584K), 6 survivors (6144K)
 Metaspace       used 71009K, capacity 72669K, committed 72832K, reserved 1112064K
  class space    used 9194K, capacity 9769K, committed 9856K, reserved 1048576K
}
Event: 9.358 GC heap after
{Heap after GC invocations=15 (full 0):
 garbage-first heap   total 189440K, used 59853K [0x0000000080000000, 0x0000000100000000)
  region size 1024K, 5 young (5120K), 5 survivors (5120K)
 Metaspace       used 71009K, capacity 72669K, committed 72832K, reserved 1112064K
  class space    used 9194K, capacity 9769K, committed 9856K, reserved 1048576K
}
Event: 10.505 GC heap before
{Heap before GC invocations=15 (full 0):
 garbage-first heap   total 189440K, used 135629K [0x0000000080000000, 0x0000000100000000)
  region size 1024K, 80 young (81920K), 5 survivors (5120K)
 Metaspace       used 78443K, capacity 80154K, committed 80256K, reserved 1118208K
  class space    used 10216K, capacity 10858K, committed 10880K, reserved 1048576K
}
Event: 10.516 GC heap after
{Heap after GC invocations=16 (full 0):
 garbage-first heap   total 189440K, used 64430K [0x0000000080000000, 0x0000000100000000)
  region size 1024K, 9 young (9216K), 9 survivors (9216K)
 Metaspace       used 78443K, capacity 80154K, committed 80256K, reserved 1118208K
  class space    used 10216K, capacity 10858K, committed 10880K, reserved 1048576K
}
Event: 11.267 GC heap before
{Heap before GC invocations=16 (full 0):
 garbage-first heap   total 189440K, used 141230K [0x0000000080000000, 0x0000000100000000)
  region size 1024K, 85 young (87040K), 9 survivors (9216K)
 Metaspace       used 79705K, capacity 81611K, committed 81792K, reserved 1120256K
  class space    used 10340K, capacity 11024K, committed 11136K, reserved 1048576K
}
Event: 11.279 GC heap after
{Heap after GC invocations=17 (full 0):
 garbage-first heap   total 189440K, used 69737K [0x0000000080000000, 0x0000000100000000)
  region size 1024K, 10 young (10240K), 10 survivors (10240K)
 Metaspace       used 79705K, capacity 81611K, committed 81792K, reserved 1120256K
  class space    used 10340K, capacity 11024K, committed 11136K, reserved 1048576K
}
Event: 11.862 GC heap before
{Heap before GC invocations=17 (full 0):
 garbage-first heap   total 189440K, used 144489K [0x0000000080000000, 0x0000000100000000)
  region size 1024K, 84 young (86016K), 10 survivors (10240K)
 Metaspace       used 82076K, capacity 84081K, committed 84352K, reserved 1122304K
  class space    used 10627K, capacity 11324K, committed 11392K, reserved 1048576K
}
Event: 11.873 GC heap after
{Heap after GC invocations=18 (full 0):
 garbage-first heap   total 189440K, used 73401K [0x0000000080000000, 0x0000000100000000)
  region size 1024K, 9 young (9216K), 9 survivors (9216K)
 Metaspace       used 82076K, capacity 84081K, committed 84352K, reserved 1122304K
  class space    used 10627K, capacity 11324K, committed 11392K, reserved 1048576K
}
Event: 12.360 GC heap before
{Heap before GC invocations=18 (full 0):
 garbage-first heap   total 189440K, used 147129K [0x0000000080000000, 0x0000000100000000)
  region size 1024K, 63 young (64512K), 9 survivors (9216K)
 Metaspace       used 86592K, capacity 88648K, committed 88832K, reserved 1126400K
  class space    used 11211K, capacity 11947K, committed 12032K, reserved 1048576K
}
Event: 12.374 GC heap after
{Heap after GC invocations=19 (full 0):
 garbage-first heap   total 189440K, used 95232K [0x0000000080000000, 0x0000000100000000)
  region size 1024K, 11 young (11264K), 11 survivors (11264K)
 Metaspace       used 86592K, capacity 88648K, committed 88832K, reserved 1126400K
  class space    used 11211K, capacity 11947K, committed 12032K, reserved 1048576K
}
Event: 12.720 GC heap before
{Heap before GC invocations=20 (full 0):
 garbage-first heap   total 189440K, used 135168K [0x0000000080000000, 0x0000000100000000)
  region size 1024K, 48 young (49152K), 11 survivors (11264K)
 Metaspace       used 87107K, capacity 89173K, committed 89344K, reserved 1126400K
  class space    used 11285K, capacity 12018K, committed 12032K, reserved 1048576K
}
Event: 12.775 GC heap after
{Heap after GC invocations=21 (full 0):
 garbage-first heap   total 189440K, used 111517K [0x0000000080000000, 0x0000000100000000)
  region size 1024K, 9 young (9216K), 9 survivors (9216K)
 Metaspace       used 87107K, capacity 89173K, committed 89344K, reserved 1126400K
  class space    used 11285K, capacity 12018K, committed 12032K, reserved 1048576K
}
Event: 13.141 GC heap before
{Heap before GC invocations=22 (full 0):
 garbage-first heap   total 189440K, used 149405K [0x0000000080000000, 0x0000000100000000)
  region size 1024K, 46 young (47104K), 9 survivors (9216K)
 Metaspace       used 88950K, capacity 90923K, committed 91264K, reserved 1128448K
  class space    used 11609K, capacity 12322K, committed 12416K, reserved 1048576K
}
Event: 13.172 GC heap after
{Heap after GC invocations=23 (full 0):
 garbage-first heap   total 229376K, used 130048K [0x0000000080000000, 0x0000000100000000)
  region size 1024K, 6 young (6144K), 6 survivors (6144K)
 Metaspace       used 88950K, capacity 90923K, committed 91264K, reserved 1128448K
  class space    used 11609K, capacity 12322K, committed 12416K, reserved 1048576K
}
Event: 13.350 GC heap before
{Heap before GC invocations=23 (full 0):
 garbage-first heap   total 229376K, used 171008K [0x0000000080000000, 0x0000000100000000)
  region size 1024K, 46 young (47104K), 6 survivors (6144K)
 Metaspace       used 88981K, capacity 90991K, committed 91264K, reserved 1128448K
  class space    used 11609K, capacity 12322K, committed 12416K, reserved 1048576K
}
Event: 13.386 GC heap after
{Heap after GC invocations=24 (full 0):
 garbage-first heap   total 229376K, used 154624K [0x0000000080000000, 0x0000000100000000)
  region size 1024K, 6 young (6144K), 6 survivors (6144K)
 Metaspace       used 88981K, capacity 90991K, committed 91264K, reserved 1128448K
  class space    used 11609K, capacity 12322K, committed 12416K, reserved 1048576K
}
Event: 13.862 GC heap before
{Heap before GC invocations=25 (full 0):
 garbage-first heap   total 229376K, used 178176K [0x0000000080000000, 0x0000000100000000)
  region size 1024K, 30 young (30720K), 6 survivors (6144K)
 Metaspace       used 90985K, capacity 93078K, committed 93312K, reserved 1130496K
  class space    used 11875K, capacity 12622K, committed 12672K, reserved 1048576K
}
Event: 13.882 GC heap after
{Heap after GC invocations=26 (full 0):
 garbage-first heap   total 229376K, used 161344K [0x0000000080000000, 0x0000000100000000)
  region size 1024K, 4 young (4096K), 4 survivors (4096K)
 Metaspace       used 90985K, capacity 93078K, committed 93312K, reserved 1130496K
  class space    used 11875K, capacity 12622K, committed 12672K, reserved 1048576K
}
Event: 14.117 GC heap before
{Heap before GC invocations=26 (full 0):
 garbage-first heap   total 229376K, used 182848K [0x0000000080000000, 0x0000000100000000)
  region size 1024K, 26 young (26624K), 4 survivors (4096K)
 Metaspace       used 91232K, capacity 93338K, committed 93568K, reserved 1130496K
  class space    used 11894K, capacity 12661K, committed 12672K, reserved 1048576K
}
Event: 14.133 GC heap after
{Heap after GC invocations=27 (full 0):
 garbage-first heap   total 229376K, used 165269K [0x0000000080000000, 0x0000000100000000)
  region size 1024K, 3 young (3072K), 3 survivors (3072K)
 Metaspace       used 91232K, capacity 93338K, committed 93568K, reserved 1130496K
  class space    used 11894K, capacity 12661K, committed 12672K, reserved 1048576K
}

