# JRE version: OpenJDK Runtime Environment (11.0.8+10) (build 11.0.8+10-b944.6842174)
# Java VM: OpenJDK 64-Bit Server VM (11.0.8+10-b944.6842174, mixed mode, tiered, compressed oops, g1 gc, windows-amd64)
Heap:
 garbage-first heap   total 408576K, used 209503K [0x0000000080000000, 0x0000000100000000)
  region size 1024K, 32 young (32768K), 4 survivors (4096K)
 Metaspace       used 129176K, capacity 132736K, committed 132992K, reserved 1165312K
  class space    used 15960K, capacity 17228K, committed 17280K, reserved 1048576K
GC Heap History (20 events):
Event: 724.007 GC heap before
{Heap before GC invocations=66 (full 0):
 garbage-first heap   total 408576K, used 257459K [0x0000000080000000, 0x0000000100000000)
  region size 1024K, 58 young (59392K), 1 survivors (1024K)
 Metaspace       used 127941K, capacity 131359K, committed 131584K, reserved 1163264K
  class space    used 15857K, capacity 17096K, committed 17152K, reserved 1048576K
}
Event: 724.014 GC heap after
{Heap after GC invocations=67 (full 0):
 garbage-first heap   total 408576K, used 201077K [0x0000000080000000, 0x0000000100000000)
  region size 1024K, 2 young (2048K), 2 survivors (2048K)
 Metaspace       used 127941K, capacity 131359K, committed 131584K, reserved 1163264K
  class space    used 15857K, capacity 17096K, committed 17152K, reserved 1048576K
}
Event: 725.293 GC heap before
{Heap before GC invocations=68 (full 0):
 garbage-first heap   total 408576K, used 250229K [0x0000000080000000, 0x0000000100000000)
  region size 1024K, 105 young (107520K), 2 survivors (2048K)
 Metaspace       used 128097K, capacity 131532K, committed 131584K, reserved 1163264K
  class space    used 15870K, capacity 17104K, committed 17152K, reserved 1048576K
}
Event: 725.313 GC heap after
{Heap after GC invocations=69 (full 0):
 garbage-first heap   total 408576K, used 160558K [0x0000000080000000, 0x0000000100000000)
  region size 1024K, 14 young (14336K), 14 survivors (14336K)
 Metaspace       used 128097K, capacity 131532K, committed 131584K, reserved 1163264K
  class space    used 15870K, capacity 17104K, committed 17152K, reserved 1048576K
}
Event: 725.327 GC heap before
{Heap before GC invocations=69 (full 0):
 garbage-first heap   total 408576K, used 165678K [0x0000000080000000, 0x0000000100000000)
  region size 1024K, 19 young (19456K), 14 survivors (14336K)
 Metaspace       used 128107K, capacity 131536K, committed 131584K, reserved 1163264K
  class space    used 15871K, capacity 17105K, committed 17152K, reserved 1048576K
}
Event: 725.346 GC heap after
{Heap after GC invocations=70 (full 0):
 garbage-first heap   total 408576K, used 136184K [0x0000000080000000, 0x0000000100000000)
  region size 1024K, 2 young (2048K), 2 survivors (2048K)
 Metaspace       used 128107K, capacity 131536K, committed 131584K, reserved 1163264K
  class space    used 15871K, capacity 17105K, committed 17152K, reserved 1048576K
}
Event: 725.538 GC heap before
{Heap before GC invocations=70 (full 0):
 garbage-first heap   total 408576K, used 187384K [0x0000000080000000, 0x0000000100000000)
  region size 1024K, 54 young (55296K), 2 survivors (2048K)
 Metaspace       used 128239K, capacity 131711K, committed 131840K, reserved 1163264K
  class space    used 15902K, capacity 17142K, committed 17152K, reserved 1048576K
}
Event: 725.547 GC heap after
{Heap after GC invocations=71 (full 0):
 garbage-first heap   total 408576K, used 138582K [0x0000000080000000, 0x0000000100000000)
  region size 1024K, 5 young (5120K), 5 survivors (5120K)
 Metaspace       used 128239K, capacity 131711K, committed 131840K, reserved 1163264K
  class space    used 15902K, capacity 17142K, committed 17152K, reserved 1048576K
}
Event: 746.633 GC heap before
{Heap before GC invocations=72 (full 0):
 garbage-first heap   total 408576K, used 329046K [0x0000000080000000, 0x0000000100000000)
  region size 1024K, 131 young (134144K), 5 survivors (5120K)
 Metaspace       used 128991K, capacity 132495K, committed 132736K, reserved 1165312K
  class space    used 15950K, capacity 17213K, committed 17280K, reserved 1048576K
}
Event: 746.650 GC heap after
{Heap after GC invocations=73 (full 0):
 garbage-first heap   total 408576K, used 138126K [0x0000000080000000, 0x0000000100000000)
  region size 1024K, 8 young (8192K), 8 survivors (8192K)
 Metaspace       used 128991K, capacity 132495K, committed 132736K, reserved 1165312K
  class space    used 15950K, capacity 17213K, committed 17280K, reserved 1048576K
}
Event: 746.760 GC heap before
{Heap before GC invocations=73 (full 0):
 garbage-first heap   total 408576K, used 148366K [0x0000000080000000, 0x0000000100000000)
  region size 1024K, 19 young (19456K), 8 survivors (8192K)
 Metaspace       used 128992K, capacity 132495K, committed 132736K, reserved 1165312K
  class space    used 15950K, capacity 17213K, committed 17280K, reserved 1048576K
}
Event: 746.771 GC heap after
{Heap after GC invocations=74 (full 0):
 garbage-first heap   total 408576K, used 138052K [0x0000000080000000, 0x0000000100000000)
  region size 1024K, 2 young (2048K), 2 survivors (2048K)
 Metaspace       used 128992K, capacity 132495K, committed 132736K, reserved 1165312K
  class space    used 15950K, capacity 17213K, committed 17280K, reserved 1048576K
}
Event: 747.232 GC heap before
{Heap before GC invocations=74 (full 0):
 garbage-first heap   total 408576K, used 184132K [0x0000000080000000, 0x0000000100000000)
  region size 1024K, 49 young (50176K), 2 survivors (2048K)
 Metaspace       used 129081K, capacity 132586K, committed 132736K, reserved 1165312K
  class space    used 15955K, capacity 17221K, committed 17280K, reserved 1048576K
}
Event: 747.241 GC heap after
{Heap after GC invocations=75 (full 0):
 garbage-first heap   total 408576K, used 138573K [0x0000000080000000, 0x0000000100000000)
  region size 1024K, 2 young (2048K), 2 survivors (2048K)
 Metaspace       used 129081K, capacity 132586K, committed 132736K, reserved 1165312K
  class space    used 15955K, capacity 17221K, committed 17280K, reserved 1048576K
}
Event: 748.121 GC heap before
{Heap before GC invocations=76 (full 0):
 garbage-first heap   total 408576K, used 309581K [0x0000000080000000, 0x0000000100000000)
  region size 1024K, 149 young (152576K), 2 survivors (2048K)
 Metaspace       used 129173K, capacity 132736K, committed 132992K, reserved 1165312K
  class space    used 15960K, capacity 17228K, committed 17280K, reserved 1048576K
}
Event: 748.180 GC heap after
{Heap after GC invocations=77 (full 0):
 garbage-first heap   total 408576K, used 197088K [0x0000000080000000, 0x0000000100000000)
  region size 1024K, 19 young (19456K), 19 survivors (19456K)
 Metaspace       used 129173K, capacity 132736K, committed 132992K, reserved 1165312K
  class space    used 15960K, capacity 17228K, committed 17280K, reserved 1048576K
}
Event: 748.194 GC heap before
{Heap before GC invocations=77 (full 0):
 garbage-first heap   total 408576K, used 198112K [0x0000000080000000, 0x0000000100000000)
  region size 1024K, 20 young (20480K), 19 survivors (19456K)
 Metaspace       used 129173K, capacity 132736K, committed 132992K, reserved 1165312K
  class space    used 15960K, capacity 17228K, committed 17280K, reserved 1048576K
}
Event: 748.281 GC heap after
{Heap after GC invocations=78 (full 0):
 garbage-first heap   total 408576K, used 175972K [0x0000000080000000, 0x0000000100000000)
  region size 1024K, 3 young (3072K), 3 survivors (3072K)
 Metaspace       used 129173K, capacity 132736K, committed 132992K, reserved 1165312K
  class space    used 15960K, capacity 17228K, committed 17280K, reserved 1048576K
}
Event: 748.407 GC heap before
{Heap before GC invocations=78 (full 0):
 garbage-first heap   total 408576K, used 197476K [0x0000000080000000, 0x0000000100000000)
  region size 1024K, 25 young (25600K), 3 survivors (3072K)
 Metaspace       used 129175K, capacity 132736K, committed 132992K, reserved 1165312K
  class space    used 15960K, capacity 17228K, committed 17280K, reserved 1048576K
}
Event: 748.420 GC heap after
{Heap after GC invocations=79 (full 0):
 garbage-first heap   total 408576K, used 176735K [0x0000000080000000, 0x0000000100000000)
  region size 1024K, 4 young (4096K), 4 survivors (4096K)
 Metaspace       used 129175K, capacity 132736K, committed 132992K, reserved 1165312K
  class space    used 15960K, capacity 17228K, committed 17280K, reserved 1048576K
}

