# JRE version: OpenJDK Runtime Environment (11.0.8+10) (build 11.0.8+10-b944.6842174)
# Java VM: OpenJDK 64-Bit Server VM (11.0.8+10-b944.6842174, mixed mode, tiered, compressed oops, g1 gc, windows-amd64)
Heap:
 garbage-first heap   total 314368K, used 163509K [0x0000000080000000, 0x0000000100000000)
  region size 1024K, 4 young (4096K), 4 survivors (4096K)
 Metaspace       used 91426K, capacity 93488K, committed 93568K, reserved 1130496K
  class space    used 11908K, capacity 12664K, committed 12672K, reserved 1048576K
GC Heap History (20 events):
Event: 7.895 GC heap after
{Heap after GC invocations=15 (full 0):
 garbage-first heap   total 189440K, used 58719K [0x0000000080000000, 0x0000000100000000)
  region size 1024K, 5 young (5120K), 5 survivors (5120K)
 Metaspace       used 70781K, capacity 72313K, committed 72576K, reserved 1112064K
  class space    used 9175K, capacity 9732K, committed 9856K, reserved 1048576K
}
Event: 8.728 GC heap before
{Heap before GC invocations=15 (full 0):
 garbage-first heap   total 189440K, used 131423K [0x0000000080000000, 0x0000000100000000)
  region size 1024K, 77 young (78848K), 5 survivors (5120K)
 Metaspace       used 78397K, capacity 80061K, committed 80256K, reserved 1118208K
  class space    used 10214K, capacity 10828K, committed 10880K, reserved 1048576K
}
Event: 8.734 GC heap after
{Heap after GC invocations=16 (full 0):
 garbage-first heap   total 189440K, used 63318K [0x0000000080000000, 0x0000000100000000)
  region size 1024K, 9 young (9216K), 9 survivors (9216K)
 Metaspace       used 78397K, capacity 80061K, committed 80256K, reserved 1118208K
  class space    used 10214K, capacity 10828K, committed 10880K, reserved 1048576K
}
Event: 9.331 GC heap before
{Heap before GC invocations=16 (full 0):
 garbage-first heap   total 189440K, used 137046K [0x0000000080000000, 0x0000000100000000)
  region size 1024K, 82 young (83968K), 9 survivors (9216K)
 Metaspace       used 79728K, capacity 81624K, committed 81792K, reserved 1120256K
  class space    used 10353K, capacity 11028K, committed 11136K, reserved 1048576K
}
Event: 9.341 GC heap after
{Heap after GC invocations=17 (full 0):
 garbage-first heap   total 189440K, used 68516K [0x0000000080000000, 0x0000000100000000)
  region size 1024K, 10 young (10240K), 10 survivors (10240K)
 Metaspace       used 79728K, capacity 81624K, committed 81792K, reserved 1120256K
  class space    used 10353K, capacity 11028K, committed 11136K, reserved 1048576K
}
Event: 9.939 GC heap before
{Heap before GC invocations=17 (full 0):
 garbage-first heap   total 189440K, used 141220K [0x0000000080000000, 0x0000000100000000)
  region size 1024K, 82 young (83968K), 10 survivors (10240K)
 Metaspace       used 82172K, capacity 84155K, committed 84352K, reserved 1122304K
  class space    used 10652K, capacity 11328K, committed 11392K, reserved 1048576K
}
Event: 9.951 GC heap after
{Heap after GC invocations=18 (full 0):
 garbage-first heap   total 189440K, used 71937K [0x0000000080000000, 0x0000000100000000)
  region size 1024K, 9 young (9216K), 9 survivors (9216K)
 Metaspace       used 82172K, capacity 84155K, committed 84352K, reserved 1122304K
  class space    used 10652K, capacity 11328K, committed 11392K, reserved 1048576K
}
Event: 10.364 GC heap before
{Heap before GC invocations=18 (full 0):
 garbage-first heap   total 189440K, used 149761K [0x0000000080000000, 0x0000000100000000)
  region size 1024K, 66 young (67584K), 9 survivors (9216K)
 Metaspace       used 86445K, capacity 88465K, committed 88576K, reserved 1126400K
  class space    used 11199K, capacity 11949K, committed 12032K, reserved 1048576K
}
Event: 10.376 GC heap after
{Heap after GC invocations=19 (full 0):
 garbage-first heap   total 189440K, used 94697K [0x0000000080000000, 0x0000000100000000)
  region size 1024K, 11 young (11264K), 11 survivors (11264K)
 Metaspace       used 86445K, capacity 88465K, committed 88576K, reserved 1126400K
  class space    used 11199K, capacity 11949K, committed 12032K, reserved 1048576K
}
Event: 10.644 GC heap before
{Heap before GC invocations=20 (full 0):
 garbage-first heap   total 189440K, used 134633K [0x0000000080000000, 0x0000000100000000)
  region size 1024K, 49 young (50176K), 11 survivors (11264K)
 Metaspace       used 87072K, capacity 89144K, committed 89472K, reserved 1126400K
  class space    used 11288K, capacity 12050K, committed 12160K, reserved 1048576K
}
Event: 10.702 GC heap after
{Heap after GC invocations=21 (full 0):
 garbage-first heap   total 189440K, used 109681K [0x0000000080000000, 0x0000000100000000)
  region size 1024K, 9 young (9216K), 9 survivors (9216K)
 Metaspace       used 87072K, capacity 89144K, committed 89472K, reserved 1126400K
  class space    used 11288K, capacity 12050K, committed 12160K, reserved 1048576K
}
Event: 10.973 GC heap before
{Heap before GC invocations=22 (full 0):
 garbage-first heap   total 189440K, used 148593K [0x0000000080000000, 0x0000000100000000)
  region size 1024K, 46 young (47104K), 9 survivors (9216K)
 Metaspace       used 88864K, capacity 90860K, committed 91264K, reserved 1128448K
  class space    used 11596K, capacity 12323K, committed 12416K, reserved 1048576K
}
Event: 10.997 GC heap after
{Heap after GC invocations=23 (full 0):
 garbage-first heap   total 240640K, used 128000K [0x0000000080000000, 0x0000000100000000)
  region size 1024K, 6 young (6144K), 6 survivors (6144K)
 Metaspace       used 88864K, capacity 90860K, committed 91264K, reserved 1128448K
  class space    used 11596K, capacity 12323K, committed 12416K, reserved 1048576K
}
Event: 11.343 GC heap before
{Heap before GC invocations=23 (full 0):
 garbage-first heap   total 240640K, used 176128K [0x0000000080000000, 0x0000000100000000)
  region size 1024K, 53 young (54272K), 6 survivors (6144K)
 Metaspace       used 90336K, capacity 92399K, committed 92800K, reserved 1130496K
  class space    used 11786K, capacity 12520K, committed 12672K, reserved 1048576K
}
Event: 11.380 GC heap after
{Heap after GC invocations=24 (full 0):
 garbage-first heap   total 240640K, used 153563K [0x0000000080000000, 0x0000000100000000)
  region size 1024K, 7 young (7168K), 7 survivors (7168K)
 Metaspace       used 90336K, capacity 92399K, committed 92800K, reserved 1130496K
  class space    used 11786K, capacity 12520K, committed 12672K, reserved 1048576K
}
Event: 11.901 GC heap before
{Heap before GC invocations=25 (full 0):
 garbage-first heap   total 240640K, used 176091K [0x0000000080000000, 0x0000000100000000)
  region size 1024K, 38 young (38912K), 7 survivors (7168K)
 Metaspace       used 91099K, capacity 93277K, committed 93312K, reserved 1130496K
  class space    used 11882K, capacity 12663K, committed 12672K, reserved 1048576K
}
Event: 11.920 GC heap after
{Heap after GC invocations=26 (full 0):
 garbage-first heap   total 240640K, used 152064K [0x0000000080000000, 0x0000000100000000)
  region size 1024K, 5 young (5120K), 5 survivors (5120K)
 Metaspace       used 91099K, capacity 93277K, committed 93312K, reserved 1130496K
  class space    used 11882K, capacity 12663K, committed 12672K, reserved 1048576K
}
Event: 12.013 GC heap before
{Heap before GC invocations=26 (full 0):
 garbage-first heap   total 240640K, used 160256K [0x0000000080000000, 0x0000000100000000)
  region size 1024K, 14 young (14336K), 5 survivors (5120K)
 Metaspace       used 91113K, capacity 93278K, committed 93312K, reserved 1130496K
  class space    used 11882K, capacity 12663K, committed 12672K, reserved 1048576K
}
Event: 12.028 GC heap after
{Heap after GC invocations=27 (full 0):
 garbage-first heap   total 240640K, used 154496K [0x0000000080000000, 0x0000000100000000)
  region size 1024K, 2 young (2048K), 2 survivors (2048K)
 Metaspace       used 91113K, capacity 93278K, committed 93312K, reserved 1130496K
  class space    used 11882K, capacity 12663K, committed 12672K, reserved 1048576K
}
Event: 12.560 GC heap before
{Heap before GC invocations=28 (full 0):
 garbage-first heap   total 240640K, used 189312K [0x0000000080000000, 0x0000000100000000)
  region size 1024K, 31 young (31744K), 2 survivors (2048K)
 Metaspace       used 91426K, capacity 93488K, committed 93568K, reserved 1130496K
  class space    used 11908K, capacity 12664K, committed 12672K, reserved 1048576K
}

