# JRE version: OpenJDK Runtime Environment (11.0.8+10) (build 11.0.8+10-b944.6842174)
# Java VM: OpenJDK 64-Bit Server VM (11.0.8+10-b944.6842174, mixed mode, tiered, compressed oops, g1 gc, windows-amd64)
Heap:
 garbage-first heap   total 157696K, used 61698K [0x0000000080000000, 0x0000000100000000)
  region size 1024K, 16 young (16384K), 4 survivors (4096K)
 Metaspace       used 47072K, capacity 48339K, committed 48636K, reserved 1091584K
  class space    used 6030K, capacity 6460K, committed 6528K, reserved 1048576K
GC Heap History (18 events):
Event: 0.834 GC heap before
{Heap before GC invocations=0 (full 0):
 garbage-first heap   total 131072K, used 29696K [0x0000000080000000, 0x0000000100000000)
  region size 1024K, 24 young (24576K), 0 survivors (0K)
 Metaspace       used 10463K, capacity 10677K, committed 11008K, reserved 1058816K
  class space    used 1097K, capacity 1195K, committed 1280K, reserved 1048576K
}
Event: 0.840 GC heap after
{Heap after GC invocations=1 (full 0):
 garbage-first heap   total 131072K, used 8724K [0x0000000080000000, 0x0000000100000000)
  region size 1024K, 3 young (3072K), 3 survivors (3072K)
 Metaspace       used 10463K, capacity 10677K, committed 11008K, reserved 1058816K
  class space    used 1097K, capacity 1195K, committed 1280K, reserved 1048576K
}
Event: 2.632 GC heap before
{Heap before GC invocations=1 (full 0):
 garbage-first heap   total 131072K, used 82452K [0x0000000080000000, 0x0000000100000000)
  region size 1024K, 76 young (77824K), 3 survivors (3072K)
 Metaspace       used 18917K, capacity 19280K, committed 19328K, reserved 1067008K
  class space    used 2278K, capacity 2405K, committed 2432K, reserved 1048576K
}
Event: 2.642 GC heap after
{Heap after GC invocations=2 (full 0):
 garbage-first heap   total 131072K, used 16123K [0x0000000080000000, 0x0000000100000000)
  region size 1024K, 10 young (10240K), 10 survivors (10240K)
 Metaspace       used 18917K, capacity 19280K, committed 19328K, reserved 1067008K
  class space    used 2278K, capacity 2405K, committed 2432K, reserved 1048576K
}
Event: 2.923 GC heap before
{Heap before GC invocations=2 (full 0):
 garbage-first heap   total 131072K, used 28411K [0x0000000080000000, 0x0000000100000000)
  region size 1024K, 23 young (23552K), 10 survivors (10240K)
 Metaspace       used 20588K, capacity 21139K, committed 21296K, reserved 1069056K
  class space    used 2516K, capacity 2688K, committed 2688K, reserved 1048576K
}
Event: 2.932 GC heap after
{Heap after GC invocations=3 (full 0):
 garbage-first heap   total 131072K, used 16094K [0x0000000080000000, 0x0000000100000000)
  region size 1024K, 1 young (1024K), 1 survivors (1024K)
 Metaspace       used 20588K, capacity 21139K, committed 21296K, reserved 1069056K
  class space    used 2516K, capacity 2688K, committed 2688K, reserved 1048576K
}
Event: 3.606 GC heap before
{Heap before GC invocations=4 (full 0):
 garbage-first heap   total 131072K, used 61150K [0x0000000080000000, 0x0000000100000000)
  region size 1024K, 46 young (47104K), 1 survivors (1024K)
 Metaspace       used 25828K, capacity 26461K, committed 26672K, reserved 1073152K
  class space    used 3362K, capacity 3594K, committed 3712K, reserved 1048576K
}
Event: 3.609 GC heap after
{Heap after GC invocations=5 (full 0):
 garbage-first heap   total 131072K, used 17985K [0x0000000080000000, 0x0000000100000000)
  region size 1024K, 3 young (3072K), 3 survivors (3072K)
 Metaspace       used 25828K, capacity 26461K, committed 26672K, reserved 1073152K
  class space    used 3362K, capacity 3594K, committed 3712K, reserved 1048576K
}
Event: 4.136 GC heap before
{Heap before GC invocations=5 (full 0):
 garbage-first heap   total 131072K, used 77377K [0x0000000080000000, 0x0000000100000000)
  region size 1024K, 53 young (54272K), 3 survivors (3072K)
 Metaspace       used 31246K, capacity 32040K, committed 32304K, reserved 1077248K
  class space    used 4197K, capacity 4471K, committed 4480K, reserved 1048576K
}
Event: 4.140 GC heap after
{Heap after GC invocations=6 (full 0):
 garbage-first heap   total 131072K, used 31916K [0x0000000080000000, 0x0000000100000000)
  region size 1024K, 7 young (7168K), 7 survivors (7168K)
 Metaspace       used 31246K, capacity 32040K, committed 32304K, reserved 1077248K
  class space    used 4197K, capacity 4471K, committed 4480K, reserved 1048576K
}
Event: 4.301 GC heap before
{Heap before GC invocations=6 (full 0):
 garbage-first heap   total 131072K, used 40108K [0x0000000080000000, 0x0000000100000000)
  region size 1024K, 17 young (17408K), 7 survivors (7168K)
 Metaspace       used 34861K, capacity 35647K, committed 35708K, reserved 1081344K
  class space    used 4541K, capacity 4844K, committed 4864K, reserved 1048576K
}
Event: 4.309 GC heap after
{Heap after GC invocations=7 (full 0):
 garbage-first heap   total 131072K, used 33663K [0x0000000080000000, 0x0000000100000000)
  region size 1024K, 2 young (2048K), 2 survivors (2048K)
 Metaspace       used 34861K, capacity 35647K, committed 35708K, reserved 1081344K
  class space    used 4541K, capacity 4844K, committed 4864K, reserved 1048576K
}
Event: 4.855 GC heap before
{Heap before GC invocations=8 (full 0):
 garbage-first heap   total 131072K, used 75647K [0x0000000080000000, 0x0000000100000000)
  region size 1024K, 41 young (41984K), 2 survivors (2048K)
 Metaspace       used 39475K, capacity 40463K, committed 40700K, reserved 1085440K
  class space    used 5082K, capacity 5471K, committed 5504K, reserved 1048576K
}
Event: 4.859 GC heap after
{Heap after GC invocations=9 (full 0):
 garbage-first heap   total 157696K, used 35478K [0x0000000080000000, 0x0000000100000000)
  region size 1024K, 4 young (4096K), 4 survivors (4096K)
 Metaspace       used 39475K, capacity 40463K, committed 40700K, reserved 1085440K
  class space    used 5082K, capacity 5471K, committed 5504K, reserved 1048576K
}
Event: 5.728 GC heap before
{Heap before GC invocations=9 (full 0):
 garbage-first heap   total 157696K, used 93846K [0x0000000080000000, 0x0000000100000000)
  region size 1024K, 54 young (55296K), 4 survivors (4096K)
 Metaspace       used 43671K, capacity 44753K, committed 45052K, reserved 1089536K
  class space    used 5559K, capacity 5934K, committed 6016K, reserved 1048576K
}
Event: 5.735 GC heap after
{Heap after GC invocations=10 (full 0):
 garbage-first heap   total 157696K, used 48312K [0x0000000080000000, 0x0000000100000000)
  region size 1024K, 7 young (7168K), 7 survivors (7168K)
 Metaspace       used 43671K, capacity 44753K, committed 45052K, reserved 1089536K
  class space    used 5559K, capacity 5934K, committed 6016K, reserved 1048576K
}
Event: 6.601 GC heap before
{Heap before GC invocations=10 (full 0):
 garbage-first heap   total 157696K, used 97464K [0x0000000080000000, 0x0000000100000000)
  region size 1024K, 55 young (56320K), 7 survivors (7168K)
 Metaspace       used 46820K, capacity 48170K, committed 48380K, reserved 1091584K
  class space    used 6013K, capacity 6426K, committed 6528K, reserved 1048576K
}
Event: 6.610 GC heap after
{Heap after GC invocations=11 (full 0):
 garbage-first heap   total 157696K, used 51458K [0x0000000080000000, 0x0000000100000000)
  region size 1024K, 4 young (4096K), 4 survivors (4096K)
 Metaspace       used 46820K, capacity 48170K, committed 48380K, reserved 1091584K
  class space    used 6013K, capacity 6426K, committed 6528K, reserved 1048576K
}

