# JRE version: OpenJDK Runtime Environment (11.0.8+10) (build 11.0.8+10-b944.6842174)
# Java VM: OpenJDK 64-Bit Server VM (11.0.8+10-b944.6842174, mixed mode, tiered, compressed oops, g1 gc, windows-amd64)
Heap:
 garbage-first heap   total 263168K, used 174505K [0x0000000080000000, 0x0000000100000000)
  region size 1024K, 53 young (54272K), 6 survivors (6144K)
 Metaspace       used 89984K, capacity 92011K, committed 92160K, reserved 1128448K
  class space    used 11758K, capacity 12469K, committed 12544K, reserved 1048576K
GC Heap History (20 events):
Event: 7.608 GC heap before
{Heap before GC invocations=11 (full 0):
 garbage-first heap   total 157696K, used 57786K [0x0000000080000000, 0x0000000100000000)
  region size 1024K, 13 young (13312K), 5 survivors (5120K)
 Metaspace       used 58640K, capacity 60005K, committed 60160K, reserved 1101824K
  class space    used 7445K, capacity 7971K, committed 8064K, reserved 1048576K
}
Event: 7.615 GC heap after
{Heap after GC invocations=12 (full 0):
 garbage-first heap   total 157696K, used 50724K [0x0000000080000000, 0x0000000100000000)
  region size 1024K, 6 young (6144K), 6 survivors (6144K)
 Metaspace       used 58640K, capacity 60005K, committed 60160K, reserved 1101824K
  class space    used 7445K, capacity 7971K, committed 8064K, reserved 1048576K
}
Event: 8.299 GC heap before
{Heap before GC invocations=13 (full 0):
 garbage-first heap   total 157696K, used 111140K [0x0000000080000000, 0x0000000100000000)
  region size 1024K, 65 young (66560K), 6 survivors (6144K)
 Metaspace       used 62722K, capacity 64078K, committed 64256K, reserved 1105920K
  class space    used 7930K, capacity 8429K, committed 8448K, reserved 1048576K
}
Event: 8.311 GC heap after
{Heap after GC invocations=14 (full 0):
 garbage-first heap   total 157696K, used 54615K [0x0000000080000000, 0x0000000100000000)
  region size 1024K, 6 young (6144K), 6 survivors (6144K)
 Metaspace       used 62722K, capacity 64078K, committed 64256K, reserved 1105920K
  class space    used 7930K, capacity 8429K, committed 8448K, reserved 1048576K
}
Event: 9.197 GC heap before
{Heap before GC invocations=15 (full 0):
 garbage-first heap   total 157696K, used 114007K [0x0000000080000000, 0x0000000100000000)
  region size 1024K, 64 young (65536K), 6 survivors (6144K)
 Metaspace       used 70295K, capacity 71858K, committed 71936K, reserved 1112064K
  class space    used 9089K, capacity 9666K, committed 9728K, reserved 1048576K
}
Event: 9.207 GC heap after
{Heap after GC invocations=16 (full 0):
 garbage-first heap   total 157696K, used 58257K [0x0000000080000000, 0x0000000100000000)
  region size 1024K, 4 young (4096K), 4 survivors (4096K)
 Metaspace       used 70295K, capacity 71858K, committed 71936K, reserved 1112064K
  class space    used 9089K, capacity 9666K, committed 9728K, reserved 1048576K
}
Event: 9.963 GC heap before
{Heap before GC invocations=16 (full 0):
 garbage-first heap   total 157696K, used 118673K [0x0000000080000000, 0x0000000100000000)
  region size 1024K, 63 young (64512K), 4 survivors (4096K)
 Metaspace       used 75708K, capacity 77356K, committed 77568K, reserved 1116160K
  class space    used 9879K, capacity 10456K, committed 10496K, reserved 1048576K
}
Event: 9.971 GC heap after
{Heap after GC invocations=17 (full 0):
 garbage-first heap   total 157696K, used 61097K [0x0000000080000000, 0x0000000100000000)
  region size 1024K, 7 young (7168K), 7 survivors (7168K)
 Metaspace       used 75708K, capacity 77356K, committed 77568K, reserved 1116160K
  class space    used 9879K, capacity 10456K, committed 10496K, reserved 1048576K
}
Event: 10.684 GC heap before
{Heap before GC invocations=17 (full 0):
 garbage-first heap   total 157696K, used 120489K [0x0000000080000000, 0x0000000100000000)
  region size 1024K, 66 young (67584K), 7 survivors (7168K)
 Metaspace       used 79263K, capacity 81060K, committed 81152K, reserved 1120256K
  class space    used 10328K, capacity 11005K, committed 11008K, reserved 1048576K
}
Event: 10.695 GC heap after
{Heap after GC invocations=18 (full 0):
 garbage-first heap   total 157696K, used 66087K [0x0000000080000000, 0x0000000100000000)
  region size 1024K, 8 young (8192K), 8 survivors (8192K)
 Metaspace       used 79263K, capacity 81060K, committed 81152K, reserved 1120256K
  class space    used 10328K, capacity 11005K, committed 11008K, reserved 1048576K
}
Event: 11.255 GC heap before
{Heap before GC invocations=18 (full 0):
 garbage-first heap   total 157696K, used 123431K [0x0000000080000000, 0x0000000100000000)
  region size 1024K, 65 young (66560K), 8 survivors (8192K)
 Metaspace       used 80223K, capacity 82192K, committed 82304K, reserved 1120256K
  class space    used 10404K, capacity 11117K, committed 11136K, reserved 1048576K
}
Event: 11.271 GC heap after
{Heap after GC invocations=19 (full 0):
 garbage-first heap   total 189440K, used 69457K [0x0000000080000000, 0x0000000100000000)
  region size 1024K, 8 young (8192K), 8 survivors (8192K)
 Metaspace       used 80223K, capacity 82192K, committed 82304K, reserved 1120256K
  class space    used 10404K, capacity 11117K, committed 11136K, reserved 1048576K
}
Event: 11.828 GC heap before
{Heap before GC invocations=19 (full 0):
 garbage-first heap   total 189440K, used 139089K [0x0000000080000000, 0x0000000100000000)
  region size 1024K, 77 young (78848K), 8 survivors (8192K)
 Metaspace       used 82785K, capacity 84852K, committed 84992K, reserved 1122304K
  class space    used 10719K, capacity 11428K, committed 11520K, reserved 1048576K
}
Event: 11.840 GC heap after
{Heap after GC invocations=20 (full 0):
 garbage-first heap   total 189440K, used 72386K [0x0000000080000000, 0x0000000100000000)
  region size 1024K, 7 young (7168K), 7 survivors (7168K)
 Metaspace       used 82785K, capacity 84852K, committed 84992K, reserved 1122304K
  class space    used 10719K, capacity 11428K, committed 11520K, reserved 1048576K
}
Event: 12.141 GC heap before
{Heap before GC invocations=20 (full 0):
 garbage-first heap   total 189440K, used 129730K [0x0000000080000000, 0x0000000100000000)
  region size 1024K, 46 young (47104K), 7 survivors (7168K)
 Metaspace       used 86221K, capacity 88375K, committed 88576K, reserved 1126400K
  class space    used 11176K, capacity 11942K, committed 12032K, reserved 1048576K
}
Event: 12.155 GC heap after
{Heap after GC invocations=21 (full 0):
 garbage-first heap   total 189440K, used 93174K [0x0000000080000000, 0x0000000100000000)
  region size 1024K, 10 young (10240K), 10 survivors (10240K)
 Metaspace       used 86221K, capacity 88375K, committed 88576K, reserved 1126400K
  class space    used 11176K, capacity 11942K, committed 12032K, reserved 1048576K
}
Event: 12.536 GC heap before
{Heap before GC invocations=22 (full 0):
 garbage-first heap   total 189440K, used 137206K [0x0000000080000000, 0x0000000100000000)
  region size 1024K, 50 young (51200K), 10 survivors (10240K)
 Metaspace       used 86902K, capacity 88874K, committed 89472K, reserved 1126400K
  class space    used 11240K, capacity 11963K, committed 12160K, reserved 1048576K
}
Event: 12.604 GC heap after
{Heap after GC invocations=23 (full 0):
 garbage-first heap   total 189440K, used 109171K [0x0000000080000000, 0x0000000100000000)
  region size 1024K, 8 young (8192K), 8 survivors (8192K)
 Metaspace       used 86902K, capacity 88874K, committed 89472K, reserved 1126400K
  class space    used 11240K, capacity 11963K, committed 12160K, reserved 1048576K
}
Event: 12.956 GC heap before
{Heap before GC invocations=24 (full 0):
 garbage-first heap   total 189440K, used 148083K [0x0000000080000000, 0x0000000100000000)
  region size 1024K, 46 young (47104K), 8 survivors (8192K)
 Metaspace       used 88894K, capacity 90846K, committed 91264K, reserved 1128448K
  class space    used 11600K, capacity 12318K, committed 12416K, reserved 1048576K
}
Event: 12.987 GC heap after
{Heap after GC invocations=25 (full 0):
 garbage-first heap   total 263168K, used 128425K [0x0000000080000000, 0x0000000100000000)
  region size 1024K, 6 young (6144K), 6 survivors (6144K)
 Metaspace       used 88894K, capacity 90846K, committed 91264K, reserved 1128448K
  class space    used 11600K, capacity 12318K, committed 12416K, reserved 1048576K
}

