# JRE version: OpenJDK Runtime Environment (11.0.8+10) (build 11.0.8+10-b944.6842174)
# Java VM: OpenJDK 64-Bit Server VM (11.0.8+10-b944.6842174, mixed mode, tiered, compressed oops, g1 gc, windows-amd64)
Heap:
 garbage-first heap   total 315392K, used 138077K [0x0000000080000000, 0x0000000100000000)
  region size 1024K, 1 young (1024K), 1 survivors (1024K)
 Metaspace       used 115129K, capacity 118318K, committed 119372K, reserved 1153024K
  class space    used 14504K, capacity 15607K, committed 16000K, reserved 1048576K
GC Heap History (20 events):
Event: 820.013 GC heap after
{Heap after GC invocations=97 (full 0):
 garbage-first heap   total 157696K, used 98190K [0x0000000080000000, 0x0000000100000000)
  region size 1024K, 3 young (3072K), 3 survivors (3072K)
 Metaspace       used 114624K, capacity 117735K, committed 118860K, reserved 1153024K
  class space    used 14484K, capacity 15569K, committed 16000K, reserved 1048576K
}
Event: 820.179 GC heap before
{Heap before GC invocations=98 (full 0):
 garbage-first heap   total 157696K, used 139150K [0x0000000080000000, 0x0000000100000000)
  region size 1024K, 37 young (37888K), 3 survivors (3072K)
 Metaspace       used 114676K, capacity 117826K, committed 118860K, reserved 1153024K
  class space    used 14487K, capacity 15573K, committed 16000K, reserved 1048576K
}
Event: 820.183 GC heap after
{Heap after GC invocations=99 (full 0):
 garbage-first heap   total 157696K, used 107080K [0x0000000080000000, 0x0000000100000000)
  region size 1024K, 4 young (4096K), 4 survivors (4096K)
 Metaspace       used 114676K, capacity 117826K, committed 118860K, reserved 1153024K
  class space    used 14487K, capacity 15573K, committed 16000K, reserved 1048576K
}
Event: 820.219 GC heap before
{Heap before GC invocations=99 (full 0):
 garbage-first heap   total 157696K, used 110152K [0x0000000080000000, 0x0000000100000000)
  region size 1024K, 7 young (7168K), 4 survivors (4096K)
 Metaspace       used 114797K, capacity 117954K, committed 118860K, reserved 1153024K
  class space    used 14492K, capacity 15573K, committed 16000K, reserved 1048576K
}
Event: 820.226 GC heap after
{Heap after GC invocations=100 (full 0):
 garbage-first heap   total 157696K, used 104320K [0x0000000080000000, 0x0000000100000000)
  region size 1024K, 1 young (1024K), 1 survivors (1024K)
 Metaspace       used 114797K, capacity 117954K, committed 118860K, reserved 1153024K
  class space    used 14492K, capacity 15573K, committed 16000K, reserved 1048576K
}
Event: 820.227 GC heap before
{Heap before GC invocations=100 (full 0):
 garbage-first heap   total 157696K, used 104320K [0x0000000080000000, 0x0000000100000000)
  region size 1024K, 2 young (2048K), 1 survivors (1024K)
 Metaspace       used 114797K, capacity 117954K, committed 118860K, reserved 1153024K
  class space    used 14492K, capacity 15573K, committed 16000K, reserved 1048576K
}
Event: 820.231 GC heap after
{Heap after GC invocations=101 (full 0):
 garbage-first heap   total 157696K, used 104353K [0x0000000080000000, 0x0000000100000000)
  region size 1024K, 2 young (2048K), 2 survivors (2048K)
 Metaspace       used 114797K, capacity 117954K, committed 118860K, reserved 1153024K
  class space    used 14492K, capacity 15573K, committed 16000K, reserved 1048576K
}
Event: 820.297 GC heap before
{Heap before GC invocations=101 (full 0):
 garbage-first heap   total 157696K, used 138145K [0x0000000080000000, 0x0000000100000000)
  region size 1024K, 20 young (20480K), 2 survivors (2048K)
 Metaspace       used 114841K, capacity 118020K, committed 119116K, reserved 1153024K
  class space    used 14492K, capacity 15573K, committed 16000K, reserved 1048576K
}
Event: 820.300 GC heap after
{Heap after GC invocations=102 (full 0):
 garbage-first heap   total 157696K, used 117251K [0x0000000080000000, 0x0000000100000000)
  region size 1024K, 3 young (3072K), 3 survivors (3072K)
 Metaspace       used 114841K, capacity 118020K, committed 119116K, reserved 1153024K
  class space    used 14492K, capacity 15573K, committed 16000K, reserved 1048576K
}
Event: 820.362 GC heap before
{Heap before GC invocations=102 (full 0):
 garbage-first heap   total 157696K, used 128515K [0x0000000080000000, 0x0000000100000000)
  region size 1024K, 15 young (15360K), 3 survivors (3072K)
 Metaspace       used 114875K, capacity 118020K, committed 119116K, reserved 1153024K
  class space    used 14493K, capacity 15573K, committed 16000K, reserved 1048576K
}
Event: 820.370 GC heap after
{Heap after GC invocations=103 (full 0):
 garbage-first heap   total 157696K, used 120734K [0x0000000080000000, 0x0000000100000000)
  region size 1024K, 2 young (2048K), 2 survivors (2048K)
 Metaspace       used 114875K, capacity 118020K, committed 119116K, reserved 1153024K
  class space    used 14493K, capacity 15573K, committed 16000K, reserved 1048576K
}
Event: 820.455 GC heap before
{Heap before GC invocations=103 (full 0):
 garbage-first heap   total 157696K, used 130974K [0x0000000080000000, 0x0000000100000000)
  region size 1024K, 13 young (13312K), 2 survivors (2048K)
 Metaspace       used 114877K, capacity 118021K, committed 119116K, reserved 1153024K
  class space    used 14493K, capacity 15573K, committed 16000K, reserved 1048576K
}
Event: 820.465 GC heap after
{Heap after GC invocations=104 (full 0):
 garbage-first heap   total 157696K, used 125952K [0x0000000080000000, 0x0000000100000000)
  region size 1024K, 2 young (2048K), 2 survivors (2048K)
 Metaspace       used 114877K, capacity 118021K, committed 119116K, reserved 1153024K
  class space    used 14493K, capacity 15573K, committed 16000K, reserved 1048576K
}
Event: 820.507 GC heap before
{Heap before GC invocations=105 (full 0):
 garbage-first heap   total 157696K, used 133120K [0x0000000080000000, 0x0000000100000000)
  region size 1024K, 9 young (9216K), 2 survivors (2048K)
 Metaspace       used 114877K, capacity 118021K, committed 119116K, reserved 1153024K
  class space    used 14493K, capacity 15573K, committed 16000K, reserved 1048576K
}
Event: 820.516 GC heap after
{Heap after GC invocations=106 (full 0):
 garbage-first heap   total 157696K, used 128747K [0x0000000080000000, 0x0000000100000000)
  region size 1024K, 2 young (2048K), 2 survivors (2048K)
 Metaspace       used 114877K, capacity 118021K, committed 119116K, reserved 1153024K
  class space    used 14493K, capacity 15573K, committed 16000K, reserved 1048576K
}
Event: 820.548 GC heap before
{Heap before GC invocations=106 (full 0):
 garbage-first heap   total 157696K, used 133867K [0x0000000080000000, 0x0000000100000000)
  region size 1024K, 7 young (7168K), 2 survivors (2048K)
 Metaspace       used 114877K, capacity 118021K, committed 119116K, reserved 1153024K
  class space    used 14493K, capacity 15573K, committed 16000K, reserved 1048576K
}
Event: 820.558 GC heap after
{Heap after GC invocations=107 (full 0):
 garbage-first heap   total 157696K, used 131624K [0x0000000080000000, 0x0000000100000000)
  region size 1024K, 1 young (1024K), 1 survivors (1024K)
 Metaspace       used 114877K, capacity 118021K, committed 119116K, reserved 1153024K
  class space    used 14493K, capacity 15573K, committed 16000K, reserved 1048576K
}
Event: 820.602 GC heap before
{Heap before GC invocations=107 (full 0):
 garbage-first heap   total 157696K, used 137768K [0x0000000080000000, 0x0000000100000000)
  region size 1024K, 7 young (7168K), 1 survivors (1024K)
 Metaspace       used 115066K, capacity 118252K, committed 119116K, reserved 1153024K
  class space    used 14504K, capacity 15607K, committed 16000K, reserved 1048576K
}
Event: 820.614 GC heap after
{Heap after GC invocations=108 (full 0):
 garbage-first heap   total 157696K, used 134611K [0x0000000080000000, 0x0000000100000000)
  region size 1024K, 1 young (1024K), 1 survivors (1024K)
 Metaspace       used 115066K, capacity 118252K, committed 119116K, reserved 1153024K
  class space    used 14504K, capacity 15607K, committed 16000K, reserved 1048576K
}
Event: 820.668 GC heap before
{Heap before GC invocations=108 (full 0):
 garbage-first heap   total 157696K, used 139731K [0x0000000080000000, 0x0000000100000000)
  region size 1024K, 7 young (7168K), 1 survivors (1024K)
 Metaspace       used 115129K, capacity 118318K, committed 119372K, reserved 1153024K
  class space    used 14504K, capacity 15607K, committed 16000K, reserved 1048576K
}

