# JRE version: OpenJDK Runtime Environment (11.0.8+10) (build 11.0.8+10-b944.6842174)
# Java VM: OpenJDK 64-Bit Server VM (11.0.8+10-b944.6842174, mixed mode, tiered, compressed oops, g1 gc, windows-amd64)
Heap:
 garbage-first heap   total 227328K, used 153475K [0x0000000080000000, 0x0000000100000000)
  region size 1024K, 6 young (6144K), 4 survivors (4096K)
 Metaspace       used 90895K, capacity 93035K, committed 93312K, reserved 1130496K
  class space    used 11863K, capacity 12609K, committed 12672K, reserved 1048576K
GC Heap History (20 events):
Event: 8.318 GC heap before
{Heap before GC invocations=12 (full 0):
 garbage-first heap   total 157696K, used 114097K [0x0000000080000000, 0x0000000100000000)
  region size 1024K, 67 young (68608K), 6 survivors (6144K)
 Metaspace       used 63076K, capacity 64640K, committed 64896K, reserved 1105920K
  class space    used 7997K, capacity 8553K, committed 8576K, reserved 1048576K
}
Event: 8.326 GC heap after
{Heap after GC invocations=13 (full 0):
 garbage-first heap   total 157696K, used 55324K [0x0000000080000000, 0x0000000100000000)
  region size 1024K, 5 young (5120K), 5 survivors (5120K)
 Metaspace       used 63076K, capacity 64640K, committed 64896K, reserved 1105920K
  class space    used 7997K, capacity 8553K, committed 8576K, reserved 1048576K
}
Event: 9.290 GC heap before
{Heap before GC invocations=13 (full 0):
 garbage-first heap   total 157696K, used 117788K [0x0000000080000000, 0x0000000100000000)
  region size 1024K, 66 young (67584K), 5 survivors (5120K)
 Metaspace       used 70741K, capacity 72335K, committed 72576K, reserved 1112064K
  class space    used 9175K, capacity 9760K, committed 9856K, reserved 1048576K
}
Event: 9.299 GC heap after
{Heap after GC invocations=14 (full 0):
 garbage-first heap   total 157696K, used 59624K [0x0000000080000000, 0x0000000100000000)
  region size 1024K, 5 young (5120K), 5 survivors (5120K)
 Metaspace       used 70741K, capacity 72335K, committed 72576K, reserved 1112064K
  class space    used 9175K, capacity 9760K, committed 9856K, reserved 1048576K
}
Event: 10.098 GC heap before
{Heap before GC invocations=14 (full 0):
 garbage-first heap   total 157696K, used 120040K [0x0000000080000000, 0x0000000100000000)
  region size 1024K, 64 young (65536K), 5 survivors (5120K)
 Metaspace       used 76303K, capacity 78058K, committed 78208K, reserved 1116160K
  class space    used 9951K, capacity 10583K, committed 10624K, reserved 1048576K
}
Event: 10.107 GC heap after
{Heap after GC invocations=15 (full 0):
 garbage-first heap   total 157696K, used 62991K [0x0000000080000000, 0x0000000100000000)
  region size 1024K, 8 young (8192K), 8 survivors (8192K)
 Metaspace       used 76303K, capacity 78058K, committed 78208K, reserved 1116160K
  class space    used 9951K, capacity 10583K, committed 10624K, reserved 1048576K
}
Event: 10.832 GC heap before
{Heap before GC invocations=15 (full 0):
 garbage-first heap   total 157696K, used 122383K [0x0000000080000000, 0x0000000100000000)
  region size 1024K, 67 young (68608K), 8 survivors (8192K)
 Metaspace       used 79396K, capacity 81260K, committed 81536K, reserved 1120256K
  class space    used 10340K, capacity 11026K, committed 11136K, reserved 1048576K
}
Event: 10.845 GC heap after
{Heap after GC invocations=16 (full 0):
 garbage-first heap   total 189440K, used 67481K [0x0000000080000000, 0x0000000100000000)
  region size 1024K, 8 young (8192K), 8 survivors (8192K)
 Metaspace       used 79396K, capacity 81260K, committed 81536K, reserved 1120256K
  class space    used 10340K, capacity 11026K, committed 11136K, reserved 1048576K
}
Event: 11.594 GC heap before
{Heap before GC invocations=16 (full 0):
 garbage-first heap   total 189440K, used 142233K [0x0000000080000000, 0x0000000100000000)
  region size 1024K, 82 young (83968K), 8 survivors (8192K)
 Metaspace       used 81116K, capacity 83070K, committed 83200K, reserved 1122304K
  class space    used 10523K, capacity 11213K, committed 11264K, reserved 1048576K
}
Event: 11.606 GC heap after
{Heap after GC invocations=17 (full 0):
 garbage-first heap   total 189440K, used 71965K [0x0000000080000000, 0x0000000100000000)
  region size 1024K, 9 young (9216K), 9 survivors (9216K)
 Metaspace       used 81116K, capacity 83070K, committed 83200K, reserved 1122304K
  class space    used 10523K, capacity 11213K, committed 11264K, reserved 1048576K
}
Event: 12.138 GC heap before
{Heap before GC invocations=17 (full 0):
 garbage-first heap   total 189440K, used 153885K [0x0000000080000000, 0x0000000100000000)
  region size 1024K, 82 young (83968K), 9 survivors (9216K)
 Metaspace       used 85130K, capacity 87186K, committed 87424K, reserved 1124352K
  class space    used 11040K, capacity 11779K, committed 11904K, reserved 1048576K
}
Event: 12.149 GC heap after
{Heap after GC invocations=18 (full 0):
 garbage-first heap   total 189440K, used 85656K [0x0000000080000000, 0x0000000100000000)
  region size 1024K, 10 young (10240K), 10 survivors (10240K)
 Metaspace       used 85130K, capacity 87186K, committed 87424K, reserved 1124352K
  class space    used 11040K, capacity 11779K, committed 11904K, reserved 1048576K
}
Event: 12.254 GC heap before
{Heap before GC invocations=18 (full 0):
 garbage-first heap   total 189440K, used 106136K [0x0000000080000000, 0x0000000100000000)
  region size 1024K, 21 young (21504K), 10 survivors (10240K)
 Metaspace       used 86265K, capacity 88372K, committed 88576K, reserved 1126400K
  class space    used 11191K, capacity 11964K, committed 12032K, reserved 1048576K
}
Event: 12.268 GC heap after
{Heap after GC invocations=19 (full 0):
 garbage-first heap   total 189440K, used 93444K [0x0000000080000000, 0x0000000100000000)
  region size 1024K, 3 young (3072K), 3 survivors (3072K)
 Metaspace       used 86265K, capacity 88372K, committed 88576K, reserved 1126400K
  class space    used 11191K, capacity 11964K, committed 12032K, reserved 1048576K
}
Event: 12.634 GC heap before
{Heap before GC invocations=20 (full 0):
 garbage-first heap   total 189440K, used 138500K [0x0000000080000000, 0x0000000100000000)
  region size 1024K, 43 young (44032K), 3 survivors (3072K)
 Metaspace       used 86924K, capacity 88930K, committed 89472K, reserved 1126400K
  class space    used 11248K, capacity 11963K, committed 12160K, reserved 1048576K
}
Event: 12.653 GC heap after
{Heap after GC invocations=21 (full 0):
 garbage-first heap   total 227328K, used 111196K [0x0000000080000000, 0x0000000100000000)
  region size 1024K, 7 young (7168K), 7 survivors (7168K)
 Metaspace       used 86924K, capacity 88930K, committed 89472K, reserved 1126400K
  class space    used 11248K, capacity 11963K, committed 12160K, reserved 1048576K
}
Event: 13.118 GC heap before
{Heap before GC invocations=22 (full 0):
 garbage-first heap   total 227328K, used 163420K [0x0000000080000000, 0x0000000100000000)
  region size 1024K, 58 young (59392K), 7 survivors (7168K)
 Metaspace       used 88878K, capacity 90896K, committed 91264K, reserved 1128448K
  class space    used 11598K, capacity 12315K, committed 12416K, reserved 1048576K
}
Event: 13.155 GC heap after
{Heap after GC invocations=23 (full 0):
 garbage-first heap   total 227328K, used 137831K [0x0000000080000000, 0x0000000100000000)
  region size 1024K, 8 young (8192K), 8 survivors (8192K)
 Metaspace       used 88878K, capacity 90896K, committed 91264K, reserved 1128448K
  class space    used 11598K, capacity 12315K, committed 12416K, reserved 1048576K
}
Event: 13.537 GC heap before
{Heap before GC invocations=23 (full 0):
 garbage-first heap   total 227328K, used 171623K [0x0000000080000000, 0x0000000100000000)
  region size 1024K, 41 young (41984K), 8 survivors (8192K)
 Metaspace       used 90409K, capacity 92410K, committed 92800K, reserved 1130496K
  class space    used 11804K, capacity 12533K, committed 12672K, reserved 1048576K
}
Event: 13.579 GC heap after
{Heap after GC invocations=24 (full 0):
 garbage-first heap   total 227328K, used 155089K [0x0000000080000000, 0x0000000100000000)
  region size 1024K, 6 young (6144K), 6 survivors (6144K)
 Metaspace       used 90409K, capacity 92410K, committed 92800K, reserved 1130496K
  class space    used 11804K, capacity 12533K, committed 12672K, reserved 1048576K
}

