# JRE version: OpenJDK Runtime Environment (11.0.8+10) (build 11.0.8+10-b944.6842174)
# Java VM: OpenJDK 64-Bit Server VM (11.0.8+10-b944.6842174, mixed mode, tiered, compressed oops, g1 gc, windows-amd64)
Heap:
 garbage-first heap   total 272384K, used 162816K [0x0000000080000000, 0x0000000100000000)
  region size 1024K, 10 young (10240K), 6 survivors (6144K)
 Metaspace       used 91265K, capacity 93314K, committed 93644K, reserved 1130496K
  class space    used 11896K, capacity 12673K, committed 12800K, reserved 1048576K
GC Heap History (20 events):
Event: 8.259 GC heap before
{Heap before GC invocations=15 (full 0):
 garbage-first heap   total 157696K, used 117660K [0x0000000080000000, 0x0000000100000000)
  region size 1024K, 62 young (63488K), 4 survivors (4096K)
 Metaspace       used 75578K, capacity 77223K, committed 77516K, reserved 1116160K
  class space    used 9862K, capacity 10456K, committed 10496K, reserved 1048576K
}
Event: 8.264 GC heap after
{Heap after GC invocations=16 (full 0):
 garbage-first heap   total 157696K, used 61213K [0x0000000080000000, 0x0000000100000000)
  region size 1024K, 7 young (7168K), 7 survivors (7168K)
 Metaspace       used 75578K, capacity 77223K, committed 77516K, reserved 1116160K
  class space    used 9862K, capacity 10456K, committed 10496K, reserved 1048576K
}
Event: 9.129 GC heap before
{Heap before GC invocations=16 (full 0):
 garbage-first heap   total 157696K, used 119581K [0x0000000080000000, 0x0000000100000000)
  region size 1024K, 65 young (66560K), 7 survivors (7168K)
 Metaspace       used 79253K, capacity 81064K, committed 81356K, reserved 1120256K
  class space    used 10303K, capacity 10962K, committed 11008K, reserved 1048576K
}
Event: 9.137 GC heap after
{Heap after GC invocations=17 (full 0):
 garbage-first heap   total 157696K, used 65719K [0x0000000080000000, 0x0000000100000000)
  region size 1024K, 8 young (8192K), 8 survivors (8192K)
 Metaspace       used 79253K, capacity 81064K, committed 81356K, reserved 1120256K
  class space    used 10303K, capacity 10962K, committed 11008K, reserved 1048576K
}
Event: 9.902 GC heap before
{Heap before GC invocations=17 (full 0):
 garbage-first heap   total 157696K, used 123063K [0x0000000080000000, 0x0000000100000000)
  region size 1024K, 65 young (66560K), 8 survivors (8192K)
 Metaspace       used 80295K, capacity 82152K, committed 82252K, reserved 1120256K
  class space    used 10377K, capacity 11066K, committed 11136K, reserved 1048576K
}
Event: 9.911 GC heap after
{Heap after GC invocations=18 (full 0):
 garbage-first heap   total 157696K, used 69639K [0x0000000080000000, 0x0000000100000000)
  region size 1024K, 9 young (9216K), 9 survivors (9216K)
 Metaspace       used 80295K, capacity 82152K, committed 82252K, reserved 1120256K
  class space    used 10377K, capacity 11066K, committed 11136K, reserved 1048576K
}
Event: 10.528 GC heap before
{Heap before GC invocations=18 (full 0):
 garbage-first heap   total 157696K, used 124935K [0x0000000080000000, 0x0000000100000000)
  region size 1024K, 64 young (65536K), 9 survivors (9216K)
 Metaspace       used 82175K, capacity 84023K, committed 84300K, reserved 1122304K
  class space    used 10617K, capacity 11279K, committed 11392K, reserved 1048576K
}
Event: 10.536 GC heap after
{Heap after GC invocations=19 (full 0):
 garbage-first heap   total 157696K, used 72396K [0x0000000080000000, 0x0000000100000000)
  region size 1024K, 7 young (7168K), 7 survivors (7168K)
 Metaspace       used 82175K, capacity 84023K, committed 84300K, reserved 1122304K
  class space    used 10617K, capacity 11279K, committed 11392K, reserved 1048576K
}
Event: 10.720 GC heap before
{Heap before GC invocations=19 (full 0):
 garbage-first heap   total 157696K, used 88780K [0x0000000080000000, 0x0000000100000000)
  region size 1024K, 20 young (20480K), 7 survivors (7168K)
 Metaspace       used 83122K, capacity 85125K, committed 85196K, reserved 1122304K
  class space    used 10729K, capacity 11450K, committed 11520K, reserved 1048576K
}
Event: 10.727 GC heap after
{Heap after GC invocations=20 (full 0):
 garbage-first heap   total 189440K, used 78460K [0x0000000080000000, 0x0000000100000000)
  region size 1024K, 4 young (4096K), 4 survivors (4096K)
 Metaspace       used 83122K, capacity 85125K, committed 85196K, reserved 1122304K
  class space    used 10729K, capacity 11450K, committed 11520K, reserved 1048576K
}
Event: 10.941 GC heap before
{Heap before GC invocations=21 (full 0):
 garbage-first heap   total 189440K, used 111228K [0x0000000080000000, 0x0000000100000000)
  region size 1024K, 27 young (27648K), 4 survivors (4096K)
 Metaspace       used 85463K, capacity 87379K, committed 87628K, reserved 1124352K
  class space    used 11059K, capacity 11778K, committed 11904K, reserved 1048576K
}
Event: 10.950 GC heap after
{Heap after GC invocations=22 (full 0):
 garbage-first heap   total 189440K, used 90474K [0x0000000080000000, 0x0000000100000000)
  region size 1024K, 8 young (8192K), 8 survivors (8192K)
 Metaspace       used 85463K, capacity 87379K, committed 87628K, reserved 1124352K
  class space    used 11059K, capacity 11778K, committed 11904K, reserved 1048576K
}
Event: 11.271 GC heap before
{Heap before GC invocations=23 (full 0):
 garbage-first heap   total 189440K, used 153962K [0x0000000080000000, 0x0000000100000000)
  region size 1024K, 64 young (65536K), 8 survivors (8192K)
 Metaspace       used 86913K, capacity 88939K, committed 89292K, reserved 1126400K
  class space    used 11228K, capacity 11959K, committed 12032K, reserved 1048576K
}
Event: 11.320 GC heap after
{Heap after GC invocations=24 (full 0):
 garbage-first heap   total 189440K, used 109622K [0x0000000080000000, 0x0000000100000000)
  region size 1024K, 9 young (9216K), 9 survivors (9216K)
 Metaspace       used 86913K, capacity 88939K, committed 89292K, reserved 1126400K
  class space    used 11228K, capacity 11959K, committed 12032K, reserved 1048576K
}
Event: 11.576 GC heap before
{Heap before GC invocations=25 (full 0):
 garbage-first heap   total 189440K, used 151606K [0x0000000080000000, 0x0000000100000000)
  region size 1024K, 49 young (50176K), 9 survivors (9216K)
 Metaspace       used 88965K, capacity 90931K, committed 91212K, reserved 1128448K
  class space    used 11596K, capacity 12322K, committed 12416K, reserved 1048576K
}
Event: 11.601 GC heap after
{Heap after GC invocations=26 (full 0):
 garbage-first heap   total 189440K, used 129024K [0x0000000080000000, 0x0000000100000000)
  region size 1024K, 7 young (7168K), 7 survivors (7168K)
 Metaspace       used 88965K, capacity 90931K, committed 91212K, reserved 1128448K
  class space    used 11596K, capacity 12322K, committed 12416K, reserved 1048576K
}
Event: 11.664 GC heap before
{Heap before GC invocations=26 (full 0):
 garbage-first heap   total 189440K, used 149504K [0x0000000080000000, 0x0000000100000000)
  region size 1024K, 28 young (28672K), 7 survivors (7168K)
 Metaspace       used 88981K, capacity 90934K, committed 91212K, reserved 1128448K
  class space    used 11596K, capacity 12322K, committed 12416K, reserved 1048576K
}
Event: 11.680 GC heap after
{Heap after GC invocations=27 (full 0):
 garbage-first heap   total 189440K, used 142096K [0x0000000080000000, 0x0000000100000000)
  region size 1024K, 4 young (4096K), 4 survivors (4096K)
 Metaspace       used 88981K, capacity 90934K, committed 91212K, reserved 1128448K
  class space    used 11596K, capacity 12322K, committed 12416K, reserved 1048576K
}
Event: 11.731 GC heap before
{Heap before GC invocations=27 (full 0):
 garbage-first heap   total 189440K, used 154384K [0x0000000080000000, 0x0000000100000000)
  region size 1024K, 17 young (17408K), 4 survivors (4096K)
 Metaspace       used 88985K, capacity 90934K, committed 91212K, reserved 1128448K
  class space    used 11596K, capacity 12322K, committed 12416K, reserved 1048576K
}
Event: 11.741 GC heap after
{Heap after GC invocations=28 (full 0):
 garbage-first heap   total 272384K, used 151285K [0x0000000080000000, 0x0000000100000000)
  region size 1024K, 3 young (3072K), 3 survivors (3072K)
 Metaspace       used 88985K, capacity 90934K, committed 91212K, reserved 1128448K
  class space    used 11596K, capacity 12322K, committed 12416K, reserved 1048576K
}

