# JRE version: OpenJDK Runtime Environment (11.0.8+10) (build 11.0.8+10-b944.6842174)
# Java VM: OpenJDK 64-Bit Server VM (11.0.8+10-b944.6842174, mixed mode, tiered, compressed oops, g1 gc, windows-amd64)
Heap:
 garbage-first heap   total 282624K, used 161480K [0x0000000080000000, 0x0000000100000000)
  region size 1024K, 4 young (4096K), 4 survivors (4096K)
 Metaspace       used 92830K, capacity 94976K, committed 95052K, reserved 1132544K
  class space    used 12065K, capacity 12855K, committed 12928K, reserved 1048576K
GC Heap History (20 events):
Event: 8.418 GC heap after
{Heap after GC invocations=14 (full 0):
 garbage-first heap   total 157696K, used 54447K [0x0000000080000000, 0x0000000100000000)
  region size 1024K, 6 young (6144K), 6 survivors (6144K)
 Metaspace       used 62346K, capacity 63789K, committed 63948K, reserved 1105920K
  class space    used 7882K, capacity 8398K, committed 8448K, reserved 1048576K
}
Event: 9.348 GC heap before
{Heap before GC invocations=14 (full 0):
 garbage-first heap   total 157696K, used 113839K [0x0000000080000000, 0x0000000100000000)
  region size 1024K, 64 young (65536K), 6 survivors (6144K)
 Metaspace       used 70110K, capacity 71626K, committed 71756K, reserved 1112064K
  class space    used 9056K, capacity 9591K, committed 9600K, reserved 1048576K
}
Event: 9.357 GC heap after
{Heap after GC invocations=15 (full 0):
 garbage-first heap   total 157696K, used 58092K [0x0000000080000000, 0x0000000100000000)
  region size 1024K, 4 young (4096K), 4 survivors (4096K)
 Metaspace       used 70110K, capacity 71626K, committed 71756K, reserved 1112064K
  class space    used 9056K, capacity 9591K, committed 9600K, reserved 1048576K
}
Event: 10.390 GC heap before
{Heap before GC invocations=15 (full 0):
 garbage-first heap   total 157696K, used 118508K [0x0000000080000000, 0x0000000100000000)
  region size 1024K, 63 young (64512K), 4 survivors (4096K)
 Metaspace       used 75552K, capacity 77225K, committed 77516K, reserved 1116160K
  class space    used 9851K, capacity 10457K, committed 10496K, reserved 1048576K
}
Event: 10.401 GC heap after
{Heap after GC invocations=16 (full 0):
 garbage-first heap   total 189440K, used 61164K [0x0000000080000000, 0x0000000100000000)
  region size 1024K, 7 young (7168K), 7 survivors (7168K)
 Metaspace       used 75552K, capacity 77225K, committed 77516K, reserved 1116160K
  class space    used 9851K, capacity 10457K, committed 10496K, reserved 1048576K
}
Event: 11.362 GC heap before
{Heap before GC invocations=16 (full 0):
 garbage-first heap   total 189440K, used 133868K [0x0000000080000000, 0x0000000100000000)
  region size 1024K, 79 young (80896K), 7 survivors (7168K)
 Metaspace       used 79364K, capacity 81255K, committed 81356K, reserved 1120256K
  class space    used 10323K, capacity 11005K, committed 11008K, reserved 1048576K
}
Event: 11.378 GC heap after
{Heap after GC invocations=17 (full 0):
 garbage-first heap   total 189440K, used 66474K [0x0000000080000000, 0x0000000100000000)
  region size 1024K, 9 young (9216K), 9 survivors (9216K)
 Metaspace       used 79364K, capacity 81255K, committed 81356K, reserved 1120256K
  class space    used 10323K, capacity 11005K, committed 11008K, reserved 1048576K
}
Event: 12.360 GC heap before
{Heap before GC invocations=17 (full 0):
 garbage-first heap   total 189440K, used 139178K [0x0000000080000000, 0x0000000100000000)
  region size 1024K, 80 young (81920K), 9 survivors (9216K)
 Metaspace       used 84128K, capacity 86081K, committed 86092K, reserved 1124352K
  class space    used 10905K, capacity 11640K, committed 11648K, reserved 1048576K
}
Event: 12.373 GC heap after
{Heap after GC invocations=18 (full 0):
 garbage-first heap   total 189440K, used 69085K [0x0000000080000000, 0x0000000100000000)
  region size 1024K, 3 young (3072K), 3 survivors (3072K)
 Metaspace       used 84128K, capacity 86081K, committed 86092K, reserved 1124352K
  class space    used 10905K, capacity 11640K, committed 11648K, reserved 1048576K
}
Event: 14.012 GC heap before
{Heap before GC invocations=18 (full 0):
 garbage-first heap   total 189440K, used 151005K [0x0000000080000000, 0x0000000100000000)
  region size 1024K, 76 young (77824K), 3 survivors (3072K)
 Metaspace       used 86139K, capacity 88213K, committed 88396K, reserved 1126400K
  class space    used 11131K, capacity 11869K, committed 11904K, reserved 1048576K
}
Event: 14.024 GC heap after
{Heap after GC invocations=19 (full 0):
 garbage-first heap   total 189440K, used 84280K [0x0000000080000000, 0x0000000100000000)
  region size 1024K, 10 young (10240K), 10 survivors (10240K)
 Metaspace       used 86139K, capacity 88213K, committed 88396K, reserved 1126400K
  class space    used 11131K, capacity 11869K, committed 11904K, reserved 1048576K
}
Event: 14.219 GC heap before
{Heap before GC invocations=19 (full 0):
 garbage-first heap   total 189440K, used 101688K [0x0000000080000000, 0x0000000100000000)
  region size 1024K, 19 young (19456K), 10 survivors (10240K)
 Metaspace       used 87542K, capacity 89548K, committed 89676K, reserved 1126400K
  class space    used 11335K, capacity 12060K, committed 12160K, reserved 1048576K
}
Event: 14.236 GC heap after
{Heap after GC invocations=20 (full 0):
 garbage-first heap   total 227328K, used 89729K [0x0000000080000000, 0x0000000100000000)
  region size 1024K, 1 young (1024K), 1 survivors (1024K)
 Metaspace       used 87542K, capacity 89548K, committed 89676K, reserved 1126400K
  class space    used 11335K, capacity 12060K, committed 12160K, reserved 1048576K
}
Event: 14.873 GC heap before
{Heap before GC invocations=21 (full 0):
 garbage-first heap   total 227328K, used 174721K [0x0000000080000000, 0x0000000100000000)
  region size 1024K, 78 young (79872K), 1 survivors (1024K)
 Metaspace       used 88890K, capacity 90970K, committed 91340K, reserved 1128448K
  class space    used 11463K, capacity 12203K, committed 12288K, reserved 1048576K
}
Event: 14.894 GC heap after
{Heap after GC invocations=22 (full 0):
 garbage-first heap   total 227328K, used 113136K [0x0000000080000000, 0x0000000100000000)
  region size 1024K, 10 young (10240K), 10 survivors (10240K)
 Metaspace       used 88890K, capacity 90970K, committed 91340K, reserved 1128448K
  class space    used 11463K, capacity 12203K, committed 12288K, reserved 1048576K
}
Event: 15.280 GC heap before
{Heap before GC invocations=22 (full 0):
 garbage-first heap   total 227328K, used 174576K [0x0000000080000000, 0x0000000100000000)
  region size 1024K, 71 young (72704K), 10 survivors (10240K)
 Metaspace       used 90604K, capacity 92702K, committed 92876K, reserved 1130496K
  class space    used 11781K, capacity 12520K, committed 12544K, reserved 1048576K
}
Event: 15.326 GC heap after
{Heap after GC invocations=23 (full 0):
 garbage-first heap   total 227328K, used 145402K [0x0000000080000000, 0x0000000100000000)
  region size 1024K, 9 young (9216K), 9 survivors (9216K)
 Metaspace       used 90604K, capacity 92702K, committed 92876K, reserved 1130496K
  class space    used 11781K, capacity 12520K, committed 12544K, reserved 1048576K
}
Event: 15.871 GC heap before
{Heap before GC invocations=24 (full 0):
 garbage-first heap   total 227328K, used 176122K [0x0000000080000000, 0x0000000100000000)
  region size 1024K, 40 young (40960K), 9 survivors (9216K)
 Metaspace       used 92499K, capacity 94685K, committed 95052K, reserved 1132544K
  class space    used 12036K, capacity 12806K, committed 12928K, reserved 1048576K
}
Event: 15.900 GC heap after
{Heap after GC invocations=25 (full 0):
 garbage-first heap   total 227328K, used 156672K [0x0000000080000000, 0x0000000100000000)
  region size 1024K, 5 young (5120K), 5 survivors (5120K)
 Metaspace       used 92499K, capacity 94685K, committed 95052K, reserved 1132544K
  class space    used 12036K, capacity 12806K, committed 12928K, reserved 1048576K
}
Event: 16.195 GC heap before
{Heap before GC invocations=25 (full 0):
 garbage-first heap   total 227328K, used 180224K [0x0000000080000000, 0x0000000100000000)
  region size 1024K, 30 young (30720K), 5 survivors (5120K)
 Metaspace       used 92830K, capacity 94976K, committed 95052K, reserved 1132544K
  class space    used 12065K, capacity 12855K, committed 12928K, reserved 1048576K
}

