# JRE version: OpenJDK Runtime Environment (11.0.8+10) (build 11.0.8+10-b944.6842174)
# Java VM: OpenJDK 64-Bit Server VM (11.0.8+10-b944.6842174, mixed mode, tiered, compressed oops, g1 gc, windows-amd64)
Heap:
 garbage-first heap   total 235520K, used 147341K [0x0000000080000000, 0x0000000100000000)
  region size 1024K, 25 young (25600K), 6 survivors (6144K)
 Metaspace       used 88905K, capacity 90905K, committed 91212K, reserved 1128448K
  class space    used 11600K, capacity 12320K, committed 12416K, reserved 1048576K
GC Heap History (20 events):
Event: 7.126 GC heap before
{Heap before GC invocations=9 (full 0):
 garbage-first heap   total 157696K, used 108434K [0x0000000080000000, 0x0000000100000000)
  region size 1024K, 80 young (81920K), 8 survivors (8192K)
 Metaspace       used 51233K, capacity 52520K, committed 52812K, reserved 1095680K
  class space    used 6536K, capacity 6946K, committed 7040K, reserved 1048576K
}
Event: 7.138 GC heap after
{Heap after GC invocations=10 (full 0):
 garbage-first heap   total 157696K, used 44227K [0x0000000080000000, 0x0000000100000000)
  region size 1024K, 10 young (10240K), 10 survivors (10240K)
 Metaspace       used 51233K, capacity 52520K, committed 52812K, reserved 1095680K
  class space    used 6536K, capacity 6946K, committed 7040K, reserved 1048576K
}
Event: 7.996 GC heap before
{Heap before GC invocations=10 (full 0):
 garbage-first heap   total 157696K, used 104643K [0x0000000080000000, 0x0000000100000000)
  region size 1024K, 70 young (71680K), 10 survivors (10240K)
 Metaspace       used 58668K, capacity 60116K, committed 60236K, reserved 1101824K
  class space    used 7442K, capacity 7966K, committed 8064K, reserved 1048576K
}
Event: 8.023 GC heap after
{Heap after GC invocations=11 (full 0):
 garbage-first heap   total 157696K, used 50603K [0x0000000080000000, 0x0000000100000000)
  region size 1024K, 6 young (6144K), 6 survivors (6144K)
 Metaspace       used 58668K, capacity 60116K, committed 60236K, reserved 1101824K
  class space    used 7442K, capacity 7966K, committed 8064K, reserved 1048576K
}
Event: 8.774 GC heap before
{Heap before GC invocations=12 (full 0):
 garbage-first heap   total 157696K, used 114091K [0x0000000080000000, 0x0000000100000000)
  region size 1024K, 68 young (69632K), 6 survivors (6144K)
 Metaspace       used 63171K, capacity 64631K, committed 64844K, reserved 1105920K
  class space    used 8006K, capacity 8550K, committed 8576K, reserved 1048576K
}
Event: 8.785 GC heap after
{Heap after GC invocations=13 (full 0):
 garbage-first heap   total 157696K, used 54545K [0x0000000080000000, 0x0000000100000000)
  region size 1024K, 5 young (5120K), 5 survivors (5120K)
 Metaspace       used 63171K, capacity 64631K, committed 64844K, reserved 1105920K
  class space    used 8006K, capacity 8550K, committed 8576K, reserved 1048576K
}
Event: 9.698 GC heap before
{Heap before GC invocations=13 (full 0):
 garbage-first heap   total 157696K, used 117009K [0x0000000080000000, 0x0000000100000000)
  region size 1024K, 66 young (67584K), 5 survivors (5120K)
 Metaspace       used 71143K, capacity 72836K, committed 73036K, reserved 1112064K
  class space    used 9228K, capacity 9825K, committed 9856K, reserved 1048576K
}
Event: 9.709 GC heap after
{Heap after GC invocations=14 (full 0):
 garbage-first heap   total 189440K, used 58713K [0x0000000080000000, 0x0000000100000000)
  region size 1024K, 5 young (5120K), 5 survivors (5120K)
 Metaspace       used 71143K, capacity 72836K, committed 73036K, reserved 1112064K
  class space    used 9228K, capacity 9825K, committed 9856K, reserved 1048576K
}
Event: 10.776 GC heap before
{Heap before GC invocations=14 (full 0):
 garbage-first heap   total 189440K, used 132441K [0x0000000080000000, 0x0000000100000000)
  region size 1024K, 77 young (78848K), 5 survivors (5120K)
 Metaspace       used 78317K, capacity 80053K, committed 80204K, reserved 1118208K
  class space    used 10190K, capacity 10803K, committed 10880K, reserved 1048576K
}
Event: 10.786 GC heap after
{Heap after GC invocations=15 (full 0):
 garbage-first heap   total 189440K, used 63167K [0x0000000080000000, 0x0000000100000000)
  region size 1024K, 9 young (9216K), 9 survivors (9216K)
 Metaspace       used 78317K, capacity 80053K, committed 80204K, reserved 1118208K
  class space    used 10190K, capacity 10803K, committed 10880K, reserved 1048576K
}
Event: 11.609 GC heap before
{Heap before GC invocations=15 (full 0):
 garbage-first heap   total 189440K, used 135871K [0x0000000080000000, 0x0000000100000000)
  region size 1024K, 81 young (82944K), 9 survivors (9216K)
 Metaspace       used 79716K, capacity 81609K, committed 81868K, reserved 1120256K
  class space    used 10337K, capacity 11002K, committed 11008K, reserved 1048576K
}
Event: 11.621 GC heap after
{Heap after GC invocations=16 (full 0):
 garbage-first heap   total 189440K, used 68535K [0x0000000080000000, 0x0000000100000000)
  region size 1024K, 11 young (11264K), 11 survivors (11264K)
 Metaspace       used 79716K, capacity 81609K, committed 81868K, reserved 1120256K
  class space    used 10337K, capacity 11002K, committed 11008K, reserved 1048576K
}
Event: 12.136 GC heap before
{Heap before GC invocations=16 (full 0):
 garbage-first heap   total 189440K, used 141239K [0x0000000080000000, 0x0000000100000000)
  region size 1024K, 83 young (84992K), 11 survivors (11264K)
 Metaspace       used 81602K, capacity 83546K, committed 83660K, reserved 1122304K
  class space    used 10562K, capacity 11238K, committed 11264K, reserved 1048576K
}
Event: 12.150 GC heap after
{Heap after GC invocations=17 (full 0):
 garbage-first heap   total 189440K, used 72112K [0x0000000080000000, 0x0000000100000000)
  region size 1024K, 9 young (9216K), 9 survivors (9216K)
 Metaspace       used 81602K, capacity 83546K, committed 83660K, reserved 1122304K
  class space    used 10562K, capacity 11238K, committed 11264K, reserved 1048576K
}
Event: 12.551 GC heap before
{Heap before GC invocations=17 (full 0):
 garbage-first heap   total 189440K, used 153008K [0x0000000080000000, 0x0000000100000000)
  region size 1024K, 69 young (70656K), 9 survivors (9216K)
 Metaspace       used 86211K, capacity 88306K, committed 88524K, reserved 1126400K
  class space    used 11167K, capacity 11925K, committed 12032K, reserved 1048576K
}
Event: 12.566 GC heap after
{Heap after GC invocations=18 (full 0):
 garbage-first heap   total 189440K, used 94929K [0x0000000080000000, 0x0000000100000000)
  region size 1024K, 11 young (11264K), 11 survivors (11264K)
 Metaspace       used 86211K, capacity 88306K, committed 88524K, reserved 1126400K
  class space    used 11167K, capacity 11925K, committed 12032K, reserved 1048576K
}
Event: 12.890 GC heap before
{Heap before GC invocations=19 (full 0):
 garbage-first heap   total 189440K, used 135889K [0x0000000080000000, 0x0000000100000000)
  region size 1024K, 50 young (51200K), 11 survivors (11264K)
 Metaspace       used 87006K, capacity 89047K, committed 89420K, reserved 1126400K
  class space    used 11270K, capacity 12004K, committed 12160K, reserved 1048576K
}
Event: 12.950 GC heap after
{Heap after GC invocations=20 (full 0):
 garbage-first heap   total 189440K, used 110820K [0x0000000080000000, 0x0000000100000000)
  region size 1024K, 9 young (9216K), 9 survivors (9216K)
 Metaspace       used 87006K, capacity 89047K, committed 89420K, reserved 1126400K
  class space    used 11270K, capacity 12004K, committed 12160K, reserved 1048576K
}
Event: 13.320 GC heap before
{Heap before GC invocations=21 (full 0):
 garbage-first heap   total 189440K, used 149732K [0x0000000080000000, 0x0000000100000000)
  region size 1024K, 46 young (47104K), 9 survivors (9216K)
 Metaspace       used 88883K, capacity 90838K, committed 91212K, reserved 1128448K
  class space    used 11600K, capacity 12320K, committed 12416K, reserved 1048576K
}
Event: 13.354 GC heap after
{Heap after GC invocations=22 (full 0):
 garbage-first heap   total 235520K, used 128909K [0x0000000080000000, 0x0000000100000000)
  region size 1024K, 6 young (6144K), 6 survivors (6144K)
 Metaspace       used 88883K, capacity 90838K, committed 91212K, reserved 1128448K
  class space    used 11600K, capacity 12320K, committed 12416K, reserved 1048576K
}

