# JRE version: OpenJDK Runtime Environment (11.0.8+10) (build 11.0.8+10-b944.6842174)
# Java VM: OpenJDK 64-Bit Server VM (11.0.8+10-b944.6842174, mixed mode, tiered, compressed oops, g1 gc, windows-amd64)
Heap:
 garbage-first heap   total 315392K, used 163352K [0x0000000080000000, 0x0000000100000000)
  region size 1024K, 4 young (4096K), 4 survivors (4096K)
 Metaspace       used 91173K, capacity 93252K, committed 93312K, reserved 1130496K
  class space    used 11890K, capacity 12657K, committed 12672K, reserved 1048576K
GC Heap History (20 events):
Event: 10.091 GC heap after
{Heap after GC invocations=15 (full 0):
 garbage-first heap   total 157696K, used 62355K [0x0000000080000000, 0x0000000100000000)
  region size 1024K, 8 young (8192K), 8 survivors (8192K)
 Metaspace       used 76051K, capacity 77774K, committed 77952K, reserved 1116160K
  class space    used 9936K, capacity 10552K, committed 10624K, reserved 1048576K
}
Event: 10.791 GC heap before
{Heap before GC invocations=15 (full 0):
 garbage-first heap   total 157696K, used 121747K [0x0000000080000000, 0x0000000100000000)
  region size 1024K, 67 young (68608K), 8 survivors (8192K)
 Metaspace       used 79338K, capacity 81249K, committed 81536K, reserved 1120256K
  class space    used 10337K, capacity 11025K, committed 11136K, reserved 1048576K
}
Event: 10.803 GC heap after
{Heap after GC invocations=16 (full 0):
 garbage-first heap   total 189440K, used 66745K [0x0000000080000000, 0x0000000100000000)
  region size 1024K, 8 young (8192K), 8 survivors (8192K)
 Metaspace       used 79338K, capacity 81249K, committed 81536K, reserved 1120256K
  class space    used 10337K, capacity 11025K, committed 11136K, reserved 1048576K
}
Event: 11.512 GC heap before
{Heap before GC invocations=16 (full 0):
 garbage-first heap   total 189440K, used 139449K [0x0000000080000000, 0x0000000100000000)
  region size 1024K, 80 young (81920K), 8 survivors (8192K)
 Metaspace       used 81188K, capacity 83170K, committed 83200K, reserved 1122304K
  class space    used 10542K, capacity 11246K, committed 11264K, reserved 1048576K
}
Event: 11.524 GC heap after
{Heap after GC invocations=17 (full 0):
 garbage-first heap   total 189440K, used 71580K [0x0000000080000000, 0x0000000100000000)
  region size 1024K, 9 young (9216K), 9 survivors (9216K)
 Metaspace       used 81188K, capacity 83170K, committed 83200K, reserved 1122304K
  class space    used 10542K, capacity 11246K, committed 11264K, reserved 1048576K
}
Event: 11.953 GC heap before
{Heap before GC invocations=17 (full 0):
 garbage-first heap   total 189440K, used 152476K [0x0000000080000000, 0x0000000100000000)
  region size 1024K, 81 young (82944K), 9 survivors (9216K)
 Metaspace       used 84198K, capacity 86206K, committed 86400K, reserved 1124352K
  class space    used 10921K, capacity 11646K, committed 11648K, reserved 1048576K
}
Event: 11.963 GC heap after
{Heap after GC invocations=18 (full 0):
 garbage-first heap   total 189440K, used 85317K [0x0000000080000000, 0x0000000100000000)
  region size 1024K, 11 young (11264K), 11 survivors (11264K)
 Metaspace       used 84198K, capacity 86206K, committed 86400K, reserved 1124352K
  class space    used 10921K, capacity 11646K, committed 11648K, reserved 1048576K
}
Event: 12.125 GC heap before
{Heap before GC invocations=18 (full 0):
 garbage-first heap   total 189440K, used 110917K [0x0000000080000000, 0x0000000100000000)
  region size 1024K, 28 young (28672K), 11 survivors (11264K)
 Metaspace       used 86425K, capacity 88555K, committed 88832K, reserved 1126400K
  class space    used 11207K, capacity 11963K, committed 12032K, reserved 1048576K
}
Event: 12.137 GC heap after
{Heap after GC invocations=19 (full 0):
 garbage-first heap   total 189440K, used 92983K [0x0000000080000000, 0x0000000100000000)
  region size 1024K, 4 young (4096K), 4 survivors (4096K)
 Metaspace       used 86425K, capacity 88555K, committed 88832K, reserved 1126400K
  class space    used 11207K, capacity 11963K, committed 12032K, reserved 1048576K
}
Event: 12.526 GC heap before
{Heap before GC invocations=20 (full 0):
 garbage-first heap   total 189440K, used 137015K [0x0000000080000000, 0x0000000100000000)
  region size 1024K, 43 young (44032K), 4 survivors (4096K)
 Metaspace       used 86884K, capacity 88867K, committed 89472K, reserved 1126400K
  class space    used 11243K, capacity 11964K, committed 12160K, reserved 1048576K
}
Event: 12.545 GC heap after
{Heap after GC invocations=21 (full 0):
 garbage-first heap   total 189440K, used 110169K [0x0000000080000000, 0x0000000100000000)
  region size 1024K, 8 young (8192K), 8 survivors (8192K)
 Metaspace       used 86884K, capacity 88867K, committed 89472K, reserved 1126400K
  class space    used 11243K, capacity 11964K, committed 12160K, reserved 1048576K
}
Event: 12.939 GC heap before
{Heap before GC invocations=22 (full 0):
 garbage-first heap   total 189440K, used 150105K [0x0000000080000000, 0x0000000100000000)
  region size 1024K, 46 young (47104K), 8 survivors (8192K)
 Metaspace       used 88875K, capacity 90866K, committed 91264K, reserved 1128448K
  class space    used 11606K, capacity 12328K, committed 12416K, reserved 1048576K
}
Event: 12.969 GC heap after
{Heap after GC invocations=23 (full 0):
 garbage-first heap   total 227328K, used 129024K [0x0000000080000000, 0x0000000100000000)
  region size 1024K, 6 young (6144K), 6 survivors (6144K)
 Metaspace       used 88875K, capacity 90866K, committed 91264K, reserved 1128448K
  class space    used 11606K, capacity 12328K, committed 12416K, reserved 1048576K
}
Event: 13.166 GC heap before
{Heap before GC invocations=23 (full 0):
 garbage-first heap   total 227328K, used 171008K [0x0000000080000000, 0x0000000100000000)
  region size 1024K, 47 young (48128K), 6 survivors (6144K)
 Metaspace       used 89026K, capacity 91033K, committed 91392K, reserved 1128448K
  class space    used 11624K, capacity 12361K, committed 12544K, reserved 1048576K
}
Event: 13.200 GC heap after
{Heap after GC invocations=24 (full 0):
 garbage-first heap   total 227328K, used 153600K [0x0000000080000000, 0x0000000100000000)
  region size 1024K, 6 young (6144K), 6 survivors (6144K)
 Metaspace       used 89026K, capacity 91033K, committed 91392K, reserved 1128448K
  class space    used 11624K, capacity 12361K, committed 12544K, reserved 1048576K
}
Event: 13.621 GC heap before
{Heap before GC invocations=25 (full 0):
 garbage-first heap   total 227328K, used 169984K [0x0000000080000000, 0x0000000100000000)
  region size 1024K, 30 young (30720K), 6 survivors (6144K)
 Metaspace       used 90912K, capacity 93039K, committed 93312K, reserved 1130496K
  class space    used 11876K, capacity 12634K, committed 12672K, reserved 1048576K
}
Event: 13.637 GC heap after
{Heap after GC invocations=26 (full 0):
 garbage-first heap   total 227328K, used 151552K [0x0000000080000000, 0x0000000100000000)
  region size 1024K, 4 young (4096K), 4 survivors (4096K)
 Metaspace       used 90912K, capacity 93039K, committed 93312K, reserved 1130496K
  class space    used 11876K, capacity 12634K, committed 12672K, reserved 1048576K
}
Event: 13.861 GC heap before
{Heap before GC invocations=26 (full 0):
 garbage-first heap   total 227328K, used 172032K [0x0000000080000000, 0x0000000100000000)
  region size 1024K, 25 young (25600K), 4 survivors (4096K)
 Metaspace       used 91150K, capacity 93231K, committed 93312K, reserved 1130496K
  class space    used 11895K, capacity 12672K, committed 12672K, reserved 1048576K
}
Event: 13.882 GC heap after
{Heap after GC invocations=27 (full 0):
 garbage-first heap   total 227328K, used 154802K [0x0000000080000000, 0x0000000100000000)
  region size 1024K, 3 young (3072K), 3 survivors (3072K)
 Metaspace       used 91150K, capacity 93231K, committed 93312K, reserved 1130496K
  class space    used 11895K, capacity 12672K, committed 12672K, reserved 1048576K
}
Event: 14.246 GC heap before
{Heap before GC invocations=27 (full 0):
 garbage-first heap   total 227328K, used 184498K [0x0000000080000000, 0x0000000100000000)
  region size 1024K, 27 young (27648K), 3 survivors (3072K)
 Metaspace       used 91173K, capacity 93252K, committed 93312K, reserved 1130496K
  class space    used 11890K, capacity 12657K, committed 12672K, reserved 1048576K
}

