# JRE version: OpenJDK Runtime Environment (11.0.8+10) (build 11.0.8+10-b944.6842174)
# Java VM: OpenJDK 64-Bit Server VM (11.0.8+10-b944.6842174, mixed mode, tiered, compressed oops, g1 gc, windows-amd64)
Heap:
 garbage-first heap   total 447488K, used 153458K [0x0000000080000000, 0x0000000100000000)
  region size 1024K, 3 young (3072K), 3 survivors (3072K)
 Metaspace       used 105481K, capacity 108053K, committed 108288K, reserved 1142784K
  class space    used 13429K, capacity 14334K, committed 14336K, reserved 1048576K
GC Heap History (20 events):
Event: 22.023 GC heap after
{Heap after GC invocations=35 (full 0):
 garbage-first heap   total 290816K, used 175870K [0x0000000080000000, 0x0000000100000000)
  region size 1024K, 2 young (2048K), 2 survivors (2048K)
 Metaspace       used 92428K, capacity 94529K, committed 94720K, reserved 1130496K
  class space    used 12020K, capacity 12798K, committed 12800K, reserved 1048576K
}
Event: 22.119 GC heap before
{Heap before GC invocations=35 (full 0):
 garbage-first heap   total 290816K, used 196350K [0x0000000080000000, 0x0000000100000000)
  region size 1024K, 24 young (24576K), 2 survivors (2048K)
 Metaspace       used 92609K, capacity 94722K, committed 94976K, reserved 1132544K
  class space    used 12029K, capacity 12798K, committed 12800K, reserved 1048576K
}
Event: 22.125 GC heap after
{Heap after GC invocations=36 (full 0):
 garbage-first heap   total 290816K, used 178160K [0x0000000080000000, 0x0000000100000000)
  region size 1024K, 5 young (5120K), 5 survivors (5120K)
 Metaspace       used 92609K, capacity 94722K, committed 94976K, reserved 1132544K
  class space    used 12029K, capacity 12798K, committed 12800K, reserved 1048576K
}
Event: 22.401 GC heap before
{Heap before GC invocations=36 (full 0):
 garbage-first heap   total 290816K, used 223216K [0x0000000080000000, 0x0000000100000000)
  region size 1024K, 43 young (44032K), 5 survivors (5120K)
 Metaspace       used 92869K, capacity 95003K, committed 95104K, reserved 1132544K
  class space    used 12061K, capacity 12847K, committed 12928K, reserved 1048576K
}
Event: 22.405 GC heap after
{Heap after GC invocations=37 (full 0):
 garbage-first heap   total 290816K, used 183503K [0x0000000080000000, 0x0000000100000000)
  region size 1024K, 3 young (3072K), 3 survivors (3072K)
 Metaspace       used 92869K, capacity 95003K, committed 95104K, reserved 1132544K
  class space    used 12061K, capacity 12847K, committed 12928K, reserved 1048576K
}
Event: 22.647 GC heap before
{Heap before GC invocations=37 (full 0):
 garbage-first heap   total 290816K, used 222415K [0x0000000080000000, 0x0000000100000000)
  region size 1024K, 42 young (43008K), 3 survivors (3072K)
 Metaspace       used 93153K, capacity 95221K, committed 95360K, reserved 1132544K
  class space    used 12092K, capacity 12851K, committed 12928K, reserved 1048576K
}
Event: 22.654 GC heap after
{Heap after GC invocations=38 (full 0):
 garbage-first heap   total 290816K, used 188299K [0x0000000080000000, 0x0000000100000000)
  region size 1024K, 6 young (6144K), 6 survivors (6144K)
 Metaspace       used 93153K, capacity 95221K, committed 95360K, reserved 1132544K
  class space    used 12092K, capacity 12851K, committed 12928K, reserved 1048576K
}
Event: 22.930 GC heap before
{Heap before GC invocations=39 (full 0):
 garbage-first heap   total 290816K, used 236427K [0x0000000080000000, 0x0000000100000000)
  region size 1024K, 45 young (46080K), 6 survivors (6144K)
 Metaspace       used 93914K, capacity 96028K, committed 96256K, reserved 1132544K
  class space    used 12176K, capacity 12949K, committed 13056K, reserved 1048576K
}
Event: 22.942 GC heap after
{Heap after GC invocations=40 (full 0):
 garbage-first heap   total 290816K, used 201159K [0x0000000080000000, 0x0000000100000000)
  region size 1024K, 5 young (5120K), 5 survivors (5120K)
 Metaspace       used 93914K, capacity 96028K, committed 96256K, reserved 1132544K
  class space    used 12176K, capacity 12949K, committed 13056K, reserved 1048576K
}
Event: 22.991 GC heap before
{Heap before GC invocations=40 (full 0):
 garbage-first heap   total 290816K, used 210375K [0x0000000080000000, 0x0000000100000000)
  region size 1024K, 14 young (14336K), 5 survivors (5120K)
 Metaspace       used 94170K, capacity 96261K, committed 96512K, reserved 1132544K
  class space    used 12211K, capacity 12984K, committed 13056K, reserved 1048576K
}
Event: 23.002 GC heap after
{Heap after GC invocations=41 (full 0):
 garbage-first heap   total 349184K, used 198921K [0x0000000080000000, 0x0000000100000000)
  region size 1024K, 1 young (1024K), 1 survivors (1024K)
 Metaspace       used 94170K, capacity 96261K, committed 96512K, reserved 1132544K
  class space    used 12211K, capacity 12984K, committed 13056K, reserved 1048576K
}
Event: 23.659 GC heap before
{Heap before GC invocations=41 (full 0):
 garbage-first heap   total 349184K, used 243977K [0x0000000080000000, 0x0000000100000000)
  region size 1024K, 47 young (48128K), 1 survivors (1024K)
 Metaspace       used 95691K, capacity 97816K, committed 97920K, reserved 1134592K
  class space    used 12376K, capacity 13167K, committed 13184K, reserved 1048576K
}
Event: 23.666 GC heap after
{Heap after GC invocations=42 (full 0):
 garbage-first heap   total 349184K, used 201822K [0x0000000080000000, 0x0000000100000000)
  region size 1024K, 4 young (4096K), 4 survivors (4096K)
 Metaspace       used 95691K, capacity 97816K, committed 97920K, reserved 1134592K
  class space    used 12376K, capacity 13167K, committed 13184K, reserved 1048576K
}
Event: 24.479 GC heap before
{Heap before GC invocations=43 (full 0):
 garbage-first heap   total 349184K, used 256094K [0x0000000080000000, 0x0000000100000000)
  region size 1024K, 61 young (62464K), 4 survivors (4096K)
 Metaspace       used 99385K, capacity 101745K, committed 101888K, reserved 1136640K
  class space    used 12861K, capacity 13742K, committed 13824K, reserved 1048576K
}
Event: 24.499 GC heap after
{Heap after GC invocations=44 (full 0):
 garbage-first heap   total 349184K, used 204924K [0x0000000080000000, 0x0000000100000000)
  region size 1024K, 8 young (8192K), 8 survivors (8192K)
 Metaspace       used 99385K, capacity 101745K, committed 101888K, reserved 1136640K
  class space    used 12861K, capacity 13742K, committed 13824K, reserved 1048576K
}
Event: 24.545 GC heap before
{Heap before GC invocations=44 (full 0):
 garbage-first heap   total 349184K, used 213116K [0x0000000080000000, 0x0000000100000000)
  region size 1024K, 17 young (17408K), 8 survivors (8192K)
 Metaspace       used 99528K, capacity 101920K, committed 102144K, reserved 1138688K
  class space    used 12871K, capacity 13779K, committed 13824K, reserved 1048576K
}
Event: 24.558 GC heap after
{Heap after GC invocations=45 (full 0):
 garbage-first heap   total 349184K, used 184625K [0x0000000080000000, 0x0000000100000000)
  region size 1024K, 2 young (2048K), 2 survivors (2048K)
 Metaspace       used 99528K, capacity 101920K, committed 102144K, reserved 1138688K
  class space    used 12871K, capacity 13779K, committed 13824K, reserved 1048576K
}
Event: 25.329 GC heap before
{Heap before GC invocations=45 (full 0):
 garbage-first heap   total 349184K, used 253233K [0x0000000080000000, 0x0000000100000000)
  region size 1024K, 68 young (69632K), 2 survivors (2048K)
 Metaspace       used 100205K, capacity 102584K, committed 102656K, reserved 1138688K
  class space    used 12926K, capacity 13822K, committed 13824K, reserved 1048576K
}
Event: 25.351 GC heap after
{Heap after GC invocations=46 (full 0):
 garbage-first heap   total 349184K, used 189393K [0x0000000080000000, 0x0000000100000000)
  region size 1024K, 7 young (7168K), 7 survivors (7168K)
 Metaspace       used 100205K, capacity 102584K, committed 102656K, reserved 1138688K
  class space    used 12926K, capacity 13822K, committed 13824K, reserved 1048576K
}
Event: 28.954 GC heap before
{Heap before GC invocations=47 (full 0):
 garbage-first heap   total 349184K, used 238545K [0x0000000080000000, 0x0000000100000000)
  region size 1024K, 75 young (76800K), 7 survivors (7168K)
 Metaspace       used 105481K, capacity 108053K, committed 108288K, reserved 1142784K
  class space    used 13429K, capacity 14334K, committed 14336K, reserved 1048576K
}

