# JRE version: OpenJDK Runtime Environment (11.0.8+10) (build 11.0.8+10-b944.6842174)
# Java VM: OpenJDK 64-Bit Server VM (11.0.8+10-b944.6842174, mixed mode, tiered, compressed oops, g1 gc, windows-amd64)
Heap:
 garbage-first heap   total 131072K, used 74245K [0x0000000080000000, 0x0000000100000000)
  region size 1024K, 40 young (40960K), 2 survivors (2048K)
 Metaspace       used 39379K, capacity 40348K, committed 40444K, reserved 1085440K
  class space    used 5068K, capacity 5434K, committed 5504K, reserved 1048576K
GC Heap History (12 events):
Event: 0.849 GC heap before
{Heap before GC invocations=0 (full 0):
 garbage-first heap   total 131072K, used 29696K [0x0000000080000000, 0x0000000100000000)
  region size 1024K, 24 young (24576K), 0 survivors (0K)
 Metaspace       used 10466K, capacity 10677K, committed 11008K, reserved 1058816K
  class space    used 1097K, capacity 1195K, committed 1280K, reserved 1048576K
}
Event: 0.855 GC heap after
{Heap after GC invocations=1 (full 0):
 garbage-first heap   total 131072K, used 8987K [0x0000000080000000, 0x0000000100000000)
  region size 1024K, 3 young (3072K), 3 survivors (3072K)
 Metaspace       used 10466K, capacity 10677K, committed 11008K, reserved 1058816K
  class space    used 1097K, capacity 1195K, committed 1280K, reserved 1048576K
}
Event: 2.735 GC heap before
{Heap before GC invocations=1 (full 0):
 garbage-first heap   total 131072K, used 82715K [0x0000000080000000, 0x0000000100000000)
  region size 1024K, 76 young (77824K), 3 survivors (3072K)
 Metaspace       used 18990K, capacity 19473K, committed 19712K, reserved 1067008K
  class space    used 2292K, capacity 2469K, committed 2560K, reserved 1048576K
}
Event: 2.742 GC heap after
{Heap after GC invocations=2 (full 0):
 garbage-first heap   total 131072K, used 16152K [0x0000000080000000, 0x0000000100000000)
  region size 1024K, 10 young (10240K), 10 survivors (10240K)
 Metaspace       used 18990K, capacity 19473K, committed 19712K, reserved 1067008K
  class space    used 2292K, capacity 2469K, committed 2560K, reserved 1048576K
}
Event: 2.878 GC heap before
{Heap before GC invocations=2 (full 0):
 garbage-first heap   total 131072K, used 27416K [0x0000000080000000, 0x0000000100000000)
  region size 1024K, 22 young (22528K), 10 survivors (10240K)
 Metaspace       used 20587K, capacity 21139K, committed 21296K, reserved 1069056K
  class space    used 2516K, capacity 2688K, committed 2688K, reserved 1048576K
}
Event: 2.884 GC heap after
{Heap after GC invocations=3 (full 0):
 garbage-first heap   total 131072K, used 16175K [0x0000000080000000, 0x0000000100000000)
  region size 1024K, 1 young (1024K), 1 survivors (1024K)
 Metaspace       used 20587K, capacity 21139K, committed 21296K, reserved 1069056K
  class space    used 2516K, capacity 2688K, committed 2688K, reserved 1048576K
}
Event: 3.325 GC heap before
{Heap before GC invocations=4 (full 0):
 garbage-first heap   total 131072K, used 62255K [0x0000000080000000, 0x0000000100000000)
  region size 1024K, 46 young (47104K), 1 survivors (1024K)
 Metaspace       used 25828K, capacity 26461K, committed 26672K, reserved 1073152K
  class space    used 3360K, capacity 3594K, committed 3712K, reserved 1048576K
}
Event: 3.328 GC heap after
{Heap after GC invocations=5 (full 0):
 garbage-first heap   total 131072K, used 18089K [0x0000000080000000, 0x0000000100000000)
  region size 1024K, 3 young (3072K), 3 survivors (3072K)
 Metaspace       used 25828K, capacity 26461K, committed 26672K, reserved 1073152K
  class space    used 3360K, capacity 3594K, committed 3712K, reserved 1048576K
}
Event: 4.083 GC heap before
{Heap before GC invocations=5 (full 0):
 garbage-first heap   total 131072K, used 78505K [0x0000000080000000, 0x0000000100000000)
  region size 1024K, 53 young (54272K), 3 survivors (3072K)
 Metaspace       used 31327K, capacity 32107K, committed 32304K, reserved 1077248K
  class space    used 4204K, capacity 4472K, committed 4480K, reserved 1048576K
}
Event: 4.087 GC heap after
{Heap after GC invocations=6 (full 0):
 garbage-first heap   total 131072K, used 32106K [0x0000000080000000, 0x0000000100000000)
  region size 1024K, 7 young (7168K), 7 survivors (7168K)
 Metaspace       used 31327K, capacity 32107K, committed 32304K, reserved 1077248K
  class space    used 4204K, capacity 4472K, committed 4480K, reserved 1048576K
}
Event: 4.250 GC heap before
{Heap before GC invocations=6 (full 0):
 garbage-first heap   total 131072K, used 39274K [0x0000000080000000, 0x0000000100000000)
  region size 1024K, 16 young (16384K), 7 survivors (7168K)
 Metaspace       used 34838K, capacity 35647K, committed 35708K, reserved 1081344K
  class space    used 4538K, capacity 4844K, committed 4864K, reserved 1048576K
}
Event: 4.260 GC heap after
{Heap after GC invocations=7 (full 0):
 garbage-first heap   total 131072K, used 34309K [0x0000000080000000, 0x0000000100000000)
  region size 1024K, 2 young (2048K), 2 survivors (2048K)
 Metaspace       used 34838K, capacity 35647K, committed 35708K, reserved 1081344K
  class space    used 4538K, capacity 4844K, committed 4864K, reserved 1048576K
}

