# JRE version: OpenJDK Runtime Environment (11.0.8+10) (build 11.0.8+10-b944.6842174)
# Java VM: OpenJDK 64-Bit Server VM (11.0.8+10-b944.6842174, mixed mode, tiered, compressed oops, g1 gc, windows-amd64)
Heap:
 garbage-first heap   total 332800K, used 164818K [0x0000000080000000, 0x0000000100000000)
  region size 1024K, 4 young (4096K), 4 survivors (4096K)
 Metaspace       used 91238K, capacity 93355K, committed 93696K, reserved 1130496K
  class space    used 11907K, capacity 12694K, committed 12800K, reserved 1048576K
GC Heap History (20 events):
Event: 8.499 GC heap after
{Heap after GC invocations=14 (full 0):
 garbage-first heap   total 157696K, used 54518K [0x0000000080000000, 0x0000000100000000)
  region size 1024K, 6 young (6144K), 6 survivors (6144K)
 Metaspace       used 62717K, capacity 64171K, committed 64384K, reserved 1105920K
  class space    used 7934K, capacity 8461K, committed 8576K, reserved 1048576K
}
Event: 9.379 GC heap before
{Heap before GC invocations=15 (full 0):
 garbage-first heap   total 157696K, used 114934K [0x0000000080000000, 0x0000000100000000)
  region size 1024K, 65 young (66560K), 6 survivors (6144K)
 Metaspace       used 70385K, capacity 71887K, committed 71936K, reserved 1112064K
  class space    used 9109K, capacity 9698K, committed 9728K, reserved 1048576K
}
Event: 9.388 GC heap after
{Heap after GC invocations=16 (full 0):
 garbage-first heap   total 157696K, used 58712K [0x0000000080000000, 0x0000000100000000)
  region size 1024K, 9 young (9216K), 9 survivors (9216K)
 Metaspace       used 70385K, capacity 71887K, committed 71936K, reserved 1112064K
  class space    used 9109K, capacity 9698K, committed 9728K, reserved 1048576K
}
Event: 10.188 GC heap before
{Heap before GC invocations=16 (full 0):
 garbage-first heap   total 157696K, used 119128K [0x0000000080000000, 0x0000000100000000)
  region size 1024K, 68 young (69632K), 9 survivors (9216K)
 Metaspace       used 75748K, capacity 77384K, committed 77568K, reserved 1116160K
  class space    used 9881K, capacity 10488K, committed 10496K, reserved 1048576K
}
Event: 10.201 GC heap after
{Heap after GC invocations=17 (full 0):
 garbage-first heap   total 189440K, used 62188K [0x0000000080000000, 0x0000000100000000)
  region size 1024K, 8 young (8192K), 8 survivors (8192K)
 Metaspace       used 75748K, capacity 77384K, committed 77568K, reserved 1116160K
  class space    used 9881K, capacity 10488K, committed 10496K, reserved 1048576K
}
Event: 11.084 GC heap before
{Heap before GC invocations=17 (full 0):
 garbage-first heap   total 189440K, used 136940K [0x0000000080000000, 0x0000000100000000)
  region size 1024K, 82 young (83968K), 8 survivors (8192K)
 Metaspace       used 79435K, capacity 81300K, committed 81408K, reserved 1120256K
  class space    used 10326K, capacity 10998K, committed 11008K, reserved 1048576K
}
Event: 11.095 GC heap after
{Heap after GC invocations=18 (full 0):
 garbage-first heap   total 189440K, used 67527K [0x0000000080000000, 0x0000000100000000)
  region size 1024K, 9 young (9216K), 9 survivors (9216K)
 Metaspace       used 79435K, capacity 81300K, committed 81408K, reserved 1120256K
  class space    used 10326K, capacity 10998K, committed 11008K, reserved 1048576K
}
Event: 11.799 GC heap before
{Heap before GC invocations=18 (full 0):
 garbage-first heap   total 189440K, used 142279K [0x0000000080000000, 0x0000000100000000)
  region size 1024K, 83 young (84992K), 9 survivors (9216K)
 Metaspace       used 81394K, capacity 83373K, committed 83456K, reserved 1122304K
  class space    used 10549K, capacity 11247K, committed 11264K, reserved 1048576K
}
Event: 11.812 GC heap after
{Heap after GC invocations=19 (full 0):
 garbage-first heap   total 189440K, used 71894K [0x0000000080000000, 0x0000000100000000)
  region size 1024K, 10 young (10240K), 10 survivors (10240K)
 Metaspace       used 81394K, capacity 83373K, committed 83456K, reserved 1122304K
  class space    used 10549K, capacity 11247K, committed 11264K, reserved 1048576K
}
Event: 12.359 GC heap before
{Heap before GC invocations=19 (full 0):
 garbage-first heap   total 189440K, used 153814K [0x0000000080000000, 0x0000000100000000)
  region size 1024K, 83 young (84992K), 10 survivors (10240K)
 Metaspace       used 86187K, capacity 88282K, committed 88576K, reserved 1126400K
  class space    used 11165K, capacity 11934K, committed 12032K, reserved 1048576K
}
Event: 12.375 GC heap after
{Heap after GC invocations=20 (full 0):
 garbage-first heap   total 189440K, used 86936K [0x0000000080000000, 0x0000000100000000)
  region size 1024K, 11 young (11264K), 11 survivors (11264K)
 Metaspace       used 86187K, capacity 88282K, committed 88576K, reserved 1126400K
  class space    used 11165K, capacity 11934K, committed 12032K, reserved 1048576K
}
Event: 12.389 GC heap before
{Heap before GC invocations=20 (full 0):
 garbage-first heap   total 189440K, used 97176K [0x0000000080000000, 0x0000000100000000)
  region size 1024K, 13 young (13312K), 11 survivors (11264K)
 Metaspace       used 86288K, capacity 88346K, committed 88576K, reserved 1126400K
  class space    used 11176K, capacity 11934K, committed 12032K, reserved 1048576K
}
Event: 12.405 GC heap after
{Heap after GC invocations=21 (full 0):
 garbage-first heap   total 227328K, used 94222K [0x0000000080000000, 0x0000000100000000)
  region size 1024K, 2 young (2048K), 2 survivors (2048K)
 Metaspace       used 86288K, capacity 88346K, committed 88576K, reserved 1126400K
  class space    used 11176K, capacity 11934K, committed 12032K, reserved 1048576K
}
Event: 13.021 GC heap before
{Heap before GC invocations=22 (full 0):
 garbage-first heap   total 227328K, used 162830K [0x0000000080000000, 0x0000000100000000)
  region size 1024K, 63 young (64512K), 2 survivors (2048K)
 Metaspace       used 88885K, capacity 90911K, committed 91264K, reserved 1128448K
  class space    used 11617K, capacity 12348K, committed 12416K, reserved 1048576K
}
Event: 13.047 GC heap after
{Heap after GC invocations=23 (full 0):
 garbage-first heap   total 227328K, used 121617K [0x0000000080000000, 0x0000000100000000)
  region size 1024K, 8 young (8192K), 8 survivors (8192K)
 Metaspace       used 88885K, capacity 90911K, committed 91264K, reserved 1128448K
  class space    used 11617K, capacity 12348K, committed 12416K, reserved 1048576K
}
Event: 13.301 GC heap before
{Heap before GC invocations=23 (full 0):
 garbage-first heap   total 227328K, used 166673K [0x0000000080000000, 0x0000000100000000)
  region size 1024K, 52 young (53248K), 8 survivors (8192K)
 Metaspace       used 89008K, capacity 91054K, committed 91264K, reserved 1128448K
  class space    used 11617K, capacity 12348K, committed 12416K, reserved 1048576K
}
Event: 13.361 GC heap after
{Heap after GC invocations=24 (full 0):
 garbage-first heap   total 227328K, used 147757K [0x0000000080000000, 0x0000000100000000)
  region size 1024K, 7 young (7168K), 7 survivors (7168K)
 Metaspace       used 89008K, capacity 91054K, committed 91264K, reserved 1128448K
  class space    used 11617K, capacity 12348K, committed 12416K, reserved 1048576K
}
Event: 13.722 GC heap before
{Heap before GC invocations=24 (full 0):
 garbage-first heap   total 227328K, used 173357K [0x0000000080000000, 0x0000000100000000)
  region size 1024K, 33 young (33792K), 7 survivors (7168K)
 Metaspace       used 90650K, capacity 92808K, committed 93056K, reserved 1130496K
  class space    used 11843K, capacity 12624K, committed 12672K, reserved 1048576K
}
Event: 13.746 GC heap after
{Heap after GC invocations=25 (full 0):
 garbage-first heap   total 227328K, used 159744K [0x0000000080000000, 0x0000000100000000)
  region size 1024K, 5 young (5120K), 5 survivors (5120K)
 Metaspace       used 90650K, capacity 92808K, committed 93056K, reserved 1130496K
  class space    used 11843K, capacity 12624K, committed 12672K, reserved 1048576K
}
Event: 14.002 GC heap before
{Heap before GC invocations=26 (full 0):
 garbage-first heap   total 227328K, used 180224K [0x0000000080000000, 0x0000000100000000)
  region size 1024K, 26 young (26624K), 5 survivors (5120K)
 Metaspace       used 91238K, capacity 93355K, committed 93696K, reserved 1130496K
  class space    used 11907K, capacity 12694K, committed 12800K, reserved 1048576K
}

