# JRE version: OpenJDK Runtime Environment (11.0.8+10) (build 11.0.8+10-b944.6842174)
# Java VM: OpenJDK 64-Bit Server VM (11.0.8+10-b944.6842174, mixed mode, tiered, compressed oops, g1 gc, windows-amd64)
Heap:
 garbage-first heap   total 227328K, used 173568K [0x0000000080000000, 0x0000000100000000)
  region size 1024K, 24 young (24576K), 4 survivors (4096K)
 Metaspace       used 91224K, capacity 93346K, committed 93440K, reserved 1130496K
  class space    used 11917K, capacity 12712K, committed 12800K, reserved 1048576K
GC Heap History (20 events):
Event: 7.580 GC heap before
{Heap before GC invocations=11 (full 0):
 garbage-first heap   total 157696K, used 108893K [0x0000000080000000, 0x0000000100000000)
  region size 1024K, 74 young (75776K), 10 survivors (10240K)
 Metaspace       used 58640K, capacity 60062K, committed 60160K, reserved 1101824K
  class space    used 7446K, capacity 7970K, committed 8064K, reserved 1048576K
}
Event: 7.602 GC heap after
{Heap after GC invocations=12 (full 0):
 garbage-first heap   total 157696K, used 50611K [0x0000000080000000, 0x0000000100000000)
  region size 1024K, 6 young (6144K), 6 survivors (6144K)
 Metaspace       used 58640K, capacity 60062K, committed 60160K, reserved 1101824K
  class space    used 7446K, capacity 7970K, committed 8064K, reserved 1048576K
}
Event: 8.355 GC heap before
{Heap before GC invocations=13 (full 0):
 garbage-first heap   total 157696K, used 114099K [0x0000000080000000, 0x0000000100000000)
  region size 1024K, 68 young (69632K), 6 survivors (6144K)
 Metaspace       used 63170K, capacity 64641K, committed 64896K, reserved 1105920K
  class space    used 8011K, capacity 8554K, committed 8576K, reserved 1048576K
}
Event: 8.367 GC heap after
{Heap after GC invocations=14 (full 0):
 garbage-first heap   total 189440K, used 54695K [0x0000000080000000, 0x0000000100000000)
  region size 1024K, 5 young (5120K), 5 survivors (5120K)
 Metaspace       used 63170K, capacity 64641K, committed 64896K, reserved 1105920K
  class space    used 8011K, capacity 8554K, committed 8576K, reserved 1048576K
}
Event: 9.473 GC heap before
{Heap before GC invocations=14 (full 0):
 garbage-first heap   total 189440K, used 130471K [0x0000000080000000, 0x0000000100000000)
  region size 1024K, 79 young (80896K), 5 survivors (5120K)
 Metaspace       used 72198K, capacity 73734K, committed 73984K, reserved 1114112K
  class space    used 9382K, capacity 9930K, committed 9984K, reserved 1048576K
}
Event: 9.482 GC heap after
{Heap after GC invocations=15 (full 0):
 garbage-first heap   total 189440K, used 58791K [0x0000000080000000, 0x0000000100000000)
  region size 1024K, 9 young (9216K), 9 survivors (9216K)
 Metaspace       used 72198K, capacity 73734K, committed 73984K, reserved 1114112K
  class space    used 9382K, capacity 9930K, committed 9984K, reserved 1048576K
}
Event: 10.605 GC heap before
{Heap before GC invocations=15 (full 0):
 garbage-first heap   total 189440K, used 135591K [0x0000000080000000, 0x0000000100000000)
  region size 1024K, 84 young (86016K), 9 survivors (9216K)
 Metaspace       used 79069K, capacity 81058K, committed 81280K, reserved 1120256K
  class space    used 10341K, capacity 11028K, committed 11136K, reserved 1048576K
}
Event: 10.618 GC heap after
{Heap after GC invocations=16 (full 0):
 garbage-first heap   total 189440K, used 64526K [0x0000000080000000, 0x0000000100000000)
  region size 1024K, 10 young (10240K), 10 survivors (10240K)
 Metaspace       used 79069K, capacity 81058K, committed 81280K, reserved 1120256K
  class space    used 10341K, capacity 11028K, committed 11136K, reserved 1048576K
}
Event: 11.345 GC heap before
{Heap before GC invocations=16 (full 0):
 garbage-first heap   total 189440K, used 140302K [0x0000000080000000, 0x0000000100000000)
  region size 1024K, 85 young (87040K), 10 survivors (10240K)
 Metaspace       used 79813K, capacity 81752K, committed 82048K, reserved 1120256K
  class space    used 10362K, capacity 11046K, committed 11136K, reserved 1048576K
}
Event: 11.361 GC heap after
{Heap after GC invocations=17 (full 0):
 garbage-first heap   total 189440K, used 69730K [0x0000000080000000, 0x0000000100000000)
  region size 1024K, 11 young (11264K), 11 survivors (11264K)
 Metaspace       used 79813K, capacity 81752K, committed 82048K, reserved 1120256K
  class space    used 10362K, capacity 11046K, committed 11136K, reserved 1048576K
}
Event: 12.031 GC heap before
{Heap before GC invocations=17 (full 0):
 garbage-first heap   total 189440K, used 144482K [0x0000000080000000, 0x0000000100000000)
  region size 1024K, 85 young (87040K), 11 survivors (11264K)
 Metaspace       used 82855K, capacity 84906K, committed 84992K, reserved 1122304K
  class space    used 10740K, capacity 11450K, committed 11520K, reserved 1048576K
}
Event: 12.043 GC heap after
{Heap after GC invocations=18 (full 0):
 garbage-first heap   total 189440K, used 73075K [0x0000000080000000, 0x0000000100000000)
  region size 1024K, 9 young (9216K), 9 survivors (9216K)
 Metaspace       used 82855K, capacity 84906K, committed 84992K, reserved 1122304K
  class space    used 10740K, capacity 11450K, committed 11520K, reserved 1048576K
}
Event: 12.360 GC heap before
{Heap before GC invocations=18 (full 0):
 garbage-first heap   total 189440K, used 134515K [0x0000000080000000, 0x0000000100000000)
  region size 1024K, 51 young (52224K), 9 survivors (9216K)
 Metaspace       used 86497K, capacity 88616K, committed 88832K, reserved 1126400K
  class space    used 11220K, capacity 12002K, committed 12032K, reserved 1048576K
}
Event: 12.372 GC heap after
{Heap after GC invocations=19 (full 0):
 garbage-first heap   total 227328K, used 93983K [0x0000000080000000, 0x0000000100000000)
  region size 1024K, 10 young (10240K), 10 survivors (10240K)
 Metaspace       used 86497K, capacity 88616K, committed 88832K, reserved 1126400K
  class space    used 11220K, capacity 12002K, committed 12032K, reserved 1048576K
}
Event: 13.143 GC heap before
{Heap before GC invocations=20 (full 0):
 garbage-first heap   total 227328K, used 181023K [0x0000000080000000, 0x0000000100000000)
  region size 1024K, 91 young (93184K), 10 survivors (10240K)
 Metaspace       used 88913K, capacity 90911K, committed 91264K, reserved 1128448K
  class space    used 11615K, capacity 12344K, committed 12416K, reserved 1048576K
}
Event: 13.188 GC heap after
{Heap after GC invocations=21 (full 0):
 garbage-first heap   total 227328K, used 131300K [0x0000000080000000, 0x0000000100000000)
  region size 1024K, 12 young (12288K), 12 survivors (12288K)
 Metaspace       used 88913K, capacity 90911K, committed 91264K, reserved 1128448K
  class space    used 11615K, capacity 12344K, committed 12416K, reserved 1048576K
}
Event: 13.527 GC heap before
{Heap before GC invocations=21 (full 0):
 garbage-first heap   total 227328K, used 174308K [0x0000000080000000, 0x0000000100000000)
  region size 1024K, 55 young (56320K), 12 survivors (12288K)
 Metaspace       used 90624K, capacity 92735K, committed 92800K, reserved 1130496K
  class space    used 11853K, capacity 12642K, committed 12672K, reserved 1048576K
}
Event: 13.611 GC heap after
{Heap after GC invocations=22 (full 0):
 garbage-first heap   total 227328K, used 155136K [0x0000000080000000, 0x0000000100000000)
  region size 1024K, 7 young (7168K), 7 survivors (7168K)
 Metaspace       used 90624K, capacity 92735K, committed 92800K, reserved 1130496K
  class space    used 11853K, capacity 12642K, committed 12672K, reserved 1048576K
}
Event: 13.917 GC heap before
{Heap before GC invocations=22 (full 0):
 garbage-first heap   total 227328K, used 172544K [0x0000000080000000, 0x0000000100000000)
  region size 1024K, 32 young (32768K), 7 survivors (7168K)
 Metaspace       used 91186K, capacity 93342K, committed 93440K, reserved 1130496K
  class space    used 11917K, capacity 12712K, committed 12800K, reserved 1048576K
}
Event: 13.937 GC heap after
{Heap after GC invocations=23 (full 0):
 garbage-first heap   total 227328K, used 153088K [0x0000000080000000, 0x0000000100000000)
  region size 1024K, 4 young (4096K), 4 survivors (4096K)
 Metaspace       used 91186K, capacity 93342K, committed 93440K, reserved 1130496K
  class space    used 11917K, capacity 12712K, committed 12800K, reserved 1048576K
}

