# JRE version: OpenJDK Runtime Environment (11.0.8+10) (build 11.0.8+10-b944.6842174)
# Java VM: OpenJDK 64-Bit Server VM (11.0.8+10-b944.6842174, mixed mode, tiered, compressed oops, g1 gc, windows-amd64)
Heap:
 garbage-first heap   total 166912K, used 45482K [0x0000000081c00000, 0x0000000100000000)
  region size 1024K, 21 young (21504K), 10 survivors (10240K)
 Metaspace       used 54513K, capacity 55254K, committed 55324K, reserved 1097728K
  class space    used 6237K, capacity 6509K, committed 6528K, reserved 1048576K
GC Heap History (14 events):
Event: 0.404 GC heap before
{Heap before GC invocations=0 (full 0):
 garbage-first heap   total 131072K, used 27648K [0x0000000081c00000, 0x0000000100000000)
  region size 1024K, 24 young (24576K), 0 survivors (0K)
 Metaspace       used 12335K, capacity 12501K, committed 12800K, reserved 1060864K
  class space    used 1163K, capacity 1206K, committed 1280K, reserved 1048576K
}
Event: 0.408 GC heap after
{Heap after GC invocations=1 (full 0):
 garbage-first heap   total 131072K, used 5735K [0x0000000081c00000, 0x0000000100000000)
  region size 1024K, 3 young (3072K), 3 survivors (3072K)
 Metaspace       used 12335K, capacity 12501K, committed 12800K, reserved 1060864K
  class space    used 1163K, capacity 1206K, committed 1280K, reserved 1048576K
}
Event: 0.982 GC heap before
{Heap before GC invocations=1 (full 0):
 garbage-first heap   total 131072K, used 41575K [0x0000000081c00000, 0x0000000100000000)
  region size 1024K, 39 young (39936K), 3 survivors (3072K)
 Metaspace       used 20968K, capacity 21222K, committed 21248K, reserved 1069056K
  class space    used 2224K, capacity 2293K, committed 2304K, reserved 1048576K
}
Event: 0.994 GC heap after
{Heap after GC invocations=2 (full 0):
 garbage-first heap   total 131072K, used 9097K [0x0000000081c00000, 0x0000000100000000)
  region size 1024K, 6 young (6144K), 6 survivors (6144K)
 Metaspace       used 20968K, capacity 21222K, committed 21248K, reserved 1069056K
  class space    used 2224K, capacity 2293K, committed 2304K, reserved 1048576K
}
Event: 1.857 GC heap before
{Heap before GC invocations=3 (full 0):
 garbage-first heap   total 131072K, used 63369K [0x0000000081c00000, 0x0000000100000000)
  region size 1024K, 54 young (55296K), 6 survivors (6144K)
 Metaspace       used 32520K, capacity 33029K, committed 33276K, reserved 1079296K
  class space    used 4079K, capacity 4264K, committed 4352K, reserved 1048576K
}
Event: 1.876 GC heap after
{Heap after GC invocations=4 (full 0):
 garbage-first heap   total 131072K, used 20585K [0x0000000081c00000, 0x0000000100000000)
  region size 1024K, 7 young (7168K), 7 survivors (7168K)
 Metaspace       used 32520K, capacity 33029K, committed 33276K, reserved 1079296K
  class space    used 4079K, capacity 4264K, committed 4352K, reserved 1048576K
}
Event: 1.929 GC heap before
{Heap before GC invocations=4 (full 0):
 garbage-first heap   total 131072K, used 23657K [0x0000000081c00000, 0x0000000100000000)
  region size 1024K, 10 young (10240K), 7 survivors (7168K)
 Metaspace       used 33329K, capacity 33829K, committed 34172K, reserved 1079296K
  class space    used 4174K, capacity 4360K, committed 4480K, reserved 1048576K
}
Event: 1.940 GC heap after
{Heap after GC invocations=5 (full 0):
 garbage-first heap   total 131072K, used 21690K [0x0000000081c00000, 0x0000000100000000)
  region size 1024K, 1 young (1024K), 1 survivors (1024K)
 Metaspace       used 33329K, capacity 33829K, committed 34172K, reserved 1079296K
  class space    used 4174K, capacity 4360K, committed 4480K, reserved 1048576K
}
Event: 2.123 GC heap before
{Heap before GC invocations=5 (full 0):
 garbage-first heap   total 131072K, used 30906K [0x0000000081c00000, 0x0000000100000000)
  region size 1024K, 11 young (11264K), 1 survivors (1024K)
 Metaspace       used 35468K, capacity 35985K, committed 36048K, reserved 1081344K
  class space    used 4402K, capacity 4588K, committed 4608K, reserved 1048576K
}
Event: 2.126 GC heap after
{Heap after GC invocations=6 (full 0):
 garbage-first heap   total 166912K, used 21803K [0x0000000081c00000, 0x0000000100000000)
  region size 1024K, 2 young (2048K), 2 survivors (2048K)
 Metaspace       used 35468K, capacity 35985K, committed 36048K, reserved 1081344K
  class space    used 4402K, capacity 4588K, committed 4608K, reserved 1048576K
}
Event: 3.320 GC heap before
{Heap before GC invocations=7 (full 0):
 garbage-first heap   total 166912K, used 80171K [0x0000000081c00000, 0x0000000100000000)
  region size 1024K, 59 young (60416K), 2 survivors (2048K)
 Metaspace       used 47939K, capacity 48578K, committed 48924K, reserved 1091584K
  class space    used 5673K, capacity 5918K, committed 6016K, reserved 1048576K
}
Event: 3.330 GC heap after
{Heap after GC invocations=8 (full 0):
 garbage-first heap   total 166912K, used 26729K [0x0000000081c00000, 0x0000000100000000)
  region size 1024K, 6 young (6144K), 6 survivors (6144K)
 Metaspace       used 47939K, capacity 48578K, committed 48924K, reserved 1091584K
  class space    used 5673K, capacity 5918K, committed 6016K, reserved 1048576K
}
Event: 4.363 GC heap before
{Heap before GC invocations=8 (full 0):
 garbage-first heap   total 166912K, used 100457K [0x0000000081c00000, 0x0000000100000000)
  region size 1024K, 77 young (78848K), 6 survivors (6144K)
 Metaspace       used 53843K, capacity 54577K, committed 54812K, reserved 1097728K
  class space    used 6221K, capacity 6475K, committed 6528K, reserved 1048576K
}
Event: 4.379 GC heap after
{Heap after GC invocations=9 (full 0):
 garbage-first heap   total 166912K, used 35242K [0x0000000081c00000, 0x0000000100000000)
  region size 1024K, 10 young (10240K), 10 survivors (10240K)
 Metaspace       used 53843K, capacity 54577K, committed 54812K, reserved 1097728K
  class space    used 6221K, capacity 6475K, committed 6528K, reserved 1048576K
}

