# JRE version: OpenJDK Runtime Environment (11.0.8+10) (build 11.0.8+10-b944.6842174)
# Java VM: OpenJDK 64-Bit Server VM (11.0.8+10-b944.6842174, mixed mode, tiered, compressed oops, g1 gc, windows-amd64)
Heap:
 garbage-first heap   total 331776K, used 170240K [0x0000000080000000, 0x0000000100000000)
  region size 1024K, 2 young (2048K), 2 survivors (2048K)
 Metaspace       used 93320K, capacity 95543K, committed 95692K, reserved 1132544K
  class space    used 12116K, capacity 12952K, committed 13056K, reserved 1048576K
GC Heap History (20 events):
Event: 10.909 GC heap after
{Heap after GC invocations=19 (full 0):
 garbage-first heap   total 157696K, used 77815K [0x0000000080000000, 0x0000000100000000)
  region size 1024K, 6 young (6144K), 6 survivors (6144K)
 Metaspace       used 85417K, capacity 87411K, committed 87500K, reserved 1124352K
  class space    used 11024K, capacity 11750K, committed 11776K, reserved 1048576K
}
Event: 11.233 GC heap before
{Heap before GC invocations=20 (full 0):
 garbage-first heap   total 157696K, used 123895K [0x0000000080000000, 0x0000000100000000)
  region size 1024K, 48 young (49152K), 6 survivors (6144K)
 Metaspace       used 87559K, capacity 89567K, committed 89932K, reserved 1126400K
  class space    used 11304K, capacity 12038K, committed 12160K, reserved 1048576K
}
Event: 11.242 GC heap after
{Heap after GC invocations=21 (full 0):
 garbage-first heap   total 189440K, used 88213K [0x0000000080000000, 0x0000000100000000)
  region size 1024K, 7 young (7168K), 7 survivors (7168K)
 Metaspace       used 87559K, capacity 89567K, committed 89932K, reserved 1126400K
  class space    used 11304K, capacity 12038K, committed 12160K, reserved 1048576K
}
Event: 11.549 GC heap before
{Heap before GC invocations=22 (full 0):
 garbage-first heap   total 189440K, used 147605K [0x0000000080000000, 0x0000000100000000)
  region size 1024K, 51 young (52224K), 7 survivors (7168K)
 Metaspace       used 88617K, capacity 90641K, committed 90828K, reserved 1128448K
  class space    used 11420K, capacity 12154K, committed 12288K, reserved 1048576K
}
Event: 11.600 GC heap after
{Heap after GC invocations=23 (full 0):
 garbage-first heap   total 189440K, used 111616K [0x0000000080000000, 0x0000000100000000)
  region size 1024K, 9 young (9216K), 9 survivors (9216K)
 Metaspace       used 88617K, capacity 90641K, committed 90828K, reserved 1128448K
  class space    used 11420K, capacity 12154K, committed 12288K, reserved 1048576K
}
Event: 11.913 GC heap before
{Heap before GC invocations=24 (full 0):
 garbage-first heap   total 189440K, used 150528K [0x0000000080000000, 0x0000000100000000)
  region size 1024K, 47 young (48128K), 9 survivors (9216K)
 Metaspace       used 90599K, capacity 92678K, committed 92876K, reserved 1130496K
  class space    used 11777K, capacity 12509K, committed 12544K, reserved 1048576K
}
Event: 11.938 GC heap after
{Heap after GC invocations=25 (full 0):
 garbage-first heap   total 189440K, used 130203K [0x0000000080000000, 0x0000000100000000)
  region size 1024K, 6 young (6144K), 6 survivors (6144K)
 Metaspace       used 90599K, capacity 92678K, committed 92876K, reserved 1130496K
  class space    used 11777K, capacity 12509K, committed 12544K, reserved 1048576K
}
Event: 11.983 GC heap before
{Heap before GC invocations=25 (full 0):
 garbage-first heap   total 189440K, used 150683K [0x0000000080000000, 0x0000000100000000)
  region size 1024K, 27 young (27648K), 6 survivors (6144K)
 Metaspace       used 90617K, capacity 92681K, committed 92876K, reserved 1130496K
  class space    used 11777K, capacity 12509K, committed 12544K, reserved 1048576K
}
Event: 12.007 GC heap after
{Heap after GC invocations=26 (full 0):
 garbage-first heap   total 189440K, used 143360K [0x0000000080000000, 0x0000000100000000)
  region size 1024K, 4 young (4096K), 4 survivors (4096K)
 Metaspace       used 90617K, capacity 92681K, committed 92876K, reserved 1130496K
  class space    used 11777K, capacity 12509K, committed 12544K, reserved 1048576K
}
Event: 12.051 GC heap before
{Heap before GC invocations=26 (full 0):
 garbage-first heap   total 189440K, used 155648K [0x0000000080000000, 0x0000000100000000)
  region size 1024K, 16 young (16384K), 4 survivors (4096K)
 Metaspace       used 90619K, capacity 92681K, committed 92876K, reserved 1130496K
  class space    used 11777K, capacity 12509K, committed 12544K, reserved 1048576K
}
Event: 12.058 GC heap after
{Heap after GC invocations=27 (full 0):
 garbage-first heap   total 189440K, used 150885K [0x0000000080000000, 0x0000000100000000)
  region size 1024K, 2 young (2048K), 2 survivors (2048K)
 Metaspace       used 90619K, capacity 92681K, committed 92876K, reserved 1130496K
  class space    used 11777K, capacity 12509K, committed 12544K, reserved 1048576K
}
Event: 12.086 GC heap before
{Heap before GC invocations=27 (full 0):
 garbage-first heap   total 189440K, used 159077K [0x0000000080000000, 0x0000000100000000)
  region size 1024K, 10 young (10240K), 2 survivors (2048K)
 Metaspace       used 90621K, capacity 92681K, committed 92876K, reserved 1130496K
  class space    used 11777K, capacity 12509K, committed 12544K, reserved 1048576K
}
Event: 12.093 GC heap after
{Heap after GC invocations=28 (full 0):
 garbage-first heap   total 274432K, used 156394K [0x0000000080000000, 0x0000000100000000)
  region size 1024K, 2 young (2048K), 2 survivors (2048K)
 Metaspace       used 90621K, capacity 92681K, committed 92876K, reserved 1130496K
  class space    used 11777K, capacity 12509K, committed 12544K, reserved 1048576K
}
Event: 12.461 GC heap before
{Heap before GC invocations=29 (full 0):
 garbage-first heap   total 274432K, used 195306K [0x0000000080000000, 0x0000000100000000)
  region size 1024K, 41 young (41984K), 2 survivors (2048K)
 Metaspace       used 92906K, capacity 95012K, committed 95308K, reserved 1132544K
  class space    used 12079K, capacity 12865K, committed 12928K, reserved 1048576K
}
Event: 12.475 GC heap after
{Heap after GC invocations=30 (full 0):
 garbage-first heap   total 274432K, used 162966K [0x0000000080000000, 0x0000000100000000)
  region size 1024K, 6 young (6144K), 6 survivors (6144K)
 Metaspace       used 92906K, capacity 95012K, committed 95308K, reserved 1132544K
  class space    used 12079K, capacity 12865K, committed 12928K, reserved 1048576K
}
Event: 12.512 GC heap before
{Heap before GC invocations=30 (full 0):
 garbage-first heap   total 274432K, used 169110K [0x0000000080000000, 0x0000000100000000)
  region size 1024K, 14 young (14336K), 6 survivors (6144K)
 Metaspace       used 92916K, capacity 95077K, committed 95308K, reserved 1132544K
  class space    used 12079K, capacity 12865K, committed 12928K, reserved 1048576K
}
Event: 12.521 GC heap after
{Heap after GC invocations=31 (full 0):
 garbage-first heap   total 274432K, used 165038K [0x0000000080000000, 0x0000000100000000)
  region size 1024K, 2 young (2048K), 2 survivors (2048K)
 Metaspace       used 92916K, capacity 95077K, committed 95308K, reserved 1132544K
  class space    used 12079K, capacity 12865K, committed 12928K, reserved 1048576K
}
Event: 12.913 GC heap before
{Heap before GC invocations=32 (full 0):
 garbage-first heap   total 274432K, used 194734K [0x0000000080000000, 0x0000000100000000)
  region size 1024K, 34 young (34816K), 2 survivors (2048K)
 Metaspace       used 93160K, capacity 95347K, committed 95564K, reserved 1132544K
  class space    used 12101K, capacity 12909K, committed 12928K, reserved 1048576K
}
Event: 12.923 GC heap after
{Heap after GC invocations=33 (full 0):
 garbage-first heap   total 274432K, used 165515K [0x0000000080000000, 0x0000000100000000)
  region size 1024K, 5 young (5120K), 5 survivors (5120K)
 Metaspace       used 93160K, capacity 95347K, committed 95564K, reserved 1132544K
  class space    used 12101K, capacity 12909K, committed 12928K, reserved 1048576K
}
Event: 13.054 GC heap before
{Heap before GC invocations=33 (full 0):
 garbage-first heap   total 274432K, used 177803K [0x0000000080000000, 0x0000000100000000)
  region size 1024K, 13 young (13312K), 5 survivors (5120K)
 Metaspace       used 93320K, capacity 95543K, committed 95692K, reserved 1132544K
  class space    used 12116K, capacity 12952K, committed 13056K, reserved 1048576K
}

