# JRE version: OpenJDK Runtime Environment (11.0.8+10) (build 11.0.8+10-b944.6842174)
# Java VM: OpenJDK 64-Bit Server VM (11.0.8+10-b944.6842174, mixed mode, tiered, compressed oops, g1 gc, windows-amd64)
Heap:
 garbage-first heap   total 289792K, used 160111K [0x0000000080000000, 0x0000000100000000)
  region size 1024K, 12 young (12288K), 2 survivors (2048K)
 Metaspace       used 89334K, capacity 91325K, committed 91520K, reserved 1128448K
  class space    used 11661K, capacity 12369K, committed 12416K, reserved 1048576K
GC Heap History (20 events):
Event: 9.145 GC heap before
{Heap before GC invocations=15 (full 0):
 garbage-first heap   total 157696K, used 118573K [0x0000000080000000, 0x0000000100000000)
  region size 1024K, 68 young (69632K), 9 survivors (9216K)
 Metaspace       used 75748K, capacity 77394K, committed 77568K, reserved 1116160K
  class space    used 9885K, capacity 10489K, committed 10496K, reserved 1048576K
}
Event: 9.153 GC heap after
{Heap after GC invocations=16 (full 0):
 garbage-first heap   total 157696K, used 62160K [0x0000000080000000, 0x0000000100000000)
  region size 1024K, 8 young (8192K), 8 survivors (8192K)
 Metaspace       used 75748K, capacity 77394K, committed 77568K, reserved 1116160K
  class space    used 9885K, capacity 10489K, committed 10496K, reserved 1048576K
}
Event: 9.694 GC heap before
{Heap before GC invocations=16 (full 0):
 garbage-first heap   total 157696K, used 121552K [0x0000000080000000, 0x0000000100000000)
  region size 1024K, 67 young (68608K), 8 survivors (8192K)
 Metaspace       used 79349K, capacity 81253K, committed 81536K, reserved 1120256K
  class space    used 10341K, capacity 11025K, committed 11136K, reserved 1048576K
}
Event: 9.701 GC heap after
{Heap after GC invocations=17 (full 0):
 garbage-first heap   total 157696K, used 66480K [0x0000000080000000, 0x0000000100000000)
  region size 1024K, 9 young (9216K), 9 survivors (9216K)
 Metaspace       used 79349K, capacity 81253K, committed 81536K, reserved 1120256K
  class space    used 10341K, capacity 11025K, committed 11136K, reserved 1048576K
}
Event: 10.504 GC heap before
{Heap before GC invocations=17 (full 0):
 garbage-first heap   total 157696K, used 122800K [0x0000000080000000, 0x0000000100000000)
  region size 1024K, 65 young (66560K), 9 survivors (9216K)
 Metaspace       used 80517K, capacity 82543K, committed 82688K, reserved 1120256K
  class space    used 10430K, capacity 11142K, committed 11264K, reserved 1048576K
}
Event: 10.514 GC heap after
{Heap after GC invocations=18 (full 0):
 garbage-first heap   total 157696K, used 69898K [0x0000000080000000, 0x0000000100000000)
  region size 1024K, 8 young (8192K), 8 survivors (8192K)
 Metaspace       used 80517K, capacity 82543K, committed 82688K, reserved 1120256K
  class space    used 10430K, capacity 11142K, committed 11264K, reserved 1048576K
}
Event: 10.997 GC heap before
{Heap before GC invocations=18 (full 0):
 garbage-first heap   total 157696K, used 125194K [0x0000000080000000, 0x0000000100000000)
  region size 1024K, 63 young (64512K), 8 survivors (8192K)
 Metaspace       used 82861K, capacity 84841K, committed 84992K, reserved 1122304K
  class space    used 10725K, capacity 11406K, committed 11520K, reserved 1048576K
}
Event: 11.004 GC heap after
{Heap after GC invocations=19 (full 0):
 garbage-first heap   total 157696K, used 72365K [0x0000000080000000, 0x0000000100000000)
  region size 1024K, 7 young (7168K), 7 survivors (7168K)
 Metaspace       used 82861K, capacity 84841K, committed 84992K, reserved 1122304K
  class space    used 10725K, capacity 11406K, committed 11520K, reserved 1048576K
}
Event: 11.188 GC heap before
{Heap before GC invocations=19 (full 0):
 garbage-first heap   total 157696K, used 96941K [0x0000000080000000, 0x0000000100000000)
  region size 1024K, 28 young (28672K), 7 survivors (7168K)
 Metaspace       used 84055K, capacity 86112K, committed 86400K, reserved 1124352K
  class space    used 10876K, capacity 11609K, committed 11648K, reserved 1048576K
}
Event: 11.195 GC heap after
{Heap after GC invocations=20 (full 0):
 garbage-first heap   total 157696K, used 78725K [0x0000000080000000, 0x0000000100000000)
  region size 1024K, 4 young (4096K), 4 survivors (4096K)
 Metaspace       used 84055K, capacity 86112K, committed 86400K, reserved 1124352K
  class space    used 10876K, capacity 11609K, committed 11648K, reserved 1048576K
}
Event: 11.419 GC heap before
{Heap before GC invocations=21 (full 0):
 garbage-first heap   total 157696K, used 108421K [0x0000000080000000, 0x0000000100000000)
  region size 1024K, 32 young (32768K), 4 survivors (4096K)
 Metaspace       used 86060K, capacity 87951K, committed 88576K, reserved 1126400K
  class space    used 11123K, capacity 11843K, committed 12032K, reserved 1048576K
}
Event: 11.431 GC heap after
{Heap after GC invocations=22 (full 0):
 garbage-first heap   total 189440K, used 87005K [0x0000000080000000, 0x0000000100000000)
  region size 1024K, 7 young (7168K), 7 survivors (7168K)
 Metaspace       used 86060K, capacity 87951K, committed 88576K, reserved 1126400K
  class space    used 11123K, capacity 11843K, committed 12032K, reserved 1048576K
}
Event: 11.689 GC heap before
{Heap before GC invocations=23 (full 0):
 garbage-first heap   total 189440K, used 143325K [0x0000000080000000, 0x0000000100000000)
  region size 1024K, 48 young (49152K), 7 survivors (7168K)
 Metaspace       used 86834K, capacity 88748K, committed 89088K, reserved 1126400K
  class space    used 11219K, capacity 11916K, committed 12032K, reserved 1048576K
}
Event: 11.746 GC heap after
{Heap after GC invocations=24 (full 0):
 garbage-first heap   total 189440K, used 109673K [0x0000000080000000, 0x0000000100000000)
  region size 1024K, 9 young (9216K), 9 survivors (9216K)
 Metaspace       used 86834K, capacity 88748K, committed 89088K, reserved 1126400K
  class space    used 11219K, capacity 11916K, committed 12032K, reserved 1048576K
}
Event: 12.016 GC heap before
{Heap before GC invocations=25 (full 0):
 garbage-first heap   total 189440K, used 148585K [0x0000000080000000, 0x0000000100000000)
  region size 1024K, 47 young (48128K), 9 survivors (9216K)
 Metaspace       used 88851K, capacity 90876K, committed 91264K, reserved 1128448K
  class space    used 11590K, capacity 12327K, committed 12416K, reserved 1048576K
}
Event: 12.036 GC heap after
{Heap after GC invocations=26 (full 0):
 garbage-first heap   total 189440K, used 128344K [0x0000000080000000, 0x0000000100000000)
  region size 1024K, 6 young (6144K), 6 survivors (6144K)
 Metaspace       used 88851K, capacity 90876K, committed 91264K, reserved 1128448K
  class space    used 11590K, capacity 12327K, committed 12416K, reserved 1048576K
}
Event: 12.137 GC heap before
{Heap before GC invocations=26 (full 0):
 garbage-first heap   total 189440K, used 149848K [0x0000000080000000, 0x0000000100000000)
  region size 1024K, 28 young (28672K), 6 survivors (6144K)
 Metaspace       used 88866K, capacity 90879K, committed 91264K, reserved 1128448K
  class space    used 11590K, capacity 12327K, committed 12416K, reserved 1048576K
}
Event: 12.155 GC heap after
{Heap after GC invocations=27 (full 0):
 garbage-first heap   total 189440K, used 142706K [0x0000000080000000, 0x0000000100000000)
  region size 1024K, 4 young (4096K), 4 survivors (4096K)
 Metaspace       used 88866K, capacity 90879K, committed 91264K, reserved 1128448K
  class space    used 11590K, capacity 12327K, committed 12416K, reserved 1048576K
}
Event: 12.216 GC heap before
{Heap before GC invocations=27 (full 0):
 garbage-first heap   total 189440K, used 154994K [0x0000000080000000, 0x0000000100000000)
  region size 1024K, 16 young (16384K), 4 survivors (4096K)
 Metaspace       used 88955K, capacity 90943K, committed 91264K, reserved 1128448K
  class space    used 11601K, capacity 12327K, committed 12416K, reserved 1048576K
}
Event: 12.227 GC heap after
{Heap after GC invocations=28 (full 0):
 garbage-first heap   total 289792K, used 150895K [0x0000000080000000, 0x0000000100000000)
  region size 1024K, 2 young (2048K), 2 survivors (2048K)
 Metaspace       used 88955K, capacity 90943K, committed 91264K, reserved 1128448K
  class space    used 11601K, capacity 12327K, committed 12416K, reserved 1048576K
}

