# JRE version: OpenJDK Runtime Environment (11.0.8+10) (build 11.0.8+10-b944.6842174)
# Java VM: OpenJDK 64-Bit Server VM (11.0.8+10-b944.6842174, mixed mode, tiered, compressed oops, g1 gc, windows-amd64)
Heap:
 garbage-first heap   total 245760K, used 174949K [0x0000000080000000, 0x0000000100000000)
  region size 1024K, 14 young (14336K), 6 survivors (6144K)
 Metaspace       used 99427K, capacity 101876K, committed 102016K, reserved 1138688K
  class space    used 12699K, capacity 13613K, committed 13696K, reserved 1048576K
GC Heap History (20 events):
Event: 15.019 GC heap before
{Heap before GC invocations=26 (full 0):
 garbage-first heap   total 189440K, used 159702K [0x0000000080000000, 0x0000000100000000)
  region size 1024K, 74 young (75776K), 6 survivors (6144K)
 Metaspace       used 95954K, capacity 98233K, committed 98560K, reserved 1134592K
  class space    used 12361K, capacity 13219K, committed 13312K, reserved 1048576K
}
Event: 15.024 GC heap after
{Heap after GC invocations=27 (full 0):
 garbage-first heap   total 189440K, used 90133K [0x0000000080000000, 0x0000000100000000)
  region size 1024K, 5 young (5120K), 5 survivors (5120K)
 Metaspace       used 95954K, capacity 98233K, committed 98560K, reserved 1134592K
  class space    used 12361K, capacity 13219K, committed 13312K, reserved 1048576K
}
Event: 15.259 GC heap before
{Heap before GC invocations=27 (full 0):
 garbage-first heap   total 189440K, used 160789K [0x0000000080000000, 0x0000000100000000)
  region size 1024K, 74 young (75776K), 5 survivors (5120K)
 Metaspace       used 95978K, capacity 98233K, committed 98560K, reserved 1134592K
  class space    used 12361K, capacity 13219K, committed 13312K, reserved 1048576K
}
Event: 15.263 GC heap after
{Heap after GC invocations=28 (full 0):
 garbage-first heap   total 189440K, used 90526K [0x0000000080000000, 0x0000000100000000)
  region size 1024K, 6 young (6144K), 6 survivors (6144K)
 Metaspace       used 95978K, capacity 98233K, committed 98560K, reserved 1134592K
  class space    used 12361K, capacity 13219K, committed 13312K, reserved 1048576K
}
Event: 15.610 GC heap before
{Heap before GC invocations=29 (full 0):
 garbage-first heap   total 189440K, used 161182K [0x0000000080000000, 0x0000000100000000)
  region size 1024K, 75 young (76800K), 6 survivors (6144K)
 Metaspace       used 95817K, capacity 97969K, committed 98560K, reserved 1134592K
  class space    used 12313K, capacity 13131K, committed 13312K, reserved 1048576K
}
Event: 15.614 GC heap after
{Heap after GC invocations=30 (full 0):
 garbage-first heap   total 189440K, used 88982K [0x0000000080000000, 0x0000000100000000)
  region size 1024K, 4 young (4096K), 4 survivors (4096K)
 Metaspace       used 95817K, capacity 97969K, committed 98560K, reserved 1134592K
  class space    used 12313K, capacity 13131K, committed 13312K, reserved 1048576K
}
Event: 15.902 GC heap before
{Heap before GC invocations=30 (full 0):
 garbage-first heap   total 189440K, used 160662K [0x0000000080000000, 0x0000000100000000)
  region size 1024K, 74 young (75776K), 4 survivors (4096K)
 Metaspace       used 95818K, capacity 97969K, committed 98560K, reserved 1134592K
  class space    used 12313K, capacity 13131K, committed 13312K, reserved 1048576K
}
Event: 15.906 GC heap after
{Heap after GC invocations=31 (full 0):
 garbage-first heap   total 189440K, used 89358K [0x0000000080000000, 0x0000000100000000)
  region size 1024K, 5 young (5120K), 5 survivors (5120K)
 Metaspace       used 95818K, capacity 97969K, committed 98560K, reserved 1134592K
  class space    used 12313K, capacity 13131K, committed 13312K, reserved 1048576K
}
Event: 16.256 GC heap before
{Heap before GC invocations=32 (full 0):
 garbage-first heap   total 189440K, used 124174K [0x0000000080000000, 0x0000000100000000)
  region size 1024K, 40 young (40960K), 5 survivors (5120K)
 Metaspace       used 97066K, capacity 99277K, committed 99456K, reserved 1134592K
  class space    used 12486K, capacity 13346K, committed 13440K, reserved 1048576K
}
Event: 16.261 GC heap after
{Heap after GC invocations=33 (full 0):
 garbage-first heap   total 189440K, used 89861K [0x0000000080000000, 0x0000000100000000)
  region size 1024K, 5 young (5120K), 5 survivors (5120K)
 Metaspace       used 97066K, capacity 99277K, committed 99456K, reserved 1134592K
  class space    used 12486K, capacity 13346K, committed 13440K, reserved 1048576K
}
Event: 16.646 GC heap before
{Heap before GC invocations=34 (full 0):
 garbage-first heap   total 189440K, used 121605K [0x0000000080000000, 0x0000000100000000)
  region size 1024K, 37 young (37888K), 5 survivors (5120K)
 Metaspace       used 97616K, capacity 99949K, committed 99968K, reserved 1136640K
  class space    used 12543K, capacity 13432K, committed 13440K, reserved 1048576K
}
Event: 16.654 GC heap after
{Heap after GC invocations=35 (full 0):
 garbage-first heap   total 189440K, used 85171K [0x0000000080000000, 0x0000000100000000)
  region size 1024K, 2 young (2048K), 2 survivors (2048K)
 Metaspace       used 97616K, capacity 99949K, committed 99968K, reserved 1136640K
  class space    used 12543K, capacity 13432K, committed 13440K, reserved 1048576K
}
Event: 17.000 GC heap before
{Heap before GC invocations=36 (full 0):
 garbage-first heap   total 189440K, used 184499K [0x0000000080000000, 0x0000000100000000)
  region size 1024K, 76 young (77824K), 2 survivors (2048K)
 Metaspace       used 98216K, capacity 100556K, committed 100864K, reserved 1136640K
  class space    used 12589K, capacity 13484K, committed 13568K, reserved 1048576K
}
Event: 17.021 GC heap after
{Heap after GC invocations=37 (full 0):
 garbage-first heap   total 204800K, used 117764K [0x0000000080000000, 0x0000000100000000)
  region size 1024K, 10 young (10240K), 10 survivors (10240K)
 Metaspace       used 98216K, capacity 100556K, committed 100864K, reserved 1136640K
  class space    used 12589K, capacity 13484K, committed 13568K, reserved 1048576K
}
Event: 17.231 GC heap before
{Heap before GC invocations=37 (full 0):
 garbage-first heap   total 204800K, used 131076K [0x0000000080000000, 0x0000000100000000)
  region size 1024K, 24 young (24576K), 10 survivors (10240K)
 Metaspace       used 98501K, capacity 100791K, committed 101120K, reserved 1136640K
  class space    used 12604K, capacity 13490K, committed 13568K, reserved 1048576K
}
Event: 17.263 GC heap after
{Heap after GC invocations=38 (full 0):
 garbage-first heap   total 245760K, used 122431K [0x0000000080000000, 0x0000000100000000)
  region size 1024K, 4 young (4096K), 4 survivors (4096K)
 Metaspace       used 98501K, capacity 100791K, committed 101120K, reserved 1136640K
  class space    used 12604K, capacity 13490K, committed 13568K, reserved 1048576K
}
Event: 17.590 GC heap before
{Heap before GC invocations=39 (full 0):
 garbage-first heap   total 245760K, used 173631K [0x0000000080000000, 0x0000000100000000)
  region size 1024K, 53 young (54272K), 4 survivors (4096K)
 Metaspace       used 99319K, capacity 101678K, committed 102016K, reserved 1138688K
  class space    used 12693K, capacity 13613K, committed 13696K, reserved 1048576K
}
Event: 17.615 GC heap after
{Heap after GC invocations=40 (full 0):
 garbage-first heap   total 245760K, used 148903K [0x0000000080000000, 0x0000000100000000)
  region size 1024K, 7 young (7168K), 7 survivors (7168K)
 Metaspace       used 99319K, capacity 101678K, committed 102016K, reserved 1138688K
  class space    used 12693K, capacity 13613K, committed 13696K, reserved 1048576K
}
Event: 17.723 GC heap before
{Heap before GC invocations=40 (full 0):
 garbage-first heap   total 245760K, used 182695K [0x0000000080000000, 0x0000000100000000)
  region size 1024K, 41 young (41984K), 7 survivors (7168K)
 Metaspace       used 99418K, capacity 101875K, committed 102016K, reserved 1138688K
  class space    used 12699K, capacity 13613K, committed 13696K, reserved 1048576K
}
Event: 17.749 GC heap after
{Heap after GC invocations=41 (full 0):
 garbage-first heap   total 245760K, used 167781K [0x0000000080000000, 0x0000000100000000)
  region size 1024K, 6 young (6144K), 6 survivors (6144K)
 Metaspace       used 99418K, capacity 101875K, committed 102016K, reserved 1138688K
  class space    used 12699K, capacity 13613K, committed 13696K, reserved 1048576K
}

