# JRE version: OpenJDK Runtime Environment (11.0.8+10) (build 11.0.8+10-b944.6842174)
# Java VM: OpenJDK 64-Bit Server VM (11.0.8+10-b944.6842174, mixed mode, tiered, compressed oops, g1 gc, windows-amd64)
Heap:
 garbage-first heap   total 157696K, used 50013K [0x0000000080000000, 0x0000000100000000)
  region size 1024K, 5 young (5120K), 5 survivors (5120K)
 Metaspace       used 44538K, capacity 45660K, committed 45768K, reserved 1089536K
  class space    used 5721K, capacity 6126K, committed 6168K, reserved 1048576K
GC Heap History (13 events):
Event: 0.705 GC heap before
{Heap before GC invocations=0 (full 0):
 garbage-first heap   total 131072K, used 29696K [0x0000000080000000, 0x0000000100000000)
  region size 1024K, 24 young (24576K), 0 survivors (0K)
 Metaspace       used 10472K, capacity 10677K, committed 11008K, reserved 1058816K
  class space    used 1097K, capacity 1195K, committed 1280K, reserved 1048576K
}
Event: 0.709 GC heap after
{Heap after GC invocations=1 (full 0):
 garbage-first heap   total 131072K, used 8651K [0x0000000080000000, 0x0000000100000000)
  region size 1024K, 3 young (3072K), 3 survivors (3072K)
 Metaspace       used 10472K, capacity 10677K, committed 11008K, reserved 1058816K
  class space    used 1097K, capacity 1195K, committed 1280K, reserved 1048576K
}
Event: 2.247 GC heap before
{Heap before GC invocations=1 (full 0):
 garbage-first heap   total 131072K, used 82379K [0x0000000080000000, 0x0000000100000000)
  region size 1024K, 76 young (77824K), 3 survivors (3072K)
 Metaspace       used 18959K, capacity 19473K, committed 19712K, reserved 1067008K
  class space    used 2289K, capacity 2469K, committed 2560K, reserved 1048576K
}
Event: 2.253 GC heap after
{Heap after GC invocations=2 (full 0):
 garbage-first heap   total 131072K, used 15419K [0x0000000080000000, 0x0000000100000000)
  region size 1024K, 10 young (10240K), 10 survivors (10240K)
 Metaspace       used 18959K, capacity 19473K, committed 19712K, reserved 1067008K
  class space    used 2289K, capacity 2469K, committed 2560K, reserved 1048576K
}
Event: 2.348 GC heap before
{Heap before GC invocations=2 (full 0):
 garbage-first heap   total 131072K, used 27707K [0x0000000080000000, 0x0000000100000000)
  region size 1024K, 23 young (23552K), 10 survivors (10240K)
 Metaspace       used 20567K, capacity 21139K, committed 21296K, reserved 1069056K
  class space    used 2516K, capacity 2688K, committed 2688K, reserved 1048576K
}
Event: 2.354 GC heap after
{Heap after GC invocations=3 (full 0):
 garbage-first heap   total 131072K, used 16099K [0x0000000080000000, 0x0000000100000000)
  region size 1024K, 1 young (1024K), 1 survivors (1024K)
 Metaspace       used 20567K, capacity 21139K, committed 21296K, reserved 1069056K
  class space    used 2516K, capacity 2688K, committed 2688K, reserved 1048576K
}
Event: 2.865 GC heap before
{Heap before GC invocations=4 (full 0):
 garbage-first heap   total 131072K, used 77539K [0x0000000080000000, 0x0000000100000000)
  region size 1024K, 53 young (54272K), 1 survivors (1024K)
 Metaspace       used 26082K, capacity 26863K, committed 26928K, reserved 1073152K
  class space    used 3399K, capacity 3650K, committed 3712K, reserved 1048576K
}
Event: 2.868 GC heap after
{Heap after GC invocations=5 (full 0):
 garbage-first heap   total 131072K, used 29306K [0x0000000080000000, 0x0000000100000000)
  region size 1024K, 5 young (5120K), 5 survivors (5120K)
 Metaspace       used 26082K, capacity 26863K, committed 26928K, reserved 1073152K
  class space    used 3399K, capacity 3650K, committed 3712K, reserved 1048576K
}
Event: 3.607 GC heap before
{Heap before GC invocations=5 (full 0):
 garbage-first heap   total 131072K, used 81530K [0x0000000080000000, 0x0000000100000000)
  region size 1024K, 57 young (58368K), 5 survivors (5120K)
 Metaspace       used 34911K, capacity 35644K, committed 35708K, reserved 1081344K
  class space    used 4514K, capacity 4799K, committed 4812K, reserved 1048576K
}
Event: 3.615 GC heap after
{Heap after GC invocations=6 (full 0):
 garbage-first heap   total 131072K, used 33607K [0x0000000080000000, 0x0000000100000000)
  region size 1024K, 5 young (5120K), 5 survivors (5120K)
 Metaspace       used 34911K, capacity 35644K, committed 35708K, reserved 1081344K
  class space    used 4514K, capacity 4799K, committed 4812K, reserved 1048576K
}
Event: 4.389 GC heap before
{Heap before GC invocations=7 (full 0):
 garbage-first heap   total 131072K, used 97095K [0x0000000080000000, 0x0000000100000000)
  region size 1024K, 58 young (59392K), 5 survivors (5120K)
 Metaspace       used 40398K, capacity 41482K, committed 41672K, reserved 1085440K
  class space    used 5188K, capacity 5593K, committed 5656K, reserved 1048576K
}
Event: 4.396 GC heap after
{Heap after GC invocations=8 (full 0):
 garbage-first heap   total 131072K, used 45175K [0x0000000080000000, 0x0000000100000000)
  region size 1024K, 8 young (8192K), 8 survivors (8192K)
 Metaspace       used 40398K, capacity 41482K, committed 41672K, reserved 1085440K
  class space    used 5188K, capacity 5593K, committed 5656K, reserved 1048576K
}
Event: 5.044 GC heap before
{Heap before GC invocations=8 (full 0):
 garbage-first heap   total 131072K, used 94327K [0x0000000080000000, 0x0000000100000000)
  region size 1024K, 56 young (57344K), 8 survivors (8192K)
 Metaspace       used 44538K, capacity 45660K, committed 45768K, reserved 1089536K
  class space    used 5721K, capacity 6126K, committed 6168K, reserved 1048576K
}

