# JRE version: OpenJDK Runtime Environment (11.0.8+10) (build 11.0.8+10-b944.6842174)
# Java VM: OpenJDK 64-Bit Server VM (11.0.8+10-b944.6842174, mixed mode, tiered, compressed oops, g1 gc, windows-amd64)
Heap:
 garbage-first heap   total 285696K, used 170768K [0x0000000080000000, 0x0000000100000000)
  region size 1024K, 3 young (3072K), 3 survivors (3072K)
 Metaspace       used 91172K, capacity 93262K, committed 93516K, reserved 1130496K
  class space    used 11889K, capacity 12661K, committed 12672K, reserved 1048576K
GC Heap History (20 events):
Event: 10.908 GC heap after
{Heap after GC invocations=16 (full 0):
 garbage-first heap   total 189440K, used 66616K [0x0000000080000000, 0x0000000100000000)
  region size 1024K, 9 young (9216K), 9 survivors (9216K)
 Metaspace       used 79383K, capacity 81295K, committed 81484K, reserved 1120256K
  class space    used 10336K, capacity 11019K, committed 11136K, reserved 1048576K
}
Event: 11.803 GC heap before
{Heap before GC invocations=16 (full 0):
 garbage-first heap   total 189440K, used 139320K [0x0000000080000000, 0x0000000100000000)
  region size 1024K, 81 young (82944K), 9 survivors (9216K)
 Metaspace       used 81334K, capacity 83275K, committed 83404K, reserved 1122304K
  class space    used 10551K, capacity 11240K, committed 11264K, reserved 1048576K
}
Event: 11.815 GC heap after
{Heap after GC invocations=17 (full 0):
 garbage-first heap   total 189440K, used 70644K [0x0000000080000000, 0x0000000100000000)
  region size 1024K, 9 young (9216K), 9 survivors (9216K)
 Metaspace       used 81334K, capacity 83275K, committed 83404K, reserved 1122304K
  class space    used 10551K, capacity 11240K, committed 11264K, reserved 1048576K
}
Event: 12.255 GC heap before
{Heap before GC invocations=17 (full 0):
 garbage-first heap   total 189440K, used 151540K [0x0000000080000000, 0x0000000100000000)
  region size 1024K, 81 young (82944K), 9 survivors (9216K)
 Metaspace       used 84201K, capacity 86186K, committed 86348K, reserved 1124352K
  class space    used 10916K, capacity 11640K, committed 11648K, reserved 1048576K
}
Event: 12.265 GC heap after
{Heap after GC invocations=18 (full 0):
 garbage-first heap   total 189440K, used 84763K [0x0000000080000000, 0x0000000100000000)
  region size 1024K, 11 young (11264K), 11 survivors (11264K)
 Metaspace       used 84201K, capacity 86186K, committed 86348K, reserved 1124352K
  class space    used 10916K, capacity 11640K, committed 11648K, reserved 1048576K
}
Event: 12.417 GC heap before
{Heap before GC invocations=18 (full 0):
 garbage-first heap   total 189440K, used 110363K [0x0000000080000000, 0x0000000100000000)
  region size 1024K, 28 young (28672K), 11 survivors (11264K)
 Metaspace       used 86436K, capacity 88540K, committed 88780K, reserved 1126400K
  class space    used 11202K, capacity 11959K, committed 12032K, reserved 1048576K
}
Event: 12.426 GC heap after
{Heap after GC invocations=19 (full 0):
 garbage-first heap   total 189440K, used 92630K [0x0000000080000000, 0x0000000100000000)
  region size 1024K, 4 young (4096K), 4 survivors (4096K)
 Metaspace       used 86436K, capacity 88540K, committed 88780K, reserved 1126400K
  class space    used 11202K, capacity 11959K, committed 12032K, reserved 1048576K
}
Event: 12.835 GC heap before
{Heap before GC invocations=20 (full 0):
 garbage-first heap   total 189440K, used 137686K [0x0000000080000000, 0x0000000100000000)
  region size 1024K, 44 young (45056K), 4 survivors (4096K)
 Metaspace       used 86992K, capacity 88995K, committed 89420K, reserved 1126400K
  class space    used 11250K, capacity 11964K, committed 12160K, reserved 1048576K
}
Event: 12.851 GC heap after
{Heap after GC invocations=21 (full 0):
 garbage-first heap   total 189440K, used 109722K [0x0000000080000000, 0x0000000100000000)
  region size 1024K, 9 young (9216K), 9 survivors (9216K)
 Metaspace       used 86992K, capacity 88995K, committed 89420K, reserved 1126400K
  class space    used 11250K, capacity 11964K, committed 12160K, reserved 1048576K
}
Event: 13.207 GC heap before
{Heap before GC invocations=22 (full 0):
 garbage-first heap   total 189440K, used 148634K [0x0000000080000000, 0x0000000100000000)
  region size 1024K, 47 young (48128K), 9 survivors (9216K)
 Metaspace       used 88917K, capacity 90923K, committed 91212K, reserved 1128448K
  class space    used 11607K, capacity 12326K, committed 12416K, reserved 1048576K
}
Event: 13.239 GC heap after
{Heap after GC invocations=23 (full 0):
 garbage-first heap   total 189440K, used 129185K [0x0000000080000000, 0x0000000100000000)
  region size 1024K, 6 young (6144K), 6 survivors (6144K)
 Metaspace       used 88917K, capacity 90923K, committed 91212K, reserved 1128448K
  class space    used 11607K, capacity 12326K, committed 12416K, reserved 1048576K
}
Event: 13.332 GC heap before
{Heap before GC invocations=23 (full 0):
 garbage-first heap   total 189440K, used 149665K [0x0000000080000000, 0x0000000100000000)
  region size 1024K, 27 young (27648K), 6 survivors (6144K)
 Metaspace       used 88936K, capacity 90926K, committed 91212K, reserved 1128448K
  class space    used 11607K, capacity 12326K, committed 12416K, reserved 1048576K
}
Event: 13.357 GC heap after
{Heap after GC invocations=24 (full 0):
 garbage-first heap   total 227328K, used 142336K [0x0000000080000000, 0x0000000100000000)
  region size 1024K, 4 young (4096K), 4 survivors (4096K)
 Metaspace       used 88936K, capacity 90926K, committed 91212K, reserved 1128448K
  class space    used 11607K, capacity 12326K, committed 12416K, reserved 1048576K
}
Event: 13.718 GC heap before
{Heap before GC invocations=24 (full 0):
 garbage-first heap   total 227328K, used 169984K [0x0000000080000000, 0x0000000100000000)
  region size 1024K, 32 young (32768K), 4 survivors (4096K)
 Metaspace       used 90559K, capacity 92651K, committed 92748K, reserved 1130496K
  class space    used 11826K, capacity 12591K, committed 12672K, reserved 1048576K
}
Event: 13.737 GC heap after
{Heap after GC invocations=25 (full 0):
 garbage-first heap   total 227328K, used 155648K [0x0000000080000000, 0x0000000100000000)
  region size 1024K, 4 young (4096K), 4 survivors (4096K)
 Metaspace       used 90559K, capacity 92651K, committed 92748K, reserved 1130496K
  class space    used 11826K, capacity 12591K, committed 12672K, reserved 1048576K
}
Event: 13.944 GC heap before
{Heap before GC invocations=26 (full 0):
 garbage-first heap   total 227328K, used 177152K [0x0000000080000000, 0x0000000100000000)
  region size 1024K, 26 young (26624K), 4 survivors (4096K)
 Metaspace       used 90940K, capacity 93070K, committed 93260K, reserved 1130496K
  class space    used 11872K, capacity 12623K, committed 12672K, reserved 1048576K
}
Event: 13.958 GC heap after
{Heap after GC invocations=27 (full 0):
 garbage-first heap   total 227328K, used 160832K [0x0000000080000000, 0x0000000100000000)
  region size 1024K, 4 young (4096K), 4 survivors (4096K)
 Metaspace       used 90940K, capacity 93070K, committed 93260K, reserved 1130496K
  class space    used 11872K, capacity 12623K, committed 12672K, reserved 1048576K
}
Event: 14.116 GC heap before
{Heap before GC invocations=27 (full 0):
 garbage-first heap   total 227328K, used 175168K [0x0000000080000000, 0x0000000100000000)
  region size 1024K, 19 young (19456K), 4 survivors (4096K)
 Metaspace       used 91163K, capacity 93261K, committed 93516K, reserved 1130496K
  class space    used 11889K, capacity 12661K, committed 12672K, reserved 1048576K
}
Event: 14.130 GC heap after
{Heap after GC invocations=28 (full 0):
 garbage-first heap   total 227328K, used 163136K [0x0000000080000000, 0x0000000100000000)
  region size 1024K, 3 young (3072K), 3 survivors (3072K)
 Metaspace       used 91163K, capacity 93261K, committed 93516K, reserved 1130496K
  class space    used 11889K, capacity 12661K, committed 12672K, reserved 1048576K
}
Event: 14.393 GC heap before
{Heap before GC invocations=28 (full 0):
 garbage-first heap   total 227328K, used 188736K [0x0000000080000000, 0x0000000100000000)
  region size 1024K, 23 young (23552K), 3 survivors (3072K)
 Metaspace       used 91172K, capacity 93262K, committed 93516K, reserved 1130496K
  class space    used 11889K, capacity 12661K, committed 12672K, reserved 1048576K
}

