# JRE version: OpenJDK Runtime Environment (11.0.8+10) (build 11.0.8+10-b944.6842174)
# Java VM: OpenJDK 64-Bit Server VM (11.0.8+10-b944.6842174, mixed mode, tiered, compressed oops, g1 gc, windows-amd64)
Heap:
 garbage-first heap   total 157696K, used 70735K [0x0000000080000000, 0x0000000100000000)
  region size 1024K, 7 young (7168K), 4 survivors (4096K)
 Metaspace       used 53855K, capacity 55425K, committed 55548K, reserved 1097728K
  class space    used 6787K, capacity 7259K, committed 7296K, reserved 1048576K
GC Heap History (20 events):
Event: 2.315 GC heap before
{Heap before GC invocations=1 (full 0):
 garbage-first heap   total 131072K, used 82114K [0x0000000080000000, 0x0000000100000000)
  region size 1024K, 76 young (77824K), 3 survivors (3072K)
 Metaspace       used 18979K, capacity 19474K, committed 19712K, reserved 1067008K
  class space    used 2292K, capacity 2469K, committed 2560K, reserved 1048576K
}
Event: 2.321 GC heap after
{Heap after GC invocations=2 (full 0):
 garbage-first heap   total 131072K, used 15394K [0x0000000080000000, 0x0000000100000000)
  region size 1024K, 10 young (10240K), 10 survivors (10240K)
 Metaspace       used 18979K, capacity 19474K, committed 19712K, reserved 1067008K
  class space    used 2292K, capacity 2469K, committed 2560K, reserved 1048576K
}
Event: 2.438 GC heap before
{Heap before GC invocations=2 (full 0):
 garbage-first heap   total 131072K, used 26658K [0x0000000080000000, 0x0000000100000000)
  region size 1024K, 22 young (22528K), 10 survivors (10240K)
 Metaspace       used 20576K, capacity 21140K, committed 21296K, reserved 1069056K
  class space    used 2516K, capacity 2688K, committed 2688K, reserved 1048576K
}
Event: 2.445 GC heap after
{Heap after GC invocations=3 (full 0):
 garbage-first heap   total 131072K, used 16455K [0x0000000080000000, 0x0000000100000000)
  region size 1024K, 1 young (1024K), 1 survivors (1024K)
 Metaspace       used 20576K, capacity 21140K, committed 21296K, reserved 1069056K
  class space    used 2516K, capacity 2688K, committed 2688K, reserved 1048576K
}
Event: 2.879 GC heap before
{Heap before GC invocations=4 (full 0):
 garbage-first heap   total 131072K, used 68679K [0x0000000080000000, 0x0000000100000000)
  region size 1024K, 50 young (51200K), 1 survivors (1024K)
 Metaspace       used 25904K, capacity 26632K, committed 26928K, reserved 1073152K
  class space    used 3375K, capacity 3605K, committed 3712K, reserved 1048576K
}
Event: 2.882 GC heap after
{Heap after GC invocations=5 (full 0):
 garbage-first heap   total 131072K, used 20940K [0x0000000080000000, 0x0000000100000000)
  region size 1024K, 4 young (4096K), 4 survivors (4096K)
 Metaspace       used 25904K, capacity 26632K, committed 26928K, reserved 1073152K
  class space    used 3375K, capacity 3605K, committed 3712K, reserved 1048576K
}
Event: 3.378 GC heap before
{Heap before GC invocations=5 (full 0):
 garbage-first heap   total 131072K, used 81356K [0x0000000080000000, 0x0000000100000000)
  region size 1024K, 56 young (57344K), 4 survivors (4096K)
 Metaspace       used 33067K, capacity 33781K, committed 33968K, reserved 1079296K
  class space    used 4324K, capacity 4603K, committed 4608K, reserved 1048576K
}
Event: 3.382 GC heap after
{Heap after GC invocations=6 (full 0):
 garbage-first heap   total 131072K, used 33008K [0x0000000080000000, 0x0000000100000000)
  region size 1024K, 7 young (7168K), 7 survivors (7168K)
 Metaspace       used 33067K, capacity 33781K, committed 33968K, reserved 1079296K
  class space    used 4324K, capacity 4603K, committed 4608K, reserved 1048576K
}
Event: 3.422 GC heap before
{Heap before GC invocations=6 (full 0):
 garbage-first heap   total 131072K, used 34032K [0x0000000080000000, 0x0000000100000000)
  region size 1024K, 9 young (9216K), 7 survivors (7168K)
 Metaspace       used 34807K, capacity 35581K, committed 35708K, reserved 1081344K
  class space    used 4519K, capacity 4799K, committed 4864K, reserved 1048576K
}
Event: 3.429 GC heap after
{Heap after GC invocations=7 (full 0):
 garbage-first heap   total 131072K, used 33914K [0x0000000080000000, 0x0000000100000000)
  region size 1024K, 5 young (5120K), 5 survivors (5120K)
 Metaspace       used 34807K, capacity 35581K, committed 35708K, reserved 1081344K
  class space    used 4519K, capacity 4799K, committed 4864K, reserved 1048576K
}
Event: 3.819 GC heap before
{Heap before GC invocations=8 (full 0):
 garbage-first heap   total 131072K, used 71802K [0x0000000080000000, 0x0000000100000000)
  region size 1024K, 40 young (40960K), 5 survivors (5120K)
 Metaspace       used 39438K, capacity 40391K, committed 40700K, reserved 1085440K
  class space    used 5047K, capacity 5382K, committed 5504K, reserved 1048576K
}
Event: 3.824 GC heap after
{Heap after GC invocations=9 (full 0):
 garbage-first heap   total 131072K, used 35696K [0x0000000080000000, 0x0000000100000000)
  region size 1024K, 3 young (3072K), 3 survivors (3072K)
 Metaspace       used 39438K, capacity 40391K, committed 40700K, reserved 1085440K
  class space    used 5047K, capacity 5382K, committed 5504K, reserved 1048576K
}
Event: 4.360 GC heap before
{Heap before GC invocations=9 (full 0):
 garbage-first heap   total 131072K, used 81776K [0x0000000080000000, 0x0000000100000000)
  region size 1024K, 41 young (41984K), 3 survivors (3072K)
 Metaspace       used 42469K, capacity 43632K, committed 43900K, reserved 1087488K
  class space    used 5373K, capacity 5772K, committed 5888K, reserved 1048576K
}
Event: 4.365 GC heap after
{Heap after GC invocations=10 (full 0):
 garbage-first heap   total 157696K, used 47439K [0x0000000080000000, 0x0000000100000000)
  region size 1024K, 6 young (6144K), 6 survivors (6144K)
 Metaspace       used 42469K, capacity 43632K, committed 43900K, reserved 1087488K
  class space    used 5373K, capacity 5772K, committed 5888K, reserved 1048576K
}
Event: 4.876 GC heap before
{Heap before GC invocations=10 (full 0):
 garbage-first heap   total 157696K, used 94543K [0x0000000080000000, 0x0000000100000000)
  region size 1024K, 52 young (53248K), 6 survivors (6144K)
 Metaspace       used 45384K, capacity 46662K, committed 46844K, reserved 1089536K
  class space    used 5861K, capacity 6269K, committed 6272K, reserved 1048576K
}
Event: 4.883 GC heap after
{Heap after GC invocations=11 (full 0):
 garbage-first heap   total 157696K, used 50649K [0x0000000080000000, 0x0000000100000000)
  region size 1024K, 4 young (4096K), 4 survivors (4096K)
 Metaspace       used 45384K, capacity 46662K, committed 46844K, reserved 1089536K
  class space    used 5861K, capacity 6269K, committed 6272K, reserved 1048576K
}
Event: 5.526 GC heap before
{Heap before GC invocations=11 (full 0):
 garbage-first heap   total 157696K, used 104921K [0x0000000080000000, 0x0000000100000000)
  region size 1024K, 51 young (52224K), 4 survivors (4096K)
 Metaspace       used 47162K, capacity 48530K, committed 48636K, reserved 1091584K
  class space    used 6054K, capacity 6478K, committed 6528K, reserved 1048576K
}
Event: 5.531 GC heap after
{Heap after GC invocations=12 (full 0):
 garbage-first heap   total 157696K, used 65414K [0x0000000080000000, 0x0000000100000000)
  region size 1024K, 7 young (7168K), 7 survivors (7168K)
 Metaspace       used 47162K, capacity 48530K, committed 48636K, reserved 1091584K
  class space    used 6054K, capacity 6478K, committed 6528K, reserved 1048576K
}
Event: 6.188 GC heap before
{Heap before GC invocations=12 (full 0):
 garbage-first heap   total 157696K, used 109446K [0x0000000080000000, 0x0000000100000000)
  region size 1024K, 50 young (51200K), 7 survivors (7168K)
 Metaspace       used 53518K, capacity 55035K, committed 55292K, reserved 1097728K
  class space    used 6737K, capacity 7193K, committed 7296K, reserved 1048576K
}
Event: 6.193 GC heap after
{Heap after GC invocations=13 (full 0):
 garbage-first heap   total 157696K, used 68687K [0x0000000080000000, 0x0000000100000000)
  region size 1024K, 4 young (4096K), 4 survivors (4096K)
 Metaspace       used 53518K, capacity 55035K, committed 55292K, reserved 1097728K
  class space    used 6737K, capacity 7193K, committed 7296K, reserved 1048576K
}

